origin: 0.065135 compressed: 0.000115 ratio: 0.030356 mecstime: 0.091858
origin: 0.064596 compressed: 0.000189 ratio: 0.052196 mecstime: 0.254998
origin: 0.063825 compressed: 0.000267 ratio: 0.077209 mecstime: 0.383262
origin: 0.064648 compressed: 0.000314 ratio: 0.102171 mecstime: 0.738623
origin: 0.066290 compressed: 0.000376 ratio: 0.129384 mecstime: 0.816967
origin: 0.064049 compressed: 0.000411 ratio: 0.149246 mecstime: 1.152043
origin: 0.064484 compressed: 0.000464 ratio: 0.169632 mecstime: 1.407067
origin: 0.065416 compressed: 0.000489 ratio: 0.190446 mecstime: 1.801019
origin: 0.063328 compressed: 0.000509 ratio: 0.203084 mecstime: 2.038023
origin: 0.064335 compressed: 0.000535 ratio: 0.217667 mecstime: 2.375743
origin: 0.063640 compressed: 0.000579 ratio: 0.240551 mecstime: 2.218675
origin: 0.066621 compressed: 0.000626 ratio: 0.255021 mecstime: 2.842335
origin: 0.066884 compressed: 0.000641 ratio: 0.272687 mecstime: 2.521614
origin: 0.069392 compressed: 0.000686 ratio: 0.292364 mecstime: 2.751682
origin: 0.068001 compressed: 0.000708 ratio: 0.301213 mecstime: 2.810451
origin: 0.071775 compressed: 0.000721 ratio: 0.315361 mecstime: 2.423365
origin: 0.068939 compressed: 0.000724 ratio: 0.333192 mecstime: 2.658931
origin: 0.063493 compressed: 0.000682 ratio: 0.328905 mecstime: 2.169561
origin: 0.064058 compressed: 0.000697 ratio: 0.342414 mecstime: 1.994371
origin: 0.064158 compressed: 0.000713 ratio: 0.348588 mecstime: 1.948507
