origin: 16.900000 compressed: 4.400000 ratio: 0.264269 mecstime: 0.031420
origin: 30.100000 compressed: 8.500000 ratio: 0.284234 mecstime: 0.052961
origin: 41.400000 compressed: 11.400000 ratio: 0.274347 mecstime: 0.079312
origin: 47.400000 compressed: 13.900000 ratio: 0.293424 mecstime: 0.106548
origin: 52.000000 compressed: 16.700000 ratio: 0.322059 mecstime: 0.129739
origin: 53.700000 compressed: 17.100000 ratio: 0.317903 mecstime: 0.144816
origin: 57.000000 compressed: 19.700000 ratio: 0.345179 mecstime: 0.164653
origin: 62.100000 compressed: 23.800000 ratio: 0.384036 mecstime: 0.192848
origin: 62.900000 compressed: 24.500000 ratio: 0.390448 mecstime: 0.203001
origin: 64.800000 compressed: 27.100000 ratio: 0.418536 mecstime: 0.222692
origin: 66.000000 compressed: 28.200000 ratio: 0.427241 mecstime: 0.234448
origin: 67.000000 compressed: 28.200000 ratio: 0.421641 mecstime: 0.248177
origin: 68.900000 compressed: 28.900000 ratio: 0.419373 mecstime: 0.270638
origin: 69.200000 compressed: 31.400000 ratio: 0.453427 mecstime: 0.280840
origin: 69.500000 compressed: 31.100000 ratio: 0.448293 mecstime: 0.293198
origin: 71.100000 compressed: 35.300000 ratio: 0.495948 mecstime: 0.305095
origin: 70.700000 compressed: 33.800000 ratio: 0.477942 mecstime: 0.323319
origin: 71.000000 compressed: 35.200000 ratio: 0.495233 mecstime: 0.330545
origin: 71.600000 compressed: 37.100000 ratio: 0.518528 mecstime: 0.348273
origin: 71.400000 compressed: 38.600000 ratio: 0.540051 mecstime: 0.357525
