origin: 17.600000 compressed: 4.600000 ratio: 0.264815 mecstime: 0.078757
origin: 30.400000 compressed: 8.400000 ratio: 0.277289 mecstime: 0.135286
origin: 40.600000 compressed: 11.300000 ratio: 0.280008 mecstime: 0.184456
origin: 47.600000 compressed: 14.600000 ratio: 0.306221 mecstime: 0.261857
origin: 52.300000 compressed: 15.800000 ratio: 0.303442 mecstime: 0.279354
origin: 56.400000 compressed: 17.800000 ratio: 0.315221 mecstime: 0.339075
origin: 57.500000 compressed: 17.900000 ratio: 0.310350 mecstime: 0.363348
origin: 61.200000 compressed: 21.200000 ratio: 0.347083 mecstime: 0.416936
origin: 64.100000 compressed: 22.900000 ratio: 0.357560 mecstime: 0.457600
origin: 64.800000 compressed: 23.000000 ratio: 0.354512 mecstime: 0.498337
origin: 65.400000 compressed: 24.200000 ratio: 0.370148 mecstime: 0.501480
origin: 67.300000 compressed: 24.100000 ratio: 0.358154 mecstime: 0.567279
origin: 68.800000 compressed: 26.300000 ratio: 0.382284 mecstime: 0.597922
origin: 69.000000 compressed: 27.600000 ratio: 0.400202 mecstime: 0.619989
origin: 70.200000 compressed: 25.900000 ratio: 0.369107 mecstime: 0.653599
origin: 70.600000 compressed: 28.100000 ratio: 0.397778 mecstime: 0.699797
origin: 70.600000 compressed: 29.600000 ratio: 0.419123 mecstime: 0.752866
origin: 71.900000 compressed: 29.700000 ratio: 0.413229 mecstime: 0.767898
origin: 71.800000 compressed: 30.000000 ratio: 0.418438 mecstime: 0.827951
origin: 71.800000 compressed: 30.200000 ratio: 0.420667 mecstime: 0.843247
