5 106.629000 48.142000 31.420000 36.890000 
10 204.927000 95.045000 52.961000 45.002000 
15 281.446000 135.355000 79.312000 66.918000 
20 367.293000 178.237000 106.548000 84.883000 
25 443.435000 223.656000 129.739000 110.313000 
30 508.209000 267.893000 144.816000 129.158000 
35 597.720000 304.515000 164.653000 144.764000 
40 658.147000 339.097000 192.848000 162.785000 
45 707.873000 369.710000 203.001000 175.006000 
50 747.088000 407.924000 222.692000 179.970000 
55 810.373000 437.635000 234.448000 205.221000 
60 875.282000 457.038000 248.177000 222.640000 
65 891.875000 473.726000 270.638000 224.657000 
70 937.318000 502.125000 280.840000 237.722000 
75 979.966000 505.600000 293.198000 249.839000 
80 1043.735000 554.889000 305.095000 267.995000 
85 1103.794000 556.841000 323.319000 274.107000 
90 1098.346000 600.409000 330.545000 289.549000 
95 1178.291000 628.964000 348.273000 294.104000 
100 1222.578000 642.678000 357.525000 311.647000 
