origin: 71.100000 compressed: 28.900000 ratio: 0.406471 mecstime: 0.229531
origin: 29.900000 compressed: 8.900000 ratio: 0.299082 mecstime: 0.041532
origin: 39.800000 compressed: 10.900000 ratio: 0.275456 mecstime: 0.056982
origin: 45.100000 compressed: 13.100000 ratio: 0.290844 mecstime: 0.068021
origin: 50.400000 compressed: 14.400000 ratio: 0.287508 mecstime: 0.077597
origin: 56.700000 compressed: 17.200000 ratio: 0.303525 mecstime: 0.093242
origin: 57.500000 compressed: 17.000000 ratio: 0.296028 mecstime: 0.097737
origin: 61.700000 compressed: 20.300000 ratio: 0.329191 mecstime: 0.117026
origin: 64.200000 compressed: 20.700000 ratio: 0.322804 mecstime: 0.129513
origin: 64.500000 compressed: 22.200000 ratio: 0.345822 mecstime: 0.136788
origin: 67.500000 compressed: 22.000000 ratio: 0.325372 mecstime: 0.156073
origin: 17.200000 compressed: 4.400000 ratio: 0.255443 mecstime: 0.027142
origin: 67.700000 compressed: 24.200000 ratio: 0.357768 mecstime: 0.159683
origin: 68.600000 compressed: 25.300000 ratio: 0.368884 mecstime: 0.167793
origin: 68.900000 compressed: 25.100000 ratio: 0.364484 mecstime: 0.178025
origin: 69.800000 compressed: 25.500000 ratio: 0.365159 mecstime: 0.186439
origin: 69.800000 compressed: 27.600000 ratio: 0.395736 mecstime: 0.191642
origin: 70.100000 compressed: 28.200000 ratio: 0.402125 mecstime: 0.206305
origin: 71.300000 compressed: 29.100000 ratio: 0.408151 mecstime: 0.223211
origin: 71.600000 compressed: 30.000000 ratio: 0.419200 mecstime: 0.224255
