origin: 71.600000 compressed: 71.500000 ratio: 0.998611 mecstime: 0.000701
origin: 29.900000 compressed: 25.000000 ratio: 0.837230 mecstime: 0.000178
origin: 38.300000 compressed: 34.600000 ratio: 0.901884 mecstime: 0.000240
origin: 46.800000 compressed: 42.200000 ratio: 0.902552 mecstime: 0.000323
origin: 50.300000 compressed: 47.200000 ratio: 0.939700 mecstime: 0.000361
origin: 55.600000 compressed: 53.200000 ratio: 0.957623 mecstime: 0.000419
origin: 58.000000 compressed: 56.200000 ratio: 0.968971 mecstime: 0.000442
origin: 61.300000 compressed: 59.400000 ratio: 0.969574 mecstime: 0.000493
origin: 63.300000 compressed: 62.200000 ratio: 0.982553 mecstime: 0.000523
origin: 65.000000 compressed: 64.300000 ratio: 0.989506 mecstime: 0.000571
origin: 67.000000 compressed: 66.300000 ratio: 0.989538 mecstime: 0.000573
origin: 18.300000 compressed: 13.600000 ratio: 0.745270 mecstime: 0.000110
origin: 66.500000 compressed: 66.200000 ratio: 0.995606 mecstime: 0.000570
origin: 69.200000 compressed: 68.900000 ratio: 0.995688 mecstime: 0.000623
origin: 68.700000 compressed: 68.500000 ratio: 0.997058 mecstime: 0.000614
origin: 69.400000 compressed: 69.300000 ratio: 0.998571 mecstime: 0.000638
origin: 70.700000 compressed: 70.600000 ratio: 0.998571 mecstime: 0.000658
origin: 70.800000 compressed: 70.800000 ratio: 1.000000 mecstime: 0.000663
origin: 71.800000 compressed: 71.800000 ratio: 1.000000 mecstime: 0.000691
origin: 71.700000 compressed: 71.700000 ratio: 1.000000 mecstime: 0.000698
