5 0.249724 0.225641 0.239838 
10 0.266445 0.273197 0.284160 
15 0.300483 0.312197 0.289438 
20 0.293831 0.317519 0.319956 
25 0.316843 0.321552 0.331686 
30 0.344225 0.347933 0.339763 
35 0.353846 0.366899 0.365512 
40 0.374119 0.379436 0.370337 
45 0.399920 0.386837 0.384727 
50 0.401444 0.421940 0.391827 
55 0.426404 0.454371 0.382258 
60 0.451732 0.432655 0.418983 
65 0.469545 0.440714 0.432761 
70 0.440024 0.443499 0.416970 
75 0.510827 0.483352 0.489456 
80 0.484025 0.486939 0.478647 
85 0.485831 0.499029 0.509083 
90 0.511855 0.499850 0.486163 
95 0.509720 0.518112 0.525727 
100 0.501824 0.536663 0.521556 
