5 86.065000 63.456000 36.890000 
10 161.551000 124.874000 45.002000 
15 238.216000 158.921000 66.918000 
20 323.768000 232.115000 84.883000 
25 400.203000 280.379000 110.313000 
30 468.492000 323.920000 129.158000 
35 538.004000 368.870000 144.764000 
40 608.279000 382.588000 162.785000 
45 648.157000 440.897000 175.006000 
50 691.681000 472.313000 179.970000 
55 747.803000 502.787000 205.221000 
60 802.546000 510.024000 222.640000 
65 851.334000 542.480000 224.657000 
70 879.828000 556.281000 237.722000 
75 913.754000 610.381000 249.839000 
80 931.740000 612.354000 267.995000 
85 1005.470000 635.290000 274.107000 
90 1033.985000 668.257000 289.549000 
95 1118.085000 719.082000 294.104000 
100 1180.605000 707.736000 311.647000 
