flow#: 5 origin: 18.100000 compressed: 4.300000 ratio: 0.236488 mecstime: 0.083810
flow#: 10 origin: 29.500000 compressed: 7.400000 ratio: 0.250496 mecstime: 0.175315
flow#: 15 origin: 38.850000 compressed: 9.850000 ratio: 0.254298 mecstime: 0.264414
flow#: 20 origin: 46.900000 compressed: 12.750000 ratio: 0.272561 mecstime: 0.353022
flow#: 25 origin: 51.050000 compressed: 14.000000 ratio: 0.273576 mecstime: 0.421519
flow#: 30 origin: 55.300000 compressed: 15.250000 ratio: 0.276278 mecstime: 0.505388
flow#: 35 origin: 58.750000 compressed: 17.250000 ratio: 0.293771 mecstime: 0.599283
flow#: 40 origin: 60.800000 compressed: 17.800000 ratio: 0.292815 mecstime: 0.654667
flow#: 45 origin: 63.800000 compressed: 18.750000 ratio: 0.293875 mecstime: 0.750330
flow#: 50 origin: 65.450000 compressed: 19.400000 ratio: 0.296718 mecstime: 0.819603
flow#: 55 origin: 66.350000 compressed: 19.900000 ratio: 0.299826 mecstime: 0.901147
flow#: 60 origin: 68.294118 compressed: 20.941176 ratio: 0.306542 mecstime: 0.975908
flow#: 65 origin: 67.200000 compressed: 20.500000 ratio: 0.305704 mecstime: 1.056286
flow#: 70 origin: 69.100000 compressed: 21.600000 ratio: 0.312039 mecstime: 1.142495
flow#: 75 origin: 70.000000 compressed: 21.900000 ratio: 0.313066 mecstime: 1.197497
flow#: 80 origin: 69.900000 compressed: 21.800000 ratio: 0.311818 mecstime: 1.213466
flow#: 85 origin: 71.000000 compressed: 22.300000 ratio: 0.313408 mecstime: 1.262337
flow#: 90 origin: 72.000000 compressed: 24.000000 ratio: 0.333378 mecstime: 1.396653
flow#: 95 origin: 71.700000 compressed: 23.800000 ratio: 0.332088 mecstime: 1.434375
flow#: 100 origin: 71.700000 compressed: 24.700000 ratio: 0.344709 mecstime: 1.522770
