5 0.416004 0.421089 0.409361 0.407494 
10 0.283288 0.267514 0.291425 0.270684 
15 0.282440 0.285563 0.289097 0.285709 
20 0.284839 0.287525 0.308115 0.300636 
25 0.299018 0.304173 0.302334 0.286379 
30 0.301882 0.326294 0.319282 0.316232 
35 0.288763 0.323018 0.319228 0.301148 
40 0.322851 0.321349 0.320663 0.318165 
45 0.335764 0.357389 0.346714 0.305741 
50 0.313869 0.333383 0.334333 0.317619 
55 0.348761 0.357459 0.352305 0.360743 
60 0.256715 0.270471 0.265614 0.257737 
65 0.364886 0.364598 0.366074 0.345855 
70 0.359793 0.401488 0.363587 0.344310 
75 0.331102 0.371311 0.384550 0.377714 
80 0.386845 0.354068 0.381148 0.363015 
85 0.376021 0.404294 0.390267 0.385539 
90 0.365180 0.397996 0.383707 0.384275 
95 0.376390 0.397420 0.403636 0.399684 
100 0.398727 0.421877 0.410111 0.422611 
