5 135.457000 43.385000 31.169000 28.057000 
10 165.761000 86.465000 43.816000 41.093000 
15 224.884000 110.581000 62.102000 56.441000 
20 281.593000 147.975000 78.028000 69.281000 
25 333.407000 166.269000 94.617000 79.951000 
30 407.586000 202.176000 106.202000 90.966000 
35 433.228000 216.537000 128.958000 102.430000 
40 482.501000 236.648000 135.026000 119.149000 
45 502.747000 258.941000 159.583000 129.335000 
50 561.846000 286.159000 163.405000 135.023000 
55 609.222000 317.685000 181.904000 152.453000 
60 605.375000 344.054000 184.370000 159.814000 
65 665.490000 359.674000 203.576000 166.785000 
70 689.185000 386.776000 214.097000 180.425000 
75 733.187000 392.216000 224.181000 191.368000 
80 789.022000 415.932000 238.600000 196.797000 
85 852.033000 444.351000 245.007000 208.056000 
90 821.904000 463.002000 255.259000 219.946000 
95 884.621000 477.494000 270.058000 232.266000 
100 940.047000 490.464000 273.981000 235.431000 
