origin: 8 compressed: 5 ratio: 0.625 time: 0.043508291244506836
origin: 7 compressed: 6 ratio: 0.8571428571428571 time: 0.018061399459838867
origin: 7 compressed: 5 ratio: 0.7142857142857143 time: 0.018092870712280273
origin: 7 compressed: 4 ratio: 0.5714285714285714 time: 0.022073030471801758
origin: 7 compressed: 5 ratio: 0.7142857142857143 time: 0.05067849159240723
origin: 7 compressed: 4 ratio: 0.5714285714285714 time: 0.023016691207885742
origin: 8 compressed: 6 ratio: 0.75 time: 0.024013519287109375
origin: 8 compressed: 4 ratio: 0.5 time: 0.022316455841064453
origin: 8 compressed: 3 ratio: 0.375 time: 0.022815704345703125
origin: 8 compressed: 6 ratio: 0.75 time: 0.02689337730407715
origin: 8 compressed: 5 ratio: 0.625 time: 0.024435997009277344
origin: 8 compressed: 5 ratio: 0.625 time: 0.021380186080932617
origin: 7 compressed: 6 ratio: 0.8571428571428571 time: 0.024914979934692383
origin: 7 compressed: 4 ratio: 0.5714285714285714 time: 0.02274346351623535
origin: 8 compressed: 5 ratio: 0.625 time: 0.024178504943847656
origin: 7 compressed: 4 ratio: 0.5714285714285714 time: 0.021875858306884766
origin: 7 compressed: 6 ratio: 0.8571428571428571 time: 0.020910024642944336
origin: 8 compressed: 6 ratio: 0.75 time: 0.02833700180053711
origin: 8 compressed: 4 ratio: 0.5 time: 0.026212453842163086
origin: 7 compressed: 6 ratio: 0.8571428571428571 time: 0.02372264862060547
origin: 7 compressed: 5 ratio: 0.7142857142857143 time: 0.022329330444335938
origin: 8 compressed: 5 ratio: 0.625 time: 0.023054838180541992
origin: 7 compressed: 6 ratio: 0.8571428571428571 time: 0.023957252502441406
origin: 8 compressed: 5 ratio: 0.625 time: 0.025271177291870117
origin: 7 compressed: 4 ratio: 0.5714285714285714 time: 0.021702289581298828
origin: 8 compressed: 6 ratio: 0.75 time: 0.022635698318481445
origin: 8 compressed: 6 ratio: 0.75 time: 0.025192975997924805
origin: 8 compressed: 4 ratio: 0.5 time: 0.024107694625854492
origin: 7 compressed: 4 ratio: 0.5714285714285714 time: 0.022139549255371094
origin: 7 compressed: 6 ratio: 0.8571428571428571 time: 0.022721529006958008
origin: 7 compressed: 5 ratio: 0.7142857142857143 time: 0.022577524185180664
origin: 8 compressed: 3 ratio: 0.375 time: 0.022104978561401367
origin: 8 compressed: 4 ratio: 0.5 time: 0.022444486618041992
origin: 7 compressed: 5 ratio: 0.7142857142857143 time: 0.021111726760864258
origin: 8 compressed: 3 ratio: 0.375 time: 0.024694204330444336
origin: 7 compressed: 5 ratio: 0.7142857142857143 time: 0.024242162704467773
origin: 7 compressed: 6 ratio: 0.8571428571428571 time: 0.025948762893676758
origin: 8 compressed: 5 ratio: 0.625 time: 0.026638269424438477
origin: 7 compressed: 5 ratio: 0.7142857142857143 time: 0.02199101448059082
origin: 7 compressed: 4 ratio: 0.5714285714285714 time: 0.025842905044555664
origin: 7 compressed: 5 ratio: 0.7142857142857143 time: 0.021959543228149414
origin: 7 compressed: 5 ratio: 0.7142857142857143 time: 0.0241849422454834
origin: 8 compressed: 6 ratio: 0.75 time: 0.025625228881835938
origin: 7 compressed: 6 ratio: 0.8571428571428571 time: 0.02298116683959961
origin: 7 compressed: 5 ratio: 0.7142857142857143 time: 0.024621009826660156
origin: 7 compressed: 2 ratio: 0.2857142857142857 time: 0.020988941192626953
origin: 7 compressed: 4 ratio: 0.5714285714285714 time: 0.02103734016418457
origin: 7 compressed: 5 ratio: 0.7142857142857143 time: 0.021550416946411133
origin: 7 compressed: 3 ratio: 0.42857142857142855 time: 0.021834135055541992
origin: 5 compressed: 5 ratio: 1.0 time: 0.01835155487060547
origin: 8 compressed: 4 ratio: 0.5 time: 0.02265787124633789
origin: 8 compressed: 5 ratio: 0.625 time: 0.02540135383605957
origin: 7 compressed: 5 ratio: 0.7142857142857143 time: 0.021083831787109375
origin: 7 compressed: 4 ratio: 0.5714285714285714 time: 0.02075791358947754
origin: 8 compressed: 5 ratio: 0.625 time: 0.025061607360839844
origin: 7 compressed: 5 ratio: 0.7142857142857143 time: 0.021728038787841797
origin: 7 compressed: 6 ratio: 0.8571428571428571 time: 0.021764278411865234
origin: 8 compressed: 5 ratio: 0.625 time: 0.024523019790649414
origin: 7 compressed: 6 ratio: 0.8571428571428571 time: 0.020832061767578125
origin: 8 compressed: 5 ratio: 0.625 time: 0.023967504501342773
origin: 6 compressed: 5 ratio: 0.8333333333333334 time: 0.019752979278564453
origin: 7 compressed: 6 ratio: 0.8571428571428571 time: 0.023510456085205078
origin: 7 compressed: 4 ratio: 0.5714285714285714 time: 0.0236971378326416
origin: 7 compressed: 5 ratio: 0.7142857142857143 time: 0.02111673355102539
origin: 5 compressed: 5 ratio: 1.0 time: 0.017875194549560547
origin: 7 compressed: 4 ratio: 0.5714285714285714 time: 0.02123260498046875
origin: 7 compressed: 6 ratio: 0.8571428571428571 time: 0.02151179313659668
origin: 6 compressed: 5 ratio: 0.8333333333333334 time: 0.018878936767578125
origin: 8 compressed: 6 ratio: 0.75 time: 0.022510766983032227
origin: 8 compressed: 6 ratio: 0.75 time: 0.022928953170776367
origin: 8 compressed: 4 ratio: 0.5 time: 0.023973464965820312
origin: 7 compressed: 5 ratio: 0.7142857142857143 time: 0.023326873779296875
origin: 7 compressed: 4 ratio: 0.5714285714285714 time: 0.022724390029907227
origin: 7 compressed: 6 ratio: 0.8571428571428571 time: 0.02017998695373535
origin: 8 compressed: 6 ratio: 0.75 time: 0.023171186447143555
origin: 7 compressed: 5 ratio: 0.7142857142857143 time: 0.020574092864990234
origin: 7 compressed: 4 ratio: 0.5714285714285714 time: 0.02068042755126953
origin: 7 compressed: 3 ratio: 0.42857142857142855 time: 0.021338701248168945
origin: 8 compressed: 3 ratio: 0.375 time: 0.02324652671813965
origin: 7 compressed: 5 ratio: 0.7142857142857143 time: 0.02230358123779297
origin: 8 compressed: 5 ratio: 0.625 time: 0.021899700164794922
origin: 7 compressed: 5 ratio: 0.7142857142857143 time: 0.02167487144470215
origin: 7 compressed: 5 ratio: 0.7142857142857143 time: 0.023334026336669922
origin: 7 compressed: 5 ratio: 0.7142857142857143 time: 0.02369093894958496
origin: 8 compressed: 4 ratio: 0.5 time: 0.023507356643676758
origin: 7 compressed: 5 ratio: 0.7142857142857143 time: 0.02395319938659668
origin: 7 compressed: 5 ratio: 0.7142857142857143 time: 0.02373051643371582
origin: 7 compressed: 6 ratio: 0.8571428571428571 time: 0.02202129364013672
origin: 8 compressed: 5 ratio: 0.625 time: 0.02409672737121582
origin: 7 compressed: 4 ratio: 0.5714285714285714 time: 0.02391195297241211
origin: 7 compressed: 5 ratio: 0.7142857142857143 time: 0.02325272560119629
origin: 8 compressed: 4 ratio: 0.5 time: 0.02443385124206543
origin: 7 compressed: 6 ratio: 0.8571428571428571 time: 0.021526575088500977
origin: 7 compressed: 5 ratio: 0.7142857142857143 time: 0.02358269691467285
origin: 7 compressed: 6 ratio: 0.8571428571428571 time: 0.02276325225830078
origin: 7 compressed: 6 ratio: 0.8571428571428571 time: 0.022490739822387695
origin: 7 compressed: 4 ratio: 0.5714285714285714 time: 0.022150039672851562
origin: 8 compressed: 5 ratio: 0.625 time: 0.02454853057861328
origin: 7 compressed: 4 ratio: 0.5714285714285714 time: 0.02411651611328125
origin: 7 compressed: 4 ratio: 0.5714285714285714 time: 0.0236818790435791
