origin: 13 compressed: 8 ratio: 0.6153846153846154 time: 0.047168731689453125
origin: 19 compressed: 4 ratio: 0.21052631578947367 time: 0.02762317657470703
origin: 14 compressed: 10 ratio: 0.7142857142857143 time: 0.027814626693725586
origin: 16 compressed: 5 ratio: 0.3125 time: 0.03425168991088867
origin: 16 compressed: 9 ratio: 0.5625 time: 0.029412508010864258
origin: 19 compressed: 8 ratio: 0.42105263157894735 time: 0.03416728973388672
origin: 16 compressed: 5 ratio: 0.3125 time: 0.024881362915039062
origin: 18 compressed: 7 ratio: 0.3888888888888889 time: 0.033078908920288086
origin: 19 compressed: 5 ratio: 0.2631578947368421 time: 0.03140974044799805
origin: 15 compressed: 7 ratio: 0.4666666666666667 time: 0.030270099639892578
origin: 14 compressed: 7 ratio: 0.5 time: 0.023940324783325195
origin: 14 compressed: 5 ratio: 0.35714285714285715 time: 0.027751445770263672
origin: 10 compressed: 4 ratio: 0.4 time: 0.0245058536529541
origin: 15 compressed: 12 ratio: 0.8 time: 0.029529809951782227
origin: 16 compressed: 6 ratio: 0.375 time: 0.035062313079833984
origin: 19 compressed: 9 ratio: 0.47368421052631576 time: 0.03942108154296875
origin: 16 compressed: 5 ratio: 0.3125 time: 0.02752208709716797
origin: 18 compressed: 6 ratio: 0.3333333333333333 time: 0.03279829025268555
origin: 19 compressed: 6 ratio: 0.3157894736842105 time: 0.03267073631286621
origin: 17 compressed: 6 ratio: 0.35294117647058826 time: 0.030874967575073242
origin: 17 compressed: 6 ratio: 0.35294117647058826 time: 0.028447628021240234
origin: 12 compressed: 6 ratio: 0.5 time: 0.025319576263427734
origin: 20 compressed: 8 ratio: 0.4 time: 0.03376603126525879
origin: 16 compressed: 8 ratio: 0.5 time: 0.028106212615966797
origin: 19 compressed: 6 ratio: 0.3157894736842105 time: 0.03363347053527832
origin: 17 compressed: 7 ratio: 0.4117647058823529 time: 0.030573129653930664
origin: 19 compressed: 5 ratio: 0.2631578947368421 time: 0.031728267669677734
origin: 17 compressed: 6 ratio: 0.35294117647058826 time: 0.029003620147705078
origin: 15 compressed: 6 ratio: 0.4 time: 0.02669501304626465
origin: 13 compressed: 4 ratio: 0.3076923076923077 time: 0.026050567626953125
origin: 14 compressed: 7 ratio: 0.5 time: 0.027252912521362305
origin: 14 compressed: 8 ratio: 0.5714285714285714 time: 0.029594898223876953
origin: 17 compressed: 3 ratio: 0.17647058823529413 time: 0.03012990951538086
origin: 17 compressed: 7 ratio: 0.4117647058823529 time: 0.031164169311523438
origin: 15 compressed: 8 ratio: 0.5333333333333333 time: 0.03001689910888672
origin: 13 compressed: 4 ratio: 0.3076923076923077 time: 0.0296478271484375
origin: 17 compressed: 7 ratio: 0.4117647058823529 time: 0.033727169036865234
origin: 13 compressed: 6 ratio: 0.46153846153846156 time: 0.028743743896484375
origin: 12 compressed: 8 ratio: 0.6666666666666666 time: 0.02579355239868164
origin: 17 compressed: 7 ratio: 0.4117647058823529 time: 0.03103804588317871
origin: 17 compressed: 7 ratio: 0.4117647058823529 time: 0.030061960220336914
origin: 12 compressed: 6 ratio: 0.5 time: 0.02863907814025879
origin: 13 compressed: 6 ratio: 0.46153846153846156 time: 0.026326417922973633
origin: 17 compressed: 11 ratio: 0.6470588235294118 time: 0.03298759460449219
origin: 17 compressed: 4 ratio: 0.23529411764705882 time: 0.027265548706054688
origin: 18 compressed: 6 ratio: 0.3333333333333333 time: 0.031129837036132812
origin: 16 compressed: 5 ratio: 0.3125 time: 0.026868343353271484
origin: 15 compressed: 5 ratio: 0.3333333333333333 time: 0.0316157341003418
origin: 17 compressed: 4 ratio: 0.23529411764705882 time: 0.0291287899017334
origin: 20 compressed: 7 ratio: 0.35 time: 0.030855655670166016
origin: 18 compressed: 7 ratio: 0.3888888888888889 time: 0.03329181671142578
origin: 15 compressed: 5 ratio: 0.3333333333333333 time: 0.026911497116088867
origin: 20 compressed: 6 ratio: 0.3 time: 0.03544473648071289
origin: 16 compressed: 3 ratio: 0.1875 time: 0.028188228607177734
origin: 18 compressed: 8 ratio: 0.4444444444444444 time: 0.035196542739868164
origin: 15 compressed: 8 ratio: 0.5333333333333333 time: 0.02399611473083496
origin: 16 compressed: 8 ratio: 0.5 time: 0.029700040817260742
origin: 16 compressed: 7 ratio: 0.4375 time: 0.03131604194641113
origin: 11 compressed: 8 ratio: 0.7272727272727273 time: 0.024924516677856445
origin: 15 compressed: 6 ratio: 0.4 time: 0.02912139892578125
origin: 12 compressed: 6 ratio: 0.5 time: 0.02720355987548828
origin: 13 compressed: 6 ratio: 0.46153846153846156 time: 0.029474496841430664
origin: 12 compressed: 6 ratio: 0.5 time: 0.026060819625854492
origin: 16 compressed: 9 ratio: 0.5625 time: 0.031464338302612305
origin: 20 compressed: 6 ratio: 0.3 time: 0.034166574478149414
origin: 14 compressed: 7 ratio: 0.5 time: 0.02901625633239746
origin: 17 compressed: 7 ratio: 0.4117647058823529 time: 0.028956174850463867
origin: 15 compressed: 9 ratio: 0.6 time: 0.026488304138183594
origin: 16 compressed: 6 ratio: 0.375 time: 0.031127452850341797
origin: 20 compressed: 6 ratio: 0.3 time: 0.032768964767456055
origin: 20 compressed: 8 ratio: 0.4 time: 0.03159594535827637
origin: 18 compressed: 9 ratio: 0.5 time: 0.027630090713500977
origin: 17 compressed: 7 ratio: 0.4117647058823529 time: 0.032062530517578125
origin: 14 compressed: 5 ratio: 0.35714285714285715 time: 0.027047395706176758
origin: 18 compressed: 5 ratio: 0.2777777777777778 time: 0.032726287841796875
origin: 16 compressed: 7 ratio: 0.4375 time: 0.029385805130004883
origin: 13 compressed: 9 ratio: 0.6923076923076923 time: 0.028612136840820312
origin: 17 compressed: 7 ratio: 0.4117647058823529 time: 0.03097820281982422
origin: 16 compressed: 7 ratio: 0.4375 time: 0.028340816497802734
origin: 16 compressed: 4 ratio: 0.25 time: 0.02857661247253418
origin: 18 compressed: 5 ratio: 0.2777777777777778 time: 0.0343165397644043
origin: 17 compressed: 4 ratio: 0.23529411764705882 time: 0.033301353454589844
origin: 15 compressed: 6 ratio: 0.4 time: 0.026886463165283203
origin: 17 compressed: 7 ratio: 0.4117647058823529 time: 0.029002666473388672
origin: 15 compressed: 8 ratio: 0.5333333333333333 time: 0.027158737182617188
origin: 15 compressed: 9 ratio: 0.6 time: 0.027643918991088867
origin: 16 compressed: 7 ratio: 0.4375 time: 0.030792236328125
origin: 14 compressed: 8 ratio: 0.5714285714285714 time: 0.03113532066345215
origin: 17 compressed: 7 ratio: 0.4117647058823529 time: 0.02993154525756836
origin: 12 compressed: 8 ratio: 0.6666666666666666 time: 0.025920629501342773
origin: 16 compressed: 7 ratio: 0.4375 time: 0.030890226364135742
origin: 17 compressed: 8 ratio: 0.47058823529411764 time: 0.03256654739379883
origin: 20 compressed: 5 ratio: 0.25 time: 0.03462076187133789
origin: 13 compressed: 5 ratio: 0.38461538461538464 time: 0.028658390045166016
origin: 11 compressed: 3 ratio: 0.2727272727272727 time: 0.023148775100708008
origin: 16 compressed: 4 ratio: 0.25 time: 0.029624462127685547
origin: 18 compressed: 8 ratio: 0.4444444444444444 time: 0.03263568878173828
origin: 20 compressed: 6 ratio: 0.3 time: 0.0312044620513916
origin: 19 compressed: 8 ratio: 0.42105263157894735 time: 0.03257036209106445
origin: 13 compressed: 7 ratio: 0.5384615384615384 time: 0.024892807006835938
