origin: 16 compressed: 6 ratio: 0.375 time: 0.04452204704284668
origin: 16 compressed: 4 ratio: 0.25 time: 0.029885530471801758
origin: 19 compressed: 9 ratio: 0.47368421052631576 time: 0.031058073043823242
origin: 15 compressed: 5 ratio: 0.3333333333333333 time: 0.03327798843383789
origin: 20 compressed: 8 ratio: 0.4 time: 0.03701424598693848
origin: 21 compressed: 5 ratio: 0.23809523809523808 time: 0.036130666732788086
origin: 15 compressed: 7 ratio: 0.4666666666666667 time: 0.029832124710083008
origin: 16 compressed: 7 ratio: 0.4375 time: 0.026028871536254883
origin: 17 compressed: 5 ratio: 0.29411764705882354 time: 0.028525114059448242
origin: 13 compressed: 8 ratio: 0.6153846153846154 time: 0.028685808181762695
origin: 16 compressed: 7 ratio: 0.4375 time: 0.030317306518554688
origin: 20 compressed: 8 ratio: 0.4 time: 0.03315162658691406
origin: 22 compressed: 8 ratio: 0.36363636363636365 time: 0.03568601608276367
origin: 17 compressed: 5 ratio: 0.29411764705882354 time: 0.03225207328796387
origin: 22 compressed: 9 ratio: 0.4090909090909091 time: 0.03651165962219238
origin: 16 compressed: 6 ratio: 0.375 time: 0.026816129684448242
origin: 17 compressed: 6 ratio: 0.35294117647058826 time: 0.03095722198486328
origin: 18 compressed: 6 ratio: 0.3333333333333333 time: 0.032872915267944336
origin: 16 compressed: 7 ratio: 0.4375 time: 0.03208589553833008
origin: 21 compressed: 7 ratio: 0.3333333333333333 time: 0.03254294395446777
origin: 17 compressed: 7 ratio: 0.4117647058823529 time: 0.03006911277770996
origin: 16 compressed: 5 ratio: 0.3125 time: 0.030623435974121094
origin: 20 compressed: 8 ratio: 0.4 time: 0.031258344650268555
origin: 19 compressed: 6 ratio: 0.3157894736842105 time: 0.030747175216674805
origin: 17 compressed: 6 ratio: 0.35294117647058826 time: 0.03238201141357422
origin: 21 compressed: 6 ratio: 0.2857142857142857 time: 0.03413534164428711
origin: 17 compressed: 7 ratio: 0.4117647058823529 time: 0.029815196990966797
origin: 23 compressed: 8 ratio: 0.34782608695652173 time: 0.03826546669006348
origin: 21 compressed: 6 ratio: 0.2857142857142857 time: 0.032877445220947266
origin: 18 compressed: 9 ratio: 0.5 time: 0.030453920364379883
origin: 21 compressed: 6 ratio: 0.2857142857142857 time: 0.0358738899230957
origin: 17 compressed: 4 ratio: 0.23529411764705882 time: 0.028942584991455078
origin: 22 compressed: 6 ratio: 0.2727272727272727 time: 0.039041757583618164
origin: 15 compressed: 10 ratio: 0.6666666666666666 time: 0.028850793838500977
origin: 15 compressed: 8 ratio: 0.5333333333333333 time: 0.0282135009765625
origin: 19 compressed: 6 ratio: 0.3157894736842105 time: 0.030763626098632812
origin: 17 compressed: 6 ratio: 0.35294117647058826 time: 0.029665470123291016
origin: 17 compressed: 6 ratio: 0.35294117647058826 time: 0.029341459274291992
origin: 17 compressed: 7 ratio: 0.4117647058823529 time: 0.025800704956054688
origin: 16 compressed: 5 ratio: 0.3125 time: 0.02784585952758789
origin: 16 compressed: 8 ratio: 0.5 time: 0.02755141258239746
origin: 18 compressed: 6 ratio: 0.3333333333333333 time: 0.03393244743347168
origin: 21 compressed: 9 ratio: 0.42857142857142855 time: 0.0332493782043457
origin: 22 compressed: 6 ratio: 0.2727272727272727 time: 0.039917945861816406
origin: 16 compressed: 8 ratio: 0.5 time: 0.027428388595581055
origin: 16 compressed: 3 ratio: 0.1875 time: 0.029829978942871094
origin: 18 compressed: 6 ratio: 0.3333333333333333 time: 0.03069448471069336
origin: 17 compressed: 5 ratio: 0.29411764705882354 time: 0.028969526290893555
origin: 21 compressed: 7 ratio: 0.3333333333333333 time: 0.036149024963378906
origin: 20 compressed: 9 ratio: 0.45 time: 0.03471040725708008
origin: 16 compressed: 4 ratio: 0.25 time: 0.027977943420410156
origin: 16 compressed: 5 ratio: 0.3125 time: 0.025908470153808594
origin: 16 compressed: 6 ratio: 0.375 time: 0.027369976043701172
origin: 19 compressed: 7 ratio: 0.3684210526315789 time: 0.033408164978027344
origin: 17 compressed: 4 ratio: 0.23529411764705882 time: 0.029302358627319336
origin: 14 compressed: 9 ratio: 0.6428571428571429 time: 0.025040388107299805
origin: 14 compressed: 7 ratio: 0.5 time: 0.024613142013549805
origin: 20 compressed: 6 ratio: 0.3 time: 0.030768394470214844
origin: 20 compressed: 7 ratio: 0.35 time: 0.03147149085998535
origin: 19 compressed: 8 ratio: 0.42105263157894735 time: 0.03136920928955078
origin: 20 compressed: 6 ratio: 0.3 time: 0.03438138961791992
origin: 21 compressed: 5 ratio: 0.23809523809523808 time: 0.030434846878051758
origin: 17 compressed: 6 ratio: 0.35294117647058826 time: 0.027207374572753906
origin: 16 compressed: 7 ratio: 0.4375 time: 0.027981042861938477
origin: 19 compressed: 9 ratio: 0.47368421052631576 time: 0.029432058334350586
origin: 18 compressed: 7 ratio: 0.3888888888888889 time: 0.027553796768188477
origin: 16 compressed: 7 ratio: 0.4375 time: 0.029819250106811523
origin: 12 compressed: 6 ratio: 0.5 time: 0.025275230407714844
origin: 18 compressed: 7 ratio: 0.3888888888888889 time: 0.03068995475769043
origin: 18 compressed: 9 ratio: 0.5 time: 0.032700538635253906
origin: 16 compressed: 4 ratio: 0.25 time: 0.02647256851196289
origin: 18 compressed: 5 ratio: 0.2777777777777778 time: 0.031304359436035156
origin: 18 compressed: 6 ratio: 0.3333333333333333 time: 0.03063201904296875
origin: 16 compressed: 7 ratio: 0.4375 time: 0.02706432342529297
origin: 20 compressed: 4 ratio: 0.2 time: 0.03091883659362793
origin: 18 compressed: 7 ratio: 0.3888888888888889 time: 0.029628276824951172
origin: 21 compressed: 6 ratio: 0.2857142857142857 time: 0.03607630729675293
origin: 19 compressed: 7 ratio: 0.3684210526315789 time: 0.031151294708251953
origin: 21 compressed: 6 ratio: 0.2857142857142857 time: 0.03407549858093262
origin: 20 compressed: 5 ratio: 0.25 time: 0.03239941596984863
origin: 18 compressed: 4 ratio: 0.2222222222222222 time: 0.029385089874267578
origin: 13 compressed: 7 ratio: 0.5384615384615384 time: 0.02766895294189453
origin: 21 compressed: 8 ratio: 0.38095238095238093 time: 0.0329434871673584
origin: 18 compressed: 7 ratio: 0.3888888888888889 time: 0.031058549880981445
origin: 20 compressed: 9 ratio: 0.45 time: 0.03223228454589844
origin: 19 compressed: 7 ratio: 0.3684210526315789 time: 0.03461575508117676
origin: 17 compressed: 5 ratio: 0.29411764705882354 time: 0.02953958511352539
origin: 20 compressed: 6 ratio: 0.3 time: 0.03572535514831543
origin: 19 compressed: 6 ratio: 0.3157894736842105 time: 0.03241562843322754
origin: 21 compressed: 9 ratio: 0.42857142857142855 time: 0.03694725036621094
origin: 14 compressed: 4 ratio: 0.2857142857142857 time: 0.025834321975708008
origin: 21 compressed: 5 ratio: 0.23809523809523808 time: 0.03483390808105469
origin: 21 compressed: 7 ratio: 0.3333333333333333 time: 0.036856889724731445
origin: 18 compressed: 5 ratio: 0.2777777777777778 time: 0.029051780700683594
origin: 21 compressed: 7 ratio: 0.3333333333333333 time: 0.03585243225097656
origin: 17 compressed: 6 ratio: 0.35294117647058826 time: 0.029137611389160156
origin: 20 compressed: 7 ratio: 0.35 time: 0.033486366271972656
origin: 18 compressed: 6 ratio: 0.3333333333333333 time: 0.028377294540405273
origin: 17 compressed: 6 ratio: 0.35294117647058826 time: 0.027482271194458008
origin: 20 compressed: 6 ratio: 0.3 time: 0.03375530242919922
