origin: 29 compressed: 8 ratio: 0.27586206896551724 time: 0.06199932098388672
origin: 29 compressed: 7 ratio: 0.2413793103448276 time: 0.04466056823730469
origin: 27 compressed: 9 ratio: 0.3333333333333333 time: 0.043897390365600586
origin: 26 compressed: 10 ratio: 0.38461538461538464 time: 0.04668855667114258
origin: 27 compressed: 7 ratio: 0.25925925925925924 time: 0.044567108154296875
origin: 29 compressed: 8 ratio: 0.27586206896551724 time: 0.03975677490234375
origin: 28 compressed: 7 ratio: 0.25 time: 0.042157888412475586
origin: 33 compressed: 8 ratio: 0.24242424242424243 time: 0.046831369400024414
origin: 33 compressed: 9 ratio: 0.2727272727272727 time: 0.04728865623474121
origin: 32 compressed: 10 ratio: 0.3125 time: 0.04919314384460449
origin: 32 compressed: 9 ratio: 0.28125 time: 0.052445411682128906
origin: 33 compressed: 8 ratio: 0.24242424242424243 time: 0.050849199295043945
origin: 30 compressed: 10 ratio: 0.3333333333333333 time: 0.04574322700500488
origin: 27 compressed: 7 ratio: 0.25925925925925924 time: 0.043340444564819336
origin: 34 compressed: 10 ratio: 0.29411764705882354 time: 0.05243992805480957
origin: 32 compressed: 8 ratio: 0.25 time: 0.04645967483520508
origin: 30 compressed: 6 ratio: 0.2 time: 0.050652265548706055
origin: 31 compressed: 8 ratio: 0.25806451612903225 time: 0.054956674575805664
origin: 32 compressed: 8 ratio: 0.25 time: 0.04952859878540039
origin: 27 compressed: 8 ratio: 0.2962962962962963 time: 0.04738569259643555
origin: 30 compressed: 4 ratio: 0.13333333333333333 time: 0.045078277587890625
origin: 27 compressed: 10 ratio: 0.37037037037037035 time: 0.04393434524536133
origin: 27 compressed: 9 ratio: 0.3333333333333333 time: 0.04630017280578613
origin: 31 compressed: 9 ratio: 0.2903225806451613 time: 0.05078911781311035
origin: 30 compressed: 9 ratio: 0.3 time: 0.046587228775024414
origin: 28 compressed: 10 ratio: 0.35714285714285715 time: 0.05092215538024902
origin: 34 compressed: 7 ratio: 0.20588235294117646 time: 0.04962801933288574
origin: 30 compressed: 10 ratio: 0.3333333333333333 time: 0.04795384407043457
origin: 30 compressed: 10 ratio: 0.3333333333333333 time: 0.04489398002624512
origin: 30 compressed: 8 ratio: 0.26666666666666666 time: 0.05017900466918945
origin: 28 compressed: 8 ratio: 0.2857142857142857 time: 0.04259085655212402
origin: 33 compressed: 5 ratio: 0.15151515151515152 time: 0.05230855941772461
origin: 31 compressed: 9 ratio: 0.2903225806451613 time: 0.049968719482421875
origin: 37 compressed: 9 ratio: 0.24324324324324326 time: 0.050013065338134766
origin: 27 compressed: 8 ratio: 0.2962962962962963 time: 0.04891371726989746
origin: 32 compressed: 8 ratio: 0.25 time: 0.05078601837158203
origin: 31 compressed: 8 ratio: 0.25806451612903225 time: 0.048577070236206055
origin: 31 compressed: 7 ratio: 0.22580645161290322 time: 0.04767417907714844
origin: 25 compressed: 9 ratio: 0.36 time: 0.042322635650634766
origin: 35 compressed: 10 ratio: 0.2857142857142857 time: 0.049208641052246094
origin: 29 compressed: 7 ratio: 0.2413793103448276 time: 0.046300649642944336
origin: 34 compressed: 7 ratio: 0.20588235294117646 time: 0.04848003387451172
origin: 31 compressed: 9 ratio: 0.2903225806451613 time: 0.049317121505737305
origin: 27 compressed: 8 ratio: 0.2962962962962963 time: 0.04481816291809082
origin: 32 compressed: 10 ratio: 0.3125 time: 0.04822802543640137
origin: 31 compressed: 9 ratio: 0.2903225806451613 time: 0.05220961570739746
origin: 34 compressed: 8 ratio: 0.23529411764705882 time: 0.048940420150756836
origin: 32 compressed: 8 ratio: 0.25 time: 0.0501246452331543
origin: 28 compressed: 8 ratio: 0.2857142857142857 time: 0.049083709716796875
origin: 34 compressed: 9 ratio: 0.2647058823529412 time: 0.05039477348327637
origin: 32 compressed: 8 ratio: 0.25 time: 0.049471378326416016
origin: 29 compressed: 11 ratio: 0.3793103448275862 time: 0.046012163162231445
origin: 28 compressed: 8 ratio: 0.2857142857142857 time: 0.04408526420593262
origin: 32 compressed: 8 ratio: 0.25 time: 0.05223250389099121
origin: 30 compressed: 7 ratio: 0.23333333333333334 time: 0.053800106048583984
origin: 27 compressed: 8 ratio: 0.2962962962962963 time: 0.04098224639892578
origin: 26 compressed: 7 ratio: 0.2692307692307692 time: 0.046459197998046875
origin: 32 compressed: 10 ratio: 0.3125 time: 0.05108523368835449
origin: 31 compressed: 8 ratio: 0.25806451612903225 time: 0.04506945610046387
origin: 32 compressed: 6 ratio: 0.1875 time: 0.045362234115600586
origin: 28 compressed: 8 ratio: 0.2857142857142857 time: 0.049391984939575195
origin: 28 compressed: 8 ratio: 0.2857142857142857 time: 0.044532060623168945
origin: 28 compressed: 8 ratio: 0.2857142857142857 time: 0.04782843589782715
origin: 32 compressed: 9 ratio: 0.28125 time: 0.045020341873168945
origin: 32 compressed: 10 ratio: 0.3125 time: 0.0545651912689209
origin: 27 compressed: 7 ratio: 0.25925925925925924 time: 0.053647756576538086
origin: 29 compressed: 8 ratio: 0.27586206896551724 time: 0.045888423919677734
origin: 32 compressed: 8 ratio: 0.25 time: 0.046472787857055664
origin: 29 compressed: 8 ratio: 0.27586206896551724 time: 0.04713296890258789
origin: 34 compressed: 9 ratio: 0.2647058823529412 time: 0.048017024993896484
origin: 32 compressed: 8 ratio: 0.25 time: 0.052004337310791016
origin: 34 compressed: 10 ratio: 0.29411764705882354 time: 0.04959273338317871
origin: 31 compressed: 8 ratio: 0.25806451612903225 time: 0.04652857780456543
origin: 30 compressed: 8 ratio: 0.26666666666666666 time: 0.05045723915100098
origin: 34 compressed: 10 ratio: 0.29411764705882354 time: 0.05121874809265137
origin: 31 compressed: 9 ratio: 0.2903225806451613 time: 0.049597740173339844
origin: 27 compressed: 9 ratio: 0.3333333333333333 time: 0.040728092193603516
origin: 32 compressed: 7 ratio: 0.21875 time: 0.054097890853881836
origin: 31 compressed: 8 ratio: 0.25806451612903225 time: 0.04722189903259277
origin: 28 compressed: 6 ratio: 0.21428571428571427 time: 0.04748821258544922
origin: 33 compressed: 8 ratio: 0.24242424242424243 time: 0.0512082576751709
origin: 31 compressed: 9 ratio: 0.2903225806451613 time: 0.046120405197143555
origin: 33 compressed: 9 ratio: 0.2727272727272727 time: 0.047525882720947266
origin: 30 compressed: 7 ratio: 0.23333333333333334 time: 0.04653191566467285
origin: 26 compressed: 8 ratio: 0.3076923076923077 time: 0.04519391059875488
origin: 28 compressed: 10 ratio: 0.35714285714285715 time: 0.048566579818725586
origin: 30 compressed: 8 ratio: 0.26666666666666666 time: 0.04659271240234375
origin: 28 compressed: 10 ratio: 0.35714285714285715 time: 0.052274227142333984
origin: 30 compressed: 7 ratio: 0.23333333333333334 time: 0.047338247299194336
origin: 26 compressed: 7 ratio: 0.2692307692307692 time: 0.046395063400268555
origin: 28 compressed: 9 ratio: 0.32142857142857145 time: 0.04625701904296875
origin: 28 compressed: 7 ratio: 0.25 time: 0.04778647422790527
origin: 33 compressed: 10 ratio: 0.30303030303030304 time: 0.05334329605102539
origin: 30 compressed: 9 ratio: 0.3 time: 0.05240917205810547
origin: 29 compressed: 9 ratio: 0.3103448275862069 time: 0.04751992225646973
origin: 35 compressed: 8 ratio: 0.22857142857142856 time: 0.05063009262084961
origin: 26 compressed: 7 ratio: 0.2692307692307692 time: 0.047168731689453125
origin: 31 compressed: 8 ratio: 0.25806451612903225 time: 0.04900503158569336
origin: 29 compressed: 9 ratio: 0.3103448275862069 time: 0.04508376121520996
origin: 26 compressed: 7 ratio: 0.2692307692307692 time: 0.04211997985839844
