origin: 72.200000 compressed: 28.100000 ratio: 0.389219 mecstime: 0.262257
origin: 30.100000 compressed: 8.000000 ratio: 0.265984 mecstime: 0.041288
origin: 37.800000 compressed: 10.800000 ratio: 0.285362 mecstime: 0.054962
origin: 43.600000 compressed: 12.200000 ratio: 0.281793 mecstime: 0.066762
origin: 48.900000 compressed: 13.400000 ratio: 0.274611 mecstime: 0.082573
origin: 56.000000 compressed: 16.900000 ratio: 0.302039 mecstime: 0.095026
origin: 57.200000 compressed: 18.500000 ratio: 0.324075 mecstime: 0.105520
origin: 60.600000 compressed: 20.600000 ratio: 0.340231 mecstime: 0.126692
origin: 63.700000 compressed: 20.000000 ratio: 0.313734 mecstime: 0.138380
origin: 65.800000 compressed: 20.500000 ratio: 0.311675 mecstime: 0.155555
origin: 68.200000 compressed: 22.600000 ratio: 0.331535 mecstime: 0.164994
origin: 18.300000 compressed: 4.700000 ratio: 0.259125 mecstime: 0.027558
origin: 67.700000 compressed: 23.600000 ratio: 0.348842 mecstime: 0.177178
origin: 68.600000 compressed: 24.900000 ratio: 0.363304 mecstime: 0.182437
origin: 70.000000 compressed: 25.000000 ratio: 0.356899 mecstime: 0.197511
origin: 70.400000 compressed: 28.500000 ratio: 0.404912 mecstime: 0.199073
origin: 70.200000 compressed: 27.500000 ratio: 0.391785 mecstime: 0.216491
origin: 70.600000 compressed: 27.300000 ratio: 0.387173 mecstime: 0.226245
origin: 71.000000 compressed: 30.100000 ratio: 0.423745 mecstime: 0.236382
origin: 71.400000 compressed: 27.000000 ratio: 0.378231 mecstime: 0.248758
