origin: 7 compressed: 5 ratio: 0.7142857142857143 time: 0.03064441680908203
origin: 7 compressed: 6 ratio: 0.8571428571428571 time: 0.0314784049987793
origin: 7 compressed: 6 ratio: 0.8571428571428571 time: 0.03793597221374512
origin: 7 compressed: 5 ratio: 0.7142857142857143 time: 0.03125452995300293
origin: 8 compressed: 5 ratio: 0.625 time: 0.03915214538574219
origin: 7 compressed: 6 ratio: 0.8571428571428571 time: 0.02776479721069336
origin: 8 compressed: 6 ratio: 0.75 time: 0.031683921813964844
origin: 7 compressed: 4 ratio: 0.5714285714285714 time: 0.028130769729614258
origin: 8 compressed: 5 ratio: 0.625 time: 0.03211236000061035
origin: 7 compressed: 5 ratio: 0.7142857142857143 time: 0.027543067932128906
origin: 7 compressed: 5 ratio: 0.7142857142857143 time: 0.027396440505981445
origin: 7 compressed: 4 ratio: 0.5714285714285714 time: 0.027644872665405273
origin: 8 compressed: 4 ratio: 0.5 time: 0.031685590744018555
origin: 7 compressed: 5 ratio: 0.7142857142857143 time: 0.027921438217163086
origin: 8 compressed: 6 ratio: 0.75 time: 0.03340435028076172
origin: 7 compressed: 6 ratio: 0.8571428571428571 time: 0.022974729537963867
origin: 7 compressed: 6 ratio: 0.8571428571428571 time: 0.028136491775512695
origin: 8 compressed: 6 ratio: 0.75 time: 0.03259682655334473
origin: 6 compressed: 5 ratio: 0.8333333333333334 time: 0.023679256439208984
origin: 6 compressed: 4 ratio: 0.6666666666666666 time: 0.023339509963989258
origin: 7 compressed: 4 ratio: 0.5714285714285714 time: 0.027723073959350586
origin: 8 compressed: 5 ratio: 0.625 time: 0.03215742111206055
origin: 8 compressed: 4 ratio: 0.5 time: 0.031296730041503906
origin: 7 compressed: 5 ratio: 0.7142857142857143 time: 0.02818918228149414
origin: 8 compressed: 5 ratio: 0.625 time: 0.03686213493347168
origin: 7 compressed: 5 ratio: 0.7142857142857143 time: 0.029151201248168945
origin: 7 compressed: 6 ratio: 0.8571428571428571 time: 0.027935504913330078
origin: 8 compressed: 6 ratio: 0.75 time: 0.03418087959289551
origin: 7 compressed: 6 ratio: 0.8571428571428571 time: 0.028111934661865234
origin: 5 compressed: 5 ratio: 1.0 time: 0.019344568252563477
origin: 8 compressed: 5 ratio: 0.625 time: 0.03240370750427246
origin: 7 compressed: 6 ratio: 0.8571428571428571 time: 0.02850031852722168
origin: 7 compressed: 5 ratio: 0.7142857142857143 time: 0.027977705001831055
origin: 8 compressed: 5 ratio: 0.625 time: 0.03379416465759277
origin: 7 compressed: 5 ratio: 0.7142857142857143 time: 0.0275576114654541
origin: 7 compressed: 6 ratio: 0.8571428571428571 time: 0.028689861297607422
origin: 7 compressed: 5 ratio: 0.7142857142857143 time: 0.02814006805419922
origin: 7 compressed: 6 ratio: 0.8571428571428571 time: 0.033762454986572266
origin: 6 compressed: 5 ratio: 0.8333333333333334 time: 0.023610830307006836
origin: 7 compressed: 5 ratio: 0.7142857142857143 time: 0.02771782875061035
origin: 7 compressed: 2 ratio: 0.2857142857142857 time: 0.027041196823120117
origin: 8 compressed: 5 ratio: 0.625 time: 0.03212404251098633
origin: 8 compressed: 5 ratio: 0.625 time: 0.03288531303405762
origin: 8 compressed: 6 ratio: 0.75 time: 0.03258180618286133
origin: 7 compressed: 6 ratio: 0.8571428571428571 time: 0.02840566635131836
origin: 7 compressed: 5 ratio: 0.7142857142857143 time: 0.027975797653198242
origin: 7 compressed: 5 ratio: 0.7142857142857143 time: 0.027606487274169922
origin: 8 compressed: 6 ratio: 0.75 time: 0.03223013877868652
origin: 8 compressed: 6 ratio: 0.75 time: 0.03216290473937988
origin: 6 compressed: 5 ratio: 0.8333333333333334 time: 0.0191192626953125
origin: 7 compressed: 6 ratio: 0.8571428571428571 time: 0.03836178779602051
origin: 6 compressed: 5 ratio: 0.8333333333333334 time: 0.026720762252807617
origin: 8 compressed: 5 ratio: 0.625 time: 0.0321500301361084
origin: 8 compressed: 5 ratio: 0.625 time: 0.032051801681518555
origin: 8 compressed: 6 ratio: 0.75 time: 0.03303670883178711
origin: 8 compressed: 6 ratio: 0.75 time: 0.03251385688781738
origin: 8 compressed: 4 ratio: 0.5 time: 0.03141951560974121
origin: 7 compressed: 6 ratio: 0.8571428571428571 time: 0.028467416763305664
origin: 8 compressed: 4 ratio: 0.5 time: 0.03172159194946289
origin: 7 compressed: 4 ratio: 0.5714285714285714 time: 0.0277860164642334
origin: 8 compressed: 5 ratio: 0.625 time: 0.03969621658325195
origin: 7 compressed: 4 ratio: 0.5714285714285714 time: 0.029637813568115234
origin: 8 compressed: 6 ratio: 0.75 time: 0.034294843673706055
origin: 7 compressed: 5 ratio: 0.7142857142857143 time: 0.02829718589782715
origin: 8 compressed: 4 ratio: 0.5 time: 0.03187870979309082
origin: 7 compressed: 5 ratio: 0.7142857142857143 time: 0.028123855590820312
origin: 8 compressed: 5 ratio: 0.625 time: 0.03296351432800293
origin: 8 compressed: 6 ratio: 0.75 time: 0.03310441970825195
origin: 7 compressed: 6 ratio: 0.8571428571428571 time: 0.029072046279907227
origin: 8 compressed: 5 ratio: 0.625 time: 0.032738447189331055
origin: 7 compressed: 4 ratio: 0.5714285714285714 time: 0.02708148956298828
origin: 7 compressed: 6 ratio: 0.8571428571428571 time: 0.02852654457092285
origin: 8 compressed: 4 ratio: 0.5 time: 0.03294229507446289
origin: 7 compressed: 5 ratio: 0.7142857142857143 time: 0.03527069091796875
origin: 7 compressed: 5 ratio: 0.7142857142857143 time: 0.027899503707885742
origin: 8 compressed: 6 ratio: 0.75 time: 0.03162431716918945
origin: 7 compressed: 5 ratio: 0.7142857142857143 time: 0.030862092971801758
origin: 7 compressed: 5 ratio: 0.7142857142857143 time: 0.02753424644470215
origin: 7 compressed: 5 ratio: 0.7142857142857143 time: 0.027923583984375
origin: 8 compressed: 5 ratio: 0.625 time: 0.03862714767456055
origin: 7 compressed: 4 ratio: 0.5714285714285714 time: 0.037500619888305664
origin: 8 compressed: 5 ratio: 0.625 time: 0.0375065803527832
origin: 7 compressed: 3 ratio: 0.42857142857142855 time: 0.030009031295776367
origin: 7 compressed: 5 ratio: 0.7142857142857143 time: 0.028353452682495117
origin: 7 compressed: 5 ratio: 0.7142857142857143 time: 0.03823995590209961
origin: 7 compressed: 5 ratio: 0.7142857142857143 time: 0.03447890281677246
origin: 8 compressed: 5 ratio: 0.625 time: 0.03611493110656738
origin: 8 compressed: 4 ratio: 0.5 time: 0.032793283462524414
origin: 7 compressed: 5 ratio: 0.7142857142857143 time: 0.026818037033081055
origin: 8 compressed: 5 ratio: 0.625 time: 0.03196120262145996
origin: 7 compressed: 4 ratio: 0.5714285714285714 time: 0.02804279327392578
origin: 8 compressed: 5 ratio: 0.625 time: 0.03409242630004883
origin: 7 compressed: 6 ratio: 0.8571428571428571 time: 0.028568744659423828
origin: 8 compressed: 6 ratio: 0.75 time: 0.032953500747680664
origin: 8 compressed: 5 ratio: 0.625 time: 0.032433271408081055
origin: 7 compressed: 4 ratio: 0.5714285714285714 time: 0.027663469314575195
origin: 7 compressed: 6 ratio: 0.8571428571428571 time: 0.029938936233520508
origin: 8 compressed: 5 ratio: 0.625 time: 0.0320587158203125
origin: 7 compressed: 5 ratio: 0.7142857142857143 time: 0.028237104415893555
origin: 7 compressed: 6 ratio: 0.8571428571428571 time: 0.02783489227294922
