origin: 13 compressed: 4 ratio: 0.3076923076923077 time: 0.08869075775146484
origin: 19 compressed: 6 ratio: 0.3157894736842105 time: 0.09198570251464844
origin: 12 compressed: 6 ratio: 0.5 time: 0.05639791488647461
origin: 17 compressed: 10 ratio: 0.5882352941176471 time: 0.0650331974029541
origin: 19 compressed: 8 ratio: 0.42105263157894735 time: 0.07519292831420898
origin: 17 compressed: 7 ratio: 0.4117647058823529 time: 0.06788182258605957
origin: 18 compressed: 6 ratio: 0.3333333333333333 time: 0.06988239288330078
origin: 13 compressed: 8 ratio: 0.6153846153846154 time: 0.055147647857666016
origin: 17 compressed: 5 ratio: 0.29411764705882354 time: 0.06341361999511719
origin: 16 compressed: 5 ratio: 0.3125 time: 0.06047248840332031
origin: 18 compressed: 8 ratio: 0.4444444444444444 time: 0.07038331031799316
origin: 16 compressed: 10 ratio: 0.625 time: 0.059107303619384766
origin: 17 compressed: 4 ratio: 0.23529411764705882 time: 0.0648794174194336
origin: 17 compressed: 4 ratio: 0.23529411764705882 time: 0.05991196632385254
origin: 20 compressed: 6 ratio: 0.3 time: 0.08211898803710938
origin: 15 compressed: 4 ratio: 0.26666666666666666 time: 0.061594486236572266
origin: 15 compressed: 7 ratio: 0.4666666666666667 time: 0.07339978218078613
origin: 16 compressed: 3 ratio: 0.1875 time: 0.0630185604095459
origin: 19 compressed: 8 ratio: 0.42105263157894735 time: 0.07591533660888672
origin: 18 compressed: 7 ratio: 0.3888888888888889 time: 0.06859087944030762
origin: 17 compressed: 7 ratio: 0.4117647058823529 time: 0.07301163673400879
origin: 18 compressed: 8 ratio: 0.4444444444444444 time: 0.07509350776672363
origin: 18 compressed: 7 ratio: 0.3888888888888889 time: 0.08929181098937988
origin: 17 compressed: 7 ratio: 0.4117647058823529 time: 0.07164812088012695
origin: 13 compressed: 6 ratio: 0.46153846153846156 time: 0.05049610137939453
origin: 17 compressed: 5 ratio: 0.29411764705882354 time: 0.06635904312133789
origin: 17 compressed: 6 ratio: 0.35294117647058826 time: 0.0733640193939209
origin: 15 compressed: 8 ratio: 0.5333333333333333 time: 0.06494855880737305
origin: 17 compressed: 4 ratio: 0.23529411764705882 time: 0.06685447692871094
origin: 19 compressed: 7 ratio: 0.3684210526315789 time: 0.09074044227600098
origin: 16 compressed: 7 ratio: 0.4375 time: 0.05935978889465332
origin: 19 compressed: 7 ratio: 0.3684210526315789 time: 0.08194422721862793
origin: 18 compressed: 4 ratio: 0.2222222222222222 time: 0.0749201774597168
origin: 16 compressed: 7 ratio: 0.4375 time: 0.06316733360290527
origin: 16 compressed: 7 ratio: 0.4375 time: 0.06210207939147949
origin: 16 compressed: 6 ratio: 0.375 time: 0.06258368492126465
origin: 12 compressed: 6 ratio: 0.5 time: 0.050110816955566406
origin: 16 compressed: 7 ratio: 0.4375 time: 0.06234288215637207
origin: 15 compressed: 8 ratio: 0.5333333333333333 time: 0.06036210060119629
origin: 19 compressed: 8 ratio: 0.42105263157894735 time: 0.07956647872924805
origin: 14 compressed: 7 ratio: 0.5 time: 0.06061744689941406
origin: 19 compressed: 7 ratio: 0.3684210526315789 time: 0.05779576301574707
origin: 16 compressed: 6 ratio: 0.375 time: 0.05347633361816406
origin: 17 compressed: 4 ratio: 0.23529411764705882 time: 0.06316018104553223
origin: 17 compressed: 7 ratio: 0.4117647058823529 time: 0.06454157829284668
origin: 17 compressed: 6 ratio: 0.35294117647058826 time: 0.06936526298522949
origin: 18 compressed: 4 ratio: 0.2222222222222222 time: 0.05948138236999512
origin: 19 compressed: 5 ratio: 0.2631578947368421 time: 0.07570695877075195
origin: 20 compressed: 8 ratio: 0.4 time: 0.06514978408813477
origin: 12 compressed: 7 ratio: 0.5833333333333334 time: 0.0531156063079834
origin: 17 compressed: 6 ratio: 0.35294117647058826 time: 0.08213233947753906
origin: 19 compressed: 8 ratio: 0.42105263157894735 time: 0.07855963706970215
origin: 17 compressed: 5 ratio: 0.29411764705882354 time: 0.06760692596435547
origin: 18 compressed: 8 ratio: 0.4444444444444444 time: 0.07477879524230957
origin: 15 compressed: 8 ratio: 0.5333333333333333 time: 0.06729364395141602
origin: 18 compressed: 3 ratio: 0.16666666666666666 time: 0.06507992744445801
origin: 17 compressed: 4 ratio: 0.23529411764705882 time: 0.06505584716796875
origin: 17 compressed: 6 ratio: 0.35294117647058826 time: 0.06285929679870605
origin: 13 compressed: 6 ratio: 0.46153846153846156 time: 0.052825927734375
origin: 18 compressed: 9 ratio: 0.5 time: 0.07046866416931152
origin: 14 compressed: 5 ratio: 0.35714285714285715 time: 0.05999255180358887
origin: 13 compressed: 7 ratio: 0.5384615384615384 time: 0.056509971618652344
origin: 17 compressed: 6 ratio: 0.35294117647058826 time: 0.0674893856048584
origin: 18 compressed: 7 ratio: 0.3888888888888889 time: 0.06783318519592285
origin: 17 compressed: 6 ratio: 0.35294117647058826 time: 0.06582856178283691
origin: 20 compressed: 5 ratio: 0.25 time: 0.07847905158996582
origin: 19 compressed: 10 ratio: 0.5263157894736842 time: 0.08024096488952637
origin: 17 compressed: 5 ratio: 0.29411764705882354 time: 0.06515645980834961
origin: 16 compressed: 8 ratio: 0.5 time: 0.06477022171020508
origin: 18 compressed: 6 ratio: 0.3333333333333333 time: 0.10667037963867188
origin: 12 compressed: 6 ratio: 0.5 time: 0.05557703971862793
origin: 17 compressed: 7 ratio: 0.4117647058823529 time: 0.06761717796325684
origin: 20 compressed: 7 ratio: 0.35 time: 0.11280202865600586
origin: 16 compressed: 8 ratio: 0.5 time: 0.06785416603088379
origin: 18 compressed: 7 ratio: 0.3888888888888889 time: 0.06978750228881836
origin: 17 compressed: 6 ratio: 0.35294117647058826 time: 0.06909322738647461
origin: 17 compressed: 7 ratio: 0.4117647058823529 time: 0.06441855430603027
origin: 19 compressed: 3 ratio: 0.15789473684210525 time: 0.07286310195922852
origin: 17 compressed: 7 ratio: 0.4117647058823529 time: 0.06477189064025879
origin: 17 compressed: 6 ratio: 0.35294117647058826 time: 0.05950355529785156
origin: 20 compressed: 6 ratio: 0.3 time: 0.08075714111328125
origin: 18 compressed: 6 ratio: 0.3333333333333333 time: 0.07236456871032715
origin: 17 compressed: 8 ratio: 0.47058823529411764 time: 0.0639793872833252
origin: 20 compressed: 6 ratio: 0.3 time: 0.08654975891113281
origin: 15 compressed: 4 ratio: 0.26666666666666666 time: 0.06624007225036621
origin: 13 compressed: 6 ratio: 0.46153846153846156 time: 0.055860280990600586
origin: 15 compressed: 7 ratio: 0.4666666666666667 time: 0.05982828140258789
origin: 17 compressed: 8 ratio: 0.47058823529411764 time: 0.07145857810974121
origin: 16 compressed: 7 ratio: 0.4375 time: 0.07675313949584961
origin: 11 compressed: 5 ratio: 0.45454545454545453 time: 0.049260854721069336
origin: 12 compressed: 6 ratio: 0.5 time: 0.04409670829772949
origin: 12 compressed: 9 ratio: 0.75 time: 0.04941511154174805
origin: 13 compressed: 5 ratio: 0.38461538461538464 time: 0.0641939640045166
origin: 12 compressed: 4 ratio: 0.3333333333333333 time: 0.058878183364868164
origin: 15 compressed: 2 ratio: 0.13333333333333333 time: 0.04438948631286621
origin: 20 compressed: 8 ratio: 0.4 time: 0.0820777416229248
origin: 16 compressed: 6 ratio: 0.375 time: 0.06059408187866211
origin: 17 compressed: 7 ratio: 0.4117647058823529 time: 0.0657961368560791
origin: 18 compressed: 7 ratio: 0.3888888888888889 time: 0.07802152633666992
origin: 19 compressed: 6 ratio: 0.3157894736842105 time: 0.07575464248657227
