origin: 19 compressed: 8 ratio: 0.42105263157894735 time: 0.08218693733215332
origin: 18 compressed: 5 ratio: 0.2777777777777778 time: 0.05915188789367676
origin: 21 compressed: 6 ratio: 0.2857142857142857 time: 0.0771017074584961
origin: 19 compressed: 8 ratio: 0.42105263157894735 time: 0.0632476806640625
origin: 14 compressed: 5 ratio: 0.35714285714285715 time: 0.04336857795715332
origin: 20 compressed: 10 ratio: 0.5 time: 0.07355070114135742
origin: 15 compressed: 6 ratio: 0.4 time: 0.04375791549682617
origin: 16 compressed: 7 ratio: 0.4375 time: 0.06642723083496094
origin: 16 compressed: 7 ratio: 0.4375 time: 0.04831337928771973
origin: 16 compressed: 7 ratio: 0.4375 time: 0.05051565170288086
origin: 18 compressed: 7 ratio: 0.3888888888888889 time: 0.07359075546264648
origin: 17 compressed: 6 ratio: 0.35294117647058826 time: 0.05939984321594238
origin: 20 compressed: 6 ratio: 0.3 time: 0.0719912052154541
origin: 20 compressed: 8 ratio: 0.4 time: 0.07831811904907227
origin: 17 compressed: 7 ratio: 0.4117647058823529 time: 0.06615543365478516
origin: 19 compressed: 9 ratio: 0.47368421052631576 time: 0.07906651496887207
origin: 19 compressed: 5 ratio: 0.2631578947368421 time: 0.0692281723022461
origin: 19 compressed: 6 ratio: 0.3157894736842105 time: 0.07527422904968262
origin: 22 compressed: 9 ratio: 0.4090909090909091 time: 0.09224724769592285
origin: 18 compressed: 8 ratio: 0.4444444444444444 time: 0.06379461288452148
origin: 18 compressed: 6 ratio: 0.3333333333333333 time: 0.0733327865600586
origin: 21 compressed: 7 ratio: 0.3333333333333333 time: 0.08572220802307129
origin: 16 compressed: 7 ratio: 0.4375 time: 0.06705665588378906
origin: 14 compressed: 7 ratio: 0.5 time: 0.043723344802856445
origin: 16 compressed: 5 ratio: 0.3125 time: 0.05099344253540039
origin: 17 compressed: 6 ratio: 0.35294117647058826 time: 0.06587600708007812
origin: 15 compressed: 7 ratio: 0.4666666666666667 time: 0.047754764556884766
origin: 18 compressed: 5 ratio: 0.2777777777777778 time: 0.08197212219238281
origin: 17 compressed: 5 ratio: 0.29411764705882354 time: 0.0770716667175293
origin: 19 compressed: 6 ratio: 0.3157894736842105 time: 0.07069134712219238
origin: 21 compressed: 8 ratio: 0.38095238095238093 time: 0.07670044898986816
origin: 21 compressed: 8 ratio: 0.38095238095238093 time: 0.08326482772827148
origin: 15 compressed: 7 ratio: 0.4666666666666667 time: 0.048247575759887695
origin: 16 compressed: 8 ratio: 0.5 time: 0.059772491455078125
origin: 21 compressed: 10 ratio: 0.47619047619047616 time: 0.08970212936401367
origin: 19 compressed: 5 ratio: 0.2631578947368421 time: 0.06694269180297852
origin: 19 compressed: 5 ratio: 0.2631578947368421 time: 0.06490850448608398
origin: 19 compressed: 7 ratio: 0.3684210526315789 time: 0.07084393501281738
origin: 18 compressed: 6 ratio: 0.3333333333333333 time: 0.06417465209960938
origin: 17 compressed: 7 ratio: 0.4117647058823529 time: 0.06286191940307617
origin: 15 compressed: 5 ratio: 0.3333333333333333 time: 0.058335065841674805
origin: 22 compressed: 7 ratio: 0.3181818181818182 time: 0.08742427825927734
origin: 18 compressed: 5 ratio: 0.2777777777777778 time: 0.05852031707763672
origin: 22 compressed: 7 ratio: 0.3181818181818182 time: 0.08095192909240723
origin: 16 compressed: 7 ratio: 0.4375 time: 0.05640006065368652
origin: 17 compressed: 6 ratio: 0.35294117647058826 time: 0.06326532363891602
origin: 19 compressed: 5 ratio: 0.2631578947368421 time: 0.06927275657653809
origin: 19 compressed: 8 ratio: 0.42105263157894735 time: 0.05887794494628906
origin: 20 compressed: 8 ratio: 0.4 time: 0.07667088508605957
origin: 16 compressed: 7 ratio: 0.4375 time: 0.054139137268066406
origin: 16 compressed: 6 ratio: 0.375 time: 0.05436062812805176
origin: 19 compressed: 7 ratio: 0.3684210526315789 time: 0.06373143196105957
origin: 19 compressed: 7 ratio: 0.3684210526315789 time: 0.07557106018066406
origin: 15 compressed: 7 ratio: 0.4666666666666667 time: 0.05934572219848633
origin: 15 compressed: 7 ratio: 0.4666666666666667 time: 0.06451606750488281
origin: 18 compressed: 9 ratio: 0.5 time: 0.06799626350402832
origin: 19 compressed: 8 ratio: 0.42105263157894735 time: 0.06653809547424316
origin: 16 compressed: 9 ratio: 0.5625 time: 0.061017513275146484
origin: 15 compressed: 6 ratio: 0.4 time: 0.04978179931640625
origin: 18 compressed: 9 ratio: 0.5 time: 0.08281517028808594
origin: 20 compressed: 7 ratio: 0.35 time: 0.07789134979248047
origin: 21 compressed: 8 ratio: 0.38095238095238093 time: 0.07608413696289062
origin: 15 compressed: 5 ratio: 0.3333333333333333 time: 0.054267168045043945
origin: 14 compressed: 10 ratio: 0.7142857142857143 time: 0.04401230812072754
origin: 19 compressed: 8 ratio: 0.42105263157894735 time: 0.06588244438171387
origin: 20 compressed: 9 ratio: 0.45 time: 0.07843160629272461
origin: 18 compressed: 5 ratio: 0.2777777777777778 time: 0.07579922676086426
origin: 22 compressed: 7 ratio: 0.3181818181818182 time: 0.07539629936218262
origin: 20 compressed: 5 ratio: 0.25 time: 0.07231521606445312
origin: 21 compressed: 7 ratio: 0.3333333333333333 time: 0.07595372200012207
origin: 18 compressed: 5 ratio: 0.2777777777777778 time: 0.06877779960632324
origin: 22 compressed: 8 ratio: 0.36363636363636365 time: 0.0865926742553711
origin: 17 compressed: 6 ratio: 0.35294117647058826 time: 0.0646824836730957
origin: 17 compressed: 7 ratio: 0.4117647058823529 time: 0.05490541458129883
origin: 20 compressed: 4 ratio: 0.2 time: 0.07711458206176758
origin: 15 compressed: 6 ratio: 0.4 time: 0.054680585861206055
origin: 18 compressed: 5 ratio: 0.2777777777777778 time: 0.06991386413574219
origin: 20 compressed: 7 ratio: 0.35 time: 0.07496142387390137
origin: 20 compressed: 7 ratio: 0.35 time: 0.06977963447570801
origin: 18 compressed: 6 ratio: 0.3333333333333333 time: 0.05940556526184082
origin: 13 compressed: 6 ratio: 0.46153846153846156 time: 0.06178641319274902
origin: 15 compressed: 7 ratio: 0.4666666666666667 time: 0.050081729888916016
origin: 15 compressed: 5 ratio: 0.3333333333333333 time: 0.0498967170715332
origin: 17 compressed: 8 ratio: 0.47058823529411764 time: 0.05485224723815918
origin: 17 compressed: 6 ratio: 0.35294117647058826 time: 0.06488204002380371
origin: 20 compressed: 9 ratio: 0.45 time: 0.0793905258178711
origin: 22 compressed: 6 ratio: 0.2727272727272727 time: 0.09363865852355957
origin: 13 compressed: 7 ratio: 0.5384615384615384 time: 0.04235982894897461
origin: 20 compressed: 6 ratio: 0.3 time: 0.07179403305053711
origin: 18 compressed: 7 ratio: 0.3888888888888889 time: 0.07170867919921875
origin: 20 compressed: 4 ratio: 0.2 time: 0.09048938751220703
origin: 19 compressed: 9 ratio: 0.47368421052631576 time: 0.0764005184173584
origin: 19 compressed: 4 ratio: 0.21052631578947367 time: 0.1002509593963623
origin: 18 compressed: 7 ratio: 0.3888888888888889 time: 0.08978939056396484
origin: 16 compressed: 6 ratio: 0.375 time: 0.07449865341186523
origin: 19 compressed: 7 ratio: 0.3684210526315789 time: 0.07070279121398926
origin: 16 compressed: 6 ratio: 0.375 time: 0.07947421073913574
origin: 18 compressed: 6 ratio: 0.3333333333333333 time: 0.07342410087585449
origin: 18 compressed: 7 ratio: 0.3888888888888889 time: 0.06916236877441406
origin: 17 compressed: 5 ratio: 0.29411764705882354 time: 0.07042765617370605
