origin: 29 compressed: 9 ratio: 0.3103448275862069 time: 0.17686772346496582
origin: 29 compressed: 8 ratio: 0.27586206896551724 time: 0.16748833656311035
origin: 33 compressed: 9 ratio: 0.2727272727272727 time: 0.1546483039855957
origin: 31 compressed: 8 ratio: 0.25806451612903225 time: 0.15505123138427734
origin: 26 compressed: 7 ratio: 0.2692307692307692 time: 0.1296398639678955
origin: 29 compressed: 10 ratio: 0.3448275862068966 time: 0.1641221046447754
origin: 31 compressed: 8 ratio: 0.25806451612903225 time: 0.1728191375732422
origin: 30 compressed: 11 ratio: 0.36666666666666664 time: 0.17209982872009277
origin: 32 compressed: 11 ratio: 0.34375 time: 0.17959952354431152
origin: 32 compressed: 8 ratio: 0.25 time: 0.17742562294006348
origin: 31 compressed: 9 ratio: 0.2903225806451613 time: 0.17603373527526855
origin: 31 compressed: 6 ratio: 0.1935483870967742 time: 0.1724233627319336
origin: 33 compressed: 8 ratio: 0.24242424242424243 time: 0.19986844062805176
origin: 30 compressed: 7 ratio: 0.23333333333333334 time: 0.13594436645507812
origin: 28 compressed: 10 ratio: 0.35714285714285715 time: 0.16508030891418457
origin: 34 compressed: 7 ratio: 0.20588235294117646 time: 0.1571657657623291
origin: 33 compressed: 8 ratio: 0.24242424242424243 time: 0.16697382926940918
origin: 32 compressed: 6 ratio: 0.1875 time: 0.1896655559539795
origin: 29 compressed: 7 ratio: 0.2413793103448276 time: 0.1554245948791504
origin: 32 compressed: 8 ratio: 0.25 time: 0.18544816970825195
origin: 30 compressed: 5 ratio: 0.16666666666666666 time: 0.1445925235748291
origin: 28 compressed: 9 ratio: 0.32142857142857145 time: 0.15200352668762207
origin: 33 compressed: 8 ratio: 0.24242424242424243 time: 0.15677261352539062
origin: 33 compressed: 7 ratio: 0.21212121212121213 time: 0.15018868446350098
origin: 30 compressed: 6 ratio: 0.2 time: 0.1387312412261963
origin: 32 compressed: 9 ratio: 0.28125 time: 0.16344809532165527
origin: 33 compressed: 9 ratio: 0.2727272727272727 time: 0.17005205154418945
origin: 30 compressed: 11 ratio: 0.36666666666666664 time: 0.15358543395996094
origin: 34 compressed: 10 ratio: 0.29411764705882354 time: 0.15950322151184082
origin: 30 compressed: 7 ratio: 0.23333333333333334 time: 0.17998695373535156
origin: 32 compressed: 10 ratio: 0.3125 time: 0.14858317375183105
origin: 32 compressed: 11 ratio: 0.34375 time: 0.18710637092590332
origin: 30 compressed: 8 ratio: 0.26666666666666666 time: 0.14460206031799316
origin: 29 compressed: 7 ratio: 0.2413793103448276 time: 0.1373577117919922
origin: 26 compressed: 7 ratio: 0.2692307692307692 time: 0.12907123565673828
origin: 36 compressed: 9 ratio: 0.25 time: 0.17702507972717285
origin: 33 compressed: 8 ratio: 0.24242424242424243 time: 0.15703058242797852
origin: 35 compressed: 9 ratio: 0.2571428571428571 time: 0.16900038719177246
origin: 30 compressed: 8 ratio: 0.26666666666666666 time: 0.17657041549682617
origin: 35 compressed: 6 ratio: 0.17142857142857143 time: 0.1642286777496338
origin: 32 compressed: 7 ratio: 0.21875 time: 0.16552400588989258
origin: 35 compressed: 7 ratio: 0.2 time: 0.20703434944152832
origin: 31 compressed: 11 ratio: 0.3548387096774194 time: 0.15682435035705566
origin: 30 compressed: 8 ratio: 0.26666666666666666 time: 0.15564227104187012
origin: 30 compressed: 8 ratio: 0.26666666666666666 time: 0.19638419151306152
origin: 28 compressed: 7 ratio: 0.25 time: 0.13860106468200684
origin: 31 compressed: 7 ratio: 0.22580645161290322 time: 0.13492822647094727
origin: 33 compressed: 10 ratio: 0.30303030303030304 time: 0.17156267166137695
origin: 30 compressed: 7 ratio: 0.23333333333333334 time: 0.17793822288513184
origin: 30 compressed: 9 ratio: 0.3 time: 0.17128992080688477
origin: 30 compressed: 8 ratio: 0.26666666666666666 time: 0.17114472389221191
origin: 28 compressed: 11 ratio: 0.39285714285714285 time: 0.156052827835083
origin: 26 compressed: 8 ratio: 0.3076923076923077 time: 0.20049357414245605
origin: 29 compressed: 8 ratio: 0.27586206896551724 time: 0.16608929634094238
origin: 30 compressed: 8 ratio: 0.26666666666666666 time: 0.14041852951049805
origin: 33 compressed: 7 ratio: 0.21212121212121213 time: 0.1855330467224121
origin: 30 compressed: 10 ratio: 0.3333333333333333 time: 0.1521739959716797
origin: 30 compressed: 7 ratio: 0.23333333333333334 time: 0.1394815444946289
origin: 33 compressed: 7 ratio: 0.21212121212121213 time: 0.1363353729248047
origin: 28 compressed: 8 ratio: 0.2857142857142857 time: 0.15675854682922363
origin: 25 compressed: 4 ratio: 0.16 time: 0.14717769622802734
origin: 28 compressed: 9 ratio: 0.32142857142857145 time: 0.18019580841064453
origin: 26 compressed: 7 ratio: 0.2692307692307692 time: 0.11940598487854004
origin: 32 compressed: 8 ratio: 0.25 time: 0.17530107498168945
origin: 27 compressed: 5 ratio: 0.18518518518518517 time: 0.13843178749084473
origin: 32 compressed: 7 ratio: 0.21875 time: 0.20214104652404785
origin: 27 compressed: 6 ratio: 0.2222222222222222 time: 0.1794605255126953
origin: 25 compressed: 8 ratio: 0.32 time: 0.1462695598602295
origin: 34 compressed: 9 ratio: 0.2647058823529412 time: 0.19274163246154785
origin: 34 compressed: 8 ratio: 0.23529411764705882 time: 0.16654562950134277
origin: 31 compressed: 10 ratio: 0.3225806451612903 time: 0.2049868106842041
origin: 30 compressed: 7 ratio: 0.23333333333333334 time: 0.18665361404418945
origin: 33 compressed: 7 ratio: 0.21212121212121213 time: 0.1967334747314453
origin: 31 compressed: 7 ratio: 0.22580645161290322 time: 0.20248985290527344
origin: 30 compressed: 10 ratio: 0.3333333333333333 time: 0.19062113761901855
origin: 29 compressed: 8 ratio: 0.27586206896551724 time: 0.16794443130493164
origin: 28 compressed: 8 ratio: 0.2857142857142857 time: 0.1958296298980713
origin: 27 compressed: 7 ratio: 0.25925925925925924 time: 0.14868474006652832
origin: 34 compressed: 8 ratio: 0.23529411764705882 time: 0.16829180717468262
origin: 33 compressed: 8 ratio: 0.24242424242424243 time: 0.18617463111877441
origin: 28 compressed: 7 ratio: 0.25 time: 0.1473696231842041
origin: 31 compressed: 8 ratio: 0.25806451612903225 time: 0.2004251480102539
origin: 33 compressed: 7 ratio: 0.21212121212121213 time: 0.15055513381958008
origin: 32 compressed: 6 ratio: 0.1875 time: 0.1382584571838379
origin: 26 compressed: 9 ratio: 0.34615384615384615 time: 0.2081465721130371
origin: 34 compressed: 8 ratio: 0.23529411764705882 time: 0.1629195213317871
origin: 28 compressed: 8 ratio: 0.2857142857142857 time: 0.1751260757446289
origin: 28 compressed: 7 ratio: 0.25 time: 0.1611194610595703
origin: 32 compressed: 9 ratio: 0.28125 time: 0.16628003120422363
origin: 30 compressed: 8 ratio: 0.26666666666666666 time: 0.16040897369384766
origin: 28 compressed: 8 ratio: 0.2857142857142857 time: 0.15101075172424316
origin: 31 compressed: 10 ratio: 0.3225806451612903 time: 0.19255852699279785
origin: 28 compressed: 8 ratio: 0.2857142857142857 time: 0.1624584197998047
origin: 29 compressed: 9 ratio: 0.3103448275862069 time: 0.16367602348327637
origin: 34 compressed: 9 ratio: 0.2647058823529412 time: 0.16665935516357422
origin: 33 compressed: 6 ratio: 0.18181818181818182 time: 0.1429901123046875
origin: 29 compressed: 8 ratio: 0.27586206896551724 time: 0.16097021102905273
origin: 35 compressed: 9 ratio: 0.2571428571428571 time: 0.21494722366333008
origin: 27 compressed: 7 ratio: 0.25925925925925924 time: 0.14444875717163086
origin: 28 compressed: 9 ratio: 0.32142857142857145 time: 0.15468192100524902
