origin: 71.900000 compressed: 29.900000 ratio: 0.416004 mecstime: 0.940047
origin: 29.400000 compressed: 8.300000 ratio: 0.283288 mecstime: 0.165761
origin: 40.000000 compressed: 11.300000 ratio: 0.282440 mecstime: 0.224884
origin: 45.400000 compressed: 12.900000 ratio: 0.284839 mecstime: 0.281593
origin: 50.900000 compressed: 15.200000 ratio: 0.299018 mecstime: 0.333407
origin: 54.900000 compressed: 16.600000 ratio: 0.301882 mecstime: 0.407586
origin: 59.600000 compressed: 17.200000 ratio: 0.288763 mecstime: 0.433228
origin: 61.600000 compressed: 19.900000 ratio: 0.322851 mecstime: 0.482501
origin: 62.500000 compressed: 21.000000 ratio: 0.335764 mecstime: 0.502747
origin: 66.000000 compressed: 20.700000 ratio: 0.313869 mecstime: 0.561846
origin: 66.000000 compressed: 23.000000 ratio: 0.348761 mecstime: 0.609222
origin: 17.400000 compressed: 4.400000 ratio: 0.256715 mecstime: 0.135457
origin: 66.600000 compressed: 24.300000 ratio: 0.364886 mecstime: 0.605375
origin: 69.000000 compressed: 24.800000 ratio: 0.359793 mecstime: 0.665490
origin: 68.500000 compressed: 22.700000 ratio: 0.331102 mecstime: 0.689185
origin: 69.500000 compressed: 26.900000 ratio: 0.386845 mecstime: 0.733187
origin: 70.200000 compressed: 26.400000 ratio: 0.376021 mecstime: 0.789022
origin: 71.200000 compressed: 26.000000 ratio: 0.365180 mecstime: 0.852033
origin: 70.600000 compressed: 26.600000 ratio: 0.376390 mecstime: 0.821904
origin: 71.300000 compressed: 28.400000 ratio: 0.398727 mecstime: 0.884621
