origin: 13.600000 compressed: 4.200000 ratio: 0.315861 mecstime: 0.103897
origin: 21.200000 compressed: 8.900000 ratio: 0.424052 mecstime: 0.228101
origin: 28.600000 compressed: 13.100000 ratio: 0.461224 mecstime: 0.445556
origin: 32.800000 compressed: 17.100000 ratio: 0.521573 mecstime: 0.703135
origin: 38.000000 compressed: 22.400000 ratio: 0.590432 mecstime: 0.935688
origin: 36.800000 compressed: 26.700000 ratio: 0.726502 mecstime: 1.286437
origin: 37.400000 compressed: 28.700000 ratio: 0.771412 mecstime: 1.617288
origin: 39.900000 compressed: 31.500000 ratio: 0.791114 mecstime: 2.045087
origin: 39.400000 compressed: 33.900000 ratio: 0.861889 mecstime: 2.463092
origin: 37.800000 compressed: 31.900000 ratio: 0.843229 mecstime: 1.987387
origin: 40.300000 compressed: 35.600000 ratio: 0.884447 mecstime: 2.887413
origin: 37.800000 compressed: 33.700000 ratio: 0.893114 mecstime: 2.554795
origin: 36.700000 compressed: 33.100000 ratio: 0.899929 mecstime: 2.358044
origin: 39.500000 compressed: 35.700000 ratio: 0.901864 mecstime: 3.065379
origin: 36.000000 compressed: 33.500000 ratio: 0.928916 mecstime: 2.638605
origin: 35.100000 compressed: 32.400000 ratio: 0.923228 mecstime: 2.306542
origin: 35.500000 compressed: 32.500000 ratio: 0.914348 mecstime: 2.568420
origin: 34.600000 compressed: 31.800000 ratio: 0.918781 mecstime: 2.511450
origin: 32.000000 compressed: 29.500000 ratio: 0.921948 mecstime: 1.856825
origin: 31.700000 compressed: 29.300000 ratio: 0.925331 mecstime: 2.277295
