5 0.315861 0.367647 0.859142
10 0.424052 0.471698 0.898990
15 0.461224 0.524476 0.879400
20 0.521573 0.609756 0.855380
25 0.590432 0.657895 0.897457
30 0.726502 0.815217 0.891176
35 0.771412 0.935829 0.824309
40 0.791114 1.002506 0.789136
45 0.861889 1.142132 0.754632
50 0.843229 1.322751 0.637481
55 0.884447 1.364764 0.648058
60 0.893114 1.587302 0.562662
65 0.899929 1.771117 0.508114
70 0.901864 1.772152 0.508909
75 0.928916 2.083333 0.445880
80 0.923228 2.279202 0.405066
85 0.914348 2.394366 0.381875
90 0.918781 2.601156 0.353220
95 0.921948 2.968750 0.310551
100 0.925331 3.154574 0.293330
