origin: 31 compressed: 8 ratio: 0.258064516129 time: 0.145625114441
origin: 30 compressed: 7 ratio: 0.233333333333 time: 0.160905122757
origin: 31 compressed: 10 ratio: 0.322580645161 time: 0.155407905579
origin: 29 compressed: 8 ratio: 0.275862068966 time: 0.197008132935
origin: 30 compressed: 8 ratio: 0.266666666667 time: 0.178842067719
origin: 27 compressed: 7 ratio: 0.259259259259 time: 0.161082983017
origin: 32 compressed: 10 ratio: 0.3125 time: 0.162458896637
origin: 29 compressed: 7 ratio: 0.241379310345 time: 0.226892948151
origin: 28 compressed: 5 ratio: 0.178571428571 time: 0.182573080063
origin: 33 compressed: 7 ratio: 0.212121212121 time: 0.21363902092
origin: 32 compressed: 8 ratio: 0.25 time: 0.198412179947
origin: 27 compressed: 8 ratio: 0.296296296296 time: 0.140517950058
origin: 29 compressed: 8 ratio: 0.275862068966 time: 0.192708969116
origin: 27 compressed: 7 ratio: 0.259259259259 time: 0.147811889648
origin: 28 compressed: 5 ratio: 0.178571428571 time: 0.149530887604
origin: 31 compressed: 8 ratio: 0.258064516129 time: 0.209583997726
origin: 28 compressed: 6 ratio: 0.214285714286 time: 0.177245140076
origin: 29 compressed: 8 ratio: 0.275862068966 time: 0.161547899246
origin: 30 compressed: 6 ratio: 0.2 time: 0.18745803833
origin: 29 compressed: 7 ratio: 0.241379310345 time: 0.1570520401
origin: 27 compressed: 7 ratio: 0.259259259259 time: 0.160843849182
origin: 29 compressed: 8 ratio: 0.275862068966 time: 0.14567899704
origin: 31 compressed: 6 ratio: 0.193548387097 time: 0.140525102615
origin: 33 compressed: 8 ratio: 0.242424242424 time: 0.174637079239
origin: 34 compressed: 8 ratio: 0.235294117647 time: 0.195486068726
origin: 21 compressed: 7 ratio: 0.333333333333 time: 0.165988922119
origin: 27 compressed: 9 ratio: 0.333333333333 time: 0.179221153259
origin: 29 compressed: 8 ratio: 0.275862068966 time: 0.152463912964
origin: 29 compressed: 9 ratio: 0.310344827586 time: 0.160869836807
origin: 32 compressed: 9 ratio: 0.28125 time: 0.154601812363
origin: 33 compressed: 0 ratio: 0.0 time: 0.000114917755127
origin: 27 compressed: 0 ratio: 0.0 time: 9.89437103271e-05
origin: 30 compressed: 0 ratio: 0.0 time: 0.000107049942017
origin: 30 compressed: 0 ratio: 0.0 time: 0.000105142593384
origin: 28 compressed: 0 ratio: 0.0 time: 0.000111818313599
origin: 32 compressed: 0 ratio: 0.0 time: 0.000127077102661
origin: 35 compressed: 0 ratio: 0.0 time: 0.000144958496094
origin: 31 compressed: 0 ratio: 0.0 time: 0.00010085105896
origin: 27 compressed: 0 ratio: 0.0 time: 0.000100135803223
origin: 33 compressed: 0 ratio: 0.0 time: 0.000117063522339
