origin: 36 compressed: 10 ratio: 0.277777777778 time: 0.232146978378
origin: 40 compressed: 11 ratio: 0.275 time: 0.380618095398
origin: 35 compressed: 9 ratio: 0.257142857143 time: 0.237637996674
origin: 41 compressed: 9 ratio: 0.219512195122 time: 0.251272916794
origin: 44 compressed: 13 ratio: 0.295454545455 time: 0.26153087616
origin: 39 compressed: 10 ratio: 0.25641025641 time: 0.267869949341
origin: 42 compressed: 9 ratio: 0.214285714286 time: 0.28676700592
origin: 38 compressed: 10 ratio: 0.263157894737 time: 0.256712913513
origin: 38 compressed: 10 ratio: 0.263157894737 time: 0.223470926285
origin: 34 compressed: 11 ratio: 0.323529411765 time: 0.21914601326
origin: 40 compressed: 10 ratio: 0.25 time: 0.311360836029
origin: 38 compressed: 11 ratio: 0.289473684211 time: 0.23036980629
origin: 34 compressed: 10 ratio: 0.294117647059 time: 0.189919948578
origin: 41 compressed: 11 ratio: 0.268292682927 time: 0.286813020706
origin: 41 compressed: 10 ratio: 0.243902439024 time: 0.277991056442
origin: 38 compressed: 8 ratio: 0.210526315789 time: 0.324959039688
origin: 38 compressed: 7 ratio: 0.184210526316 time: 0.282814025879
origin: 40 compressed: 8 ratio: 0.2 time: 0.256019115448
origin: 40 compressed: 11 ratio: 0.275 time: 0.269505023956
origin: 40 compressed: 9 ratio: 0.225 time: 0.241360902786
origin: 41 compressed: 10 ratio: 0.243902439024 time: 0.235980033875
origin: 40 compressed: 10 ratio: 0.25 time: 0.240102052689
origin: 34 compressed: 11 ratio: 0.323529411765 time: 0.230551958084
origin: 37 compressed: 10 ratio: 0.27027027027 time: 0.215092897415
origin: 36 compressed: 11 ratio: 0.305555555556 time: 0.228826999664
origin: 43 compressed: 11 ratio: 0.255813953488 time: 0.299404144287
origin: 41 compressed: 11 ratio: 0.268292682927 time: 0.291136980057
origin: 39 compressed: 9 ratio: 0.230769230769 time: 0.212297916412
origin: 39 compressed: 11 ratio: 0.282051282051 time: 0.28733086586
origin: 42 compressed: 10 ratio: 0.238095238095 time: 0.278132915497
origin: 36 compressed: 0 ratio: 0.0 time: 0.000108003616333
origin: 40 compressed: 0 ratio: 0.0 time: 0.000131130218506
origin: 39 compressed: 0 ratio: 0.0 time: 0.000123023986816
origin: 39 compressed: 0 ratio: 0.0 time: 0.000127077102661
origin: 42 compressed: 0 ratio: 0.0 time: 0.000128984451294
origin: 42 compressed: 0 ratio: 0.0 time: 0.000130176544189
origin: 42 compressed: 0 ratio: 0.0 time: 0.0001380443573
origin: 42 compressed: 0 ratio: 0.0 time: 0.00011682510376
origin: 38 compressed: 0 ratio: 0.0 time: 0.00011682510376
origin: 37 compressed: 0 ratio: 0.0 time: 0.000139951705933
