origin: 48 compressed: 13 ratio: 0.270833333333 time: 0.322906017303
origin: 44 compressed: 12 ratio: 0.272727272727 time: 0.307507038116
origin: 44 compressed: 14 ratio: 0.318181818182 time: 0.338320016861
origin: 47 compressed: 11 ratio: 0.234042553191 time: 0.351943969727
origin: 54 compressed: 13 ratio: 0.240740740741 time: 0.363888978958
origin: 50 compressed: 14 ratio: 0.28 time: 0.293010950089
origin: 47 compressed: 15 ratio: 0.31914893617 time: 0.381968975067
origin: 46 compressed: 13 ratio: 0.282608695652 time: 0.299809932709
origin: 45 compressed: 10 ratio: 0.222222222222 time: 0.314449071884
origin: 48 compressed: 14 ratio: 0.291666666667 time: 0.360680103302
origin: 47 compressed: 15 ratio: 0.31914893617 time: 0.41344499588
origin: 49 compressed: 12 ratio: 0.244897959184 time: 0.384501934052
origin: 45 compressed: 8 ratio: 0.177777777778 time: 0.389847040176
origin: 43 compressed: 15 ratio: 0.348837209302 time: 0.317996025085
origin: 44 compressed: 12 ratio: 0.272727272727 time: 0.368604183197
origin: 50 compressed: 11 ratio: 0.22 time: 0.371978998184
origin: 48 compressed: 12 ratio: 0.25 time: 0.378638029099
origin: 43 compressed: 13 ratio: 0.302325581395 time: 0.30715918541
origin: 48 compressed: 13 ratio: 0.270833333333 time: 0.442593097687
origin: 48 compressed: 15 ratio: 0.3125 time: 0.351198911667
origin: 46 compressed: 15 ratio: 0.326086956522 time: 0.412140130997
origin: 49 compressed: 12 ratio: 0.244897959184 time: 0.379742145538
origin: 47 compressed: 17 ratio: 0.36170212766 time: 0.351285934448
origin: 47 compressed: 12 ratio: 0.255319148936 time: 0.383549928665
origin: 46 compressed: 15 ratio: 0.326086956522 time: 0.339423179626
origin: 47 compressed: 10 ratio: 0.212765957447 time: 0.331045150757
origin: 44 compressed: 13 ratio: 0.295454545455 time: 0.291907787323
origin: 49 compressed: 14 ratio: 0.285714285714 time: 0.353713035583
origin: 48 compressed: 14 ratio: 0.291666666667 time: 0.364117860794
origin: 45 compressed: 13 ratio: 0.288888888889 time: 0.364640951157
origin: 45 compressed: 0 ratio: 0.0 time: 0.000149011611938
origin: 41 compressed: 0 ratio: 0.0 time: 0.0001380443573
origin: 51 compressed: 0 ratio: 0.0 time: 0.000180006027222
origin: 47 compressed: 0 ratio: 0.0 time: 0.000139951705933
origin: 47 compressed: 0 ratio: 0.0 time: 0.000146150588989
origin: 41 compressed: 0 ratio: 0.0 time: 0.0001380443573
origin: 40 compressed: 0 ratio: 0.0 time: 0.000134944915771
origin: 51 compressed: 0 ratio: 0.0 time: 0.000293016433716
origin: 43 compressed: 0 ratio: 0.0 time: 0.000140905380249
origin: 53 compressed: 0 ratio: 0.0 time: 0.00015115737915
