origin: 51 compressed: 18 ratio: 0.352941176471 time: 0.4269759655
origin: 58 compressed: 18 ratio: 0.310344827586 time: 0.558784008026
origin: 51 compressed: 13 ratio: 0.254901960784 time: 0.464290142059
origin: 49 compressed: 13 ratio: 0.265306122449 time: 0.496971845627
origin: 50 compressed: 14 ratio: 0.28 time: 0.356327056885
origin: 51 compressed: 14 ratio: 0.274509803922 time: 0.372501134872
origin: 48 compressed: 10 ratio: 0.208333333333 time: 0.401788949966
origin: 48 compressed: 11 ratio: 0.229166666667 time: 0.438508033752
origin: 48 compressed: 15 ratio: 0.3125 time: 0.356176137924
origin: 57 compressed: 19 ratio: 0.333333333333 time: 0.483055830002
origin: 49 compressed: 13 ratio: 0.265306122449 time: 0.35983300209
origin: 54 compressed: 10 ratio: 0.185185185185 time: 0.446222066879
origin: 53 compressed: 13 ratio: 0.245283018868 time: 0.474247932434
origin: 53 compressed: 15 ratio: 0.283018867925 time: 0.425749063492
origin: 56 compressed: 17 ratio: 0.303571428571 time: 0.489562988281
origin: 56 compressed: 15 ratio: 0.267857142857 time: 0.425538063049
origin: 47 compressed: 13 ratio: 0.276595744681 time: 0.34462594986
origin: 48 compressed: 12 ratio: 0.25 time: 0.349768161774
origin: 48 compressed: 15 ratio: 0.3125 time: 0.362093925476
origin: 46 compressed: 12 ratio: 0.260869565217 time: 0.397359132767
origin: 54 compressed: 15 ratio: 0.277777777778 time: 0.431874036789
origin: 50 compressed: 15 ratio: 0.3 time: 0.41908288002
origin: 50 compressed: 15 ratio: 0.3 time: 0.433527946472
origin: 54 compressed: 16 ratio: 0.296296296296 time: 0.426995038986
origin: 48 compressed: 10 ratio: 0.208333333333 time: 0.411916971207
origin: 55 compressed: 13 ratio: 0.236363636364 time: 0.454765081406
origin: 50 compressed: 16 ratio: 0.32 time: 0.38573718071
origin: 47 compressed: 13 ratio: 0.276595744681 time: 0.492102861404
origin: 49 compressed: 12 ratio: 0.244897959184 time: 0.391522884369
origin: 48 compressed: 14 ratio: 0.291666666667 time: 0.403714895248
origin: 48 compressed: 0 ratio: 0.0 time: 0.000165939331055
origin: 52 compressed: 0 ratio: 0.0 time: 0.000164031982422
origin: 51 compressed: 0 ratio: 0.0 time: 0.000159025192261
origin: 53 compressed: 0 ratio: 0.0 time: 0.000163078308105
origin: 51 compressed: 0 ratio: 0.0 time: 0.000173807144165
origin: 46 compressed: 0 ratio: 0.0 time: 0.000143051147461
origin: 46 compressed: 0 ratio: 0.0 time: 0.000149965286255
origin: 48 compressed: 0 ratio: 0.0 time: 0.000165939331055
origin: 53 compressed: 0 ratio: 0.0 time: 0.000175952911377
origin: 52 compressed: 0 ratio: 0.0 time: 0.000160932540894
