origin: 52 compressed: 13 ratio: 0.25 time: 0.436495780945
origin: 55 compressed: 18 ratio: 0.327272727273 time: 0.50387096405
origin: 61 compressed: 14 ratio: 0.229508196721 time: 0.558998823166
origin: 59 compressed: 17 ratio: 0.28813559322 time: 0.496538162231
origin: 58 compressed: 13 ratio: 0.224137931034 time: 0.483589172363
origin: 55 compressed: 13 ratio: 0.236363636364 time: 0.495098829269
origin: 53 compressed: 14 ratio: 0.264150943396 time: 0.494179010391
origin: 52 compressed: 16 ratio: 0.307692307692 time: 0.508995771408
origin: 60 compressed: 17 ratio: 0.283333333333 time: 0.54852104187
origin: 52 compressed: 18 ratio: 0.346153846154 time: 0.468122005463
origin: 52 compressed: 15 ratio: 0.288461538462 time: 0.531534194946
origin: 50 compressed: 13 ratio: 0.26 time: 0.387538909912
origin: 53 compressed: 15 ratio: 0.283018867925 time: 0.499639034271
origin: 54 compressed: 16 ratio: 0.296296296296 time: 0.494730949402
origin: 59 compressed: 15 ratio: 0.254237288136 time: 0.528259038925
origin: 62 compressed: 17 ratio: 0.274193548387 time: 0.624175071716
origin: 53 compressed: 15 ratio: 0.283018867925 time: 0.470333099365
origin: 54 compressed: 14 ratio: 0.259259259259 time: 0.514950990677
origin: 55 compressed: 14 ratio: 0.254545454545 time: 0.500977993011
origin: 57 compressed: 18 ratio: 0.315789473684 time: 0.561212062836
origin: 55 compressed: 16 ratio: 0.290909090909 time: 0.50191116333
origin: 52 compressed: 15 ratio: 0.288461538462 time: 0.468655824661
origin: 51 compressed: 14 ratio: 0.274509803922 time: 0.451847076416
origin: 58 compressed: 17 ratio: 0.293103448276 time: 0.497814893723
origin: 56 compressed: 13 ratio: 0.232142857143 time: 0.523211956024
origin: 57 compressed: 16 ratio: 0.280701754386 time: 0.485854148865
origin: 58 compressed: 19 ratio: 0.327586206897 time: 0.554888010025
origin: 53 compressed: 12 ratio: 0.22641509434 time: 0.458195924759
origin: 60 compressed: 21 ratio: 0.35 time: 0.545526981354
origin: 59 compressed: 17 ratio: 0.28813559322 time: 0.649082899094
origin: 53 compressed: 0 ratio: 0.0 time: 0.000166893005371
origin: 56 compressed: 0 ratio: 0.0 time: 0.00016713142395
origin: 57 compressed: 0 ratio: 0.0 time: 0.000185966491699
origin: 57 compressed: 0 ratio: 0.0 time: 0.000176906585693
origin: 55 compressed: 0 ratio: 0.0 time: 0.000166893005371
origin: 59 compressed: 0 ratio: 0.0 time: 0.000181913375854
origin: 53 compressed: 0 ratio: 0.0 time: 0.000171184539795
origin: 48 compressed: 0 ratio: 0.0 time: 0.000163078308105
origin: 56 compressed: 0 ratio: 0.0 time: 0.000179052352905
origin: 54 compressed: 0 ratio: 0.0 time: 0.000180959701538
