origin: 61 compressed: 15 ratio: 0.245901639344 time: 0.576542854309
origin: 60 compressed: 18 ratio: 0.3 time: 0.615372896194
origin: 58 compressed: 18 ratio: 0.310344827586 time: 0.56418800354
origin: 61 compressed: 17 ratio: 0.27868852459 time: 0.565443992615
origin: 58 compressed: 17 ratio: 0.293103448276 time: 0.551464080811
origin: 55 compressed: 15 ratio: 0.272727272727 time: 0.594172954559
origin: 55 compressed: 16 ratio: 0.290909090909 time: 0.563592910767
origin: 58 compressed: 20 ratio: 0.344827586207 time: 0.586723089218
origin: 58 compressed: 16 ratio: 0.275862068966 time: 0.622282028198
origin: 59 compressed: 20 ratio: 0.338983050847 time: 0.596634149551
origin: 60 compressed: 17 ratio: 0.283333333333 time: 0.554829835892
origin: 58 compressed: 15 ratio: 0.258620689655 time: 0.603209018707
origin: 53 compressed: 17 ratio: 0.320754716981 time: 0.54748415947
origin: 58 compressed: 15 ratio: 0.258620689655 time: 0.578056097031
origin: 64 compressed: 16 ratio: 0.25 time: 0.613305091858
origin: 64 compressed: 21 ratio: 0.328125 time: 0.742290019989
origin: 59 compressed: 18 ratio: 0.305084745763 time: 0.626194000244
origin: 60 compressed: 20 ratio: 0.333333333333 time: 0.659110784531
origin: 58 compressed: 18 ratio: 0.310344827586 time: 0.573114871979
origin: 58 compressed: 16 ratio: 0.275862068966 time: 0.651656866074
origin: 57 compressed: 14 ratio: 0.245614035088 time: 0.529985189438
origin: 56 compressed: 14 ratio: 0.25 time: 0.472695827484
origin: 60 compressed: 17 ratio: 0.283333333333 time: 0.531905889511
origin: 58 compressed: 16 ratio: 0.275862068966 time: 0.516515016556
origin: 65 compressed: 17 ratio: 0.261538461538 time: 0.735327959061
origin: 58 compressed: 13 ratio: 0.224137931034 time: 0.563003063202
origin: 59 compressed: 18 ratio: 0.305084745763 time: 0.641988992691
origin: 55 compressed: 19 ratio: 0.345454545455 time: 0.4747838974
origin: 61 compressed: 18 ratio: 0.295081967213 time: 0.636914968491
origin: 60 compressed: 18 ratio: 0.3 time: 0.529515981674
origin: 64 compressed: 0 ratio: 0.0 time: 0.000188112258911
origin: 59 compressed: 0 ratio: 0.0 time: 0.000218868255615
origin: 57 compressed: 0 ratio: 0.0 time: 0.000210046768188
origin: 58 compressed: 0 ratio: 0.0 time: 0.000221014022827
origin: 58 compressed: 0 ratio: 0.0 time: 0.000201940536499
origin: 62 compressed: 0 ratio: 0.0 time: 0.000185966491699
origin: 59 compressed: 0 ratio: 0.0 time: 0.000181913375854
origin: 55 compressed: 0 ratio: 0.0 time: 0.000189065933228
origin: 55 compressed: 0 ratio: 0.0 time: 0.000176906585693
origin: 51 compressed: 0 ratio: 0.0 time: 0.000182867050171
