origin: 58 compressed: 15 ratio: 0.258620689655 time: 0.63799405098
origin: 58 compressed: 19 ratio: 0.327586206897 time: 0.604128837585
origin: 58 compressed: 12 ratio: 0.206896551724 time: 0.568900108337
origin: 57 compressed: 14 ratio: 0.245614035088 time: 0.630265951157
origin: 60 compressed: 19 ratio: 0.316666666667 time: 0.548335075378
origin: 62 compressed: 19 ratio: 0.306451612903 time: 0.677627086639
origin: 59 compressed: 20 ratio: 0.338983050847 time: 0.689758062363
origin: 60 compressed: 22 ratio: 0.366666666667 time: 0.626266956329
origin: 59 compressed: 22 ratio: 0.372881355932 time: 0.635089159012
origin: 63 compressed: 15 ratio: 0.238095238095 time: 0.69448184967
origin: 60 compressed: 17 ratio: 0.283333333333 time: 0.71778011322
origin: 66 compressed: 16 ratio: 0.242424242424 time: 0.763344764709
origin: 63 compressed: 16 ratio: 0.253968253968 time: 0.69045996666
origin: 69 compressed: 21 ratio: 0.304347826087 time: 0.710706949234
origin: 58 compressed: 18 ratio: 0.310344827586 time: 0.563712835312
origin: 56 compressed: 15 ratio: 0.267857142857 time: 0.624740123749
origin: 63 compressed: 19 ratio: 0.301587301587 time: 0.646414041519
origin: 62 compressed: 16 ratio: 0.258064516129 time: 0.742079019547
origin: 63 compressed: 21 ratio: 0.333333333333 time: 0.685821056366
origin: 62 compressed: 20 ratio: 0.322580645161 time: 0.635429143906
origin: 64 compressed: 19 ratio: 0.296875 time: 0.728462934494
origin: 61 compressed: 16 ratio: 0.262295081967 time: 0.6856508255
origin: 65 compressed: 18 ratio: 0.276923076923 time: 0.892202138901
origin: 57 compressed: 14 ratio: 0.245614035088 time: 0.677826881409
origin: 65 compressed: 14 ratio: 0.215384615385 time: 0.701545000076
origin: 64 compressed: 20 ratio: 0.3125 time: 0.623340845108
origin: 64 compressed: 20 ratio: 0.3125 time: 0.802217960358
origin: 61 compressed: 18 ratio: 0.295081967213 time: 0.641220092773
origin: 65 compressed: 21 ratio: 0.323076923077 time: 0.683580160141
origin: 60 compressed: 17 ratio: 0.283333333333 time: 0.750372171402
origin: 58 compressed: 0 ratio: 0.0 time: 0.000196933746338
origin: 60 compressed: 0 ratio: 0.0 time: 0.000209093093872
origin: 63 compressed: 0 ratio: 0.0 time: 0.000208139419556
origin: 58 compressed: 0 ratio: 0.0 time: 0.000365972518921
origin: 62 compressed: 0 ratio: 0.0 time: 0.000361919403076
origin: 60 compressed: 0 ratio: 0.0 time: 0.000236988067627
origin: 63 compressed: 0 ratio: 0.0 time: 0.000197172164917
origin: 60 compressed: 0 ratio: 0.0 time: 0.000205993652344
origin: 58 compressed: 0 ratio: 0.0 time: 0.000197172164917
origin: 63 compressed: 0 ratio: 0.0 time: 0.000221014022827
