origin: 64 compressed: 19 ratio: 0.296875 time: 0.772313833237
origin: 68 compressed: 21 ratio: 0.308823529412 time: 0.812146186829
origin: 59 compressed: 18 ratio: 0.305084745763 time: 0.675285100937
origin: 63 compressed: 21 ratio: 0.333333333333 time: 0.684250116348
origin: 63 compressed: 18 ratio: 0.285714285714 time: 0.699205160141
origin: 63 compressed: 18 ratio: 0.285714285714 time: 0.748304843903
origin: 64 compressed: 14 ratio: 0.21875 time: 0.681647777557
origin: 64 compressed: 18 ratio: 0.28125 time: 0.776499032974
origin: 60 compressed: 21 ratio: 0.35 time: 0.752999067307
origin: 66 compressed: 19 ratio: 0.287878787879 time: 0.918287992477
origin: 61 compressed: 19 ratio: 0.311475409836 time: 0.759285211563
origin: 66 compressed: 18 ratio: 0.272727272727 time: 0.760221004486
origin: 69 compressed: 20 ratio: 0.289855072464 time: 0.862493991852
origin: 64 compressed: 16 ratio: 0.25 time: 0.765652179718
origin: 64 compressed: 21 ratio: 0.328125 time: 0.721581935883
origin: 62 compressed: 17 ratio: 0.274193548387 time: 0.685189008713
origin: 63 compressed: 16 ratio: 0.253968253968 time: 0.724222183228
origin: 60 compressed: 16 ratio: 0.266666666667 time: 0.644642114639
origin: 67 compressed: 21 ratio: 0.313432835821 time: 0.757565975189
origin: 66 compressed: 24 ratio: 0.363636363636 time: 0.804806947708
origin: 63 compressed: 24 ratio: 0.380952380952 time: 0.760968923569
origin: 63 compressed: 18 ratio: 0.285714285714 time: 0.684271097183
origin: 64 compressed: 14 ratio: 0.21875 time: 0.786149978638
origin: 61 compressed: 17 ratio: 0.27868852459 time: 0.68620800972
origin: 63 compressed: 20 ratio: 0.31746031746 time: 0.679722070694
origin: 62 compressed: 18 ratio: 0.290322580645 time: 0.755738019943
origin: 64 compressed: 18 ratio: 0.28125 time: 0.68417596817
origin: 62 compressed: 20 ratio: 0.322580645161 time: 0.754777908325
origin: 63 compressed: 16 ratio: 0.253968253968 time: 0.761451005936
origin: 62 compressed: 16 ratio: 0.258064516129 time: 0.744260072708
origin: 65 compressed: 0 ratio: 0.0 time: 0.000224113464355
origin: 64 compressed: 0 ratio: 0.0 time: 0.0002121925354
origin: 66 compressed: 0 ratio: 0.0 time: 0.000218868255615
origin: 62 compressed: 0 ratio: 0.0 time: 0.000207901000977
origin: 68 compressed: 0 ratio: 0.0 time: 0.000236034393311
origin: 62 compressed: 0 ratio: 0.0 time: 0.000234127044678
origin: 63 compressed: 0 ratio: 0.0 time: 0.000205039978027
origin: 60 compressed: 0 ratio: 0.0 time: 0.000221014022827
origin: 67 compressed: 0 ratio: 0.0 time: 0.000236034393311
origin: 65 compressed: 0 ratio: 0.0 time: 0.000223875045776
