origin: 17 compressed: 5 ratio: 0.294117647059 time: 0.064337015152
origin: 15 compressed: 4 ratio: 0.266666666667 time: 0.0764780044556
origin: 18 compressed: 5 ratio: 0.277777777778 time: 0.0802540779114
origin: 17 compressed: 3 ratio: 0.176470588235 time: 0.0772278308868
origin: 19 compressed: 4 ratio: 0.210526315789 time: 0.0746488571167
origin: 21 compressed: 5 ratio: 0.238095238095 time: 0.109309911728
origin: 17 compressed: 4 ratio: 0.235294117647 time: 0.100773096085
origin: 15 compressed: 1 ratio: 0.0666666666667 time: 0.0597128868103
origin: 18 compressed: 6 ratio: 0.333333333333 time: 0.092246055603
origin: 20 compressed: 5 ratio: 0.25 time: 0.0736331939697
origin: 19 compressed: 5 ratio: 0.263157894737 time: 0.103681087494
origin: 17 compressed: 4 ratio: 0.235294117647 time: 0.0788841247559
origin: 17 compressed: 5 ratio: 0.294117647059 time: 0.0656499862671
origin: 21 compressed: 5 ratio: 0.238095238095 time: 0.0921020507812
origin: 19 compressed: 5 ratio: 0.263157894737 time: 0.0832018852234
origin: 18 compressed: 6 ratio: 0.333333333333 time: 0.0738079547882
origin: 18 compressed: 3 ratio: 0.166666666667 time: 0.0966560840607
origin: 20 compressed: 4 ratio: 0.2 time: 0.086462020874
origin: 17 compressed: 3 ratio: 0.176470588235 time: 0.0913548469543
origin: 19 compressed: 4 ratio: 0.210526315789 time: 0.0957748889923
origin: 17 compressed: 4 ratio: 0.235294117647 time: 0.0706009864807
origin: 16 compressed: 4 ratio: 0.25 time: 0.0578401088715
origin: 17 compressed: 4 ratio: 0.235294117647 time: 0.08345079422
origin: 18 compressed: 5 ratio: 0.277777777778 time: 0.0705308914185
origin: 18 compressed: 4 ratio: 0.222222222222 time: 0.069130897522
origin: 16 compressed: 4 ratio: 0.25 time: 0.0613079071045
origin: 14 compressed: 4 ratio: 0.285714285714 time: 0.0526940822601
origin: 17 compressed: 5 ratio: 0.294117647059 time: 0.085177898407
origin: 19 compressed: 4 ratio: 0.210526315789 time: 0.0724849700928
origin: 20 compressed: 4 ratio: 0.2 time: 0.0860979557037
origin: 18 compressed: 0 ratio: 0.0 time: 7.10487365723e-05
origin: 22 compressed: 0 ratio: 0.0 time: 7.20024108887e-05
origin: 16 compressed: 0 ratio: 0.0 time: 5.88893890381e-05
origin: 17 compressed: 0 ratio: 0.0 time: 7.29560852051e-05
origin: 19 compressed: 0 ratio: 0.0 time: 7.20024108887e-05
origin: 17 compressed: 0 ratio: 0.0 time: 7.29560852051e-05
origin: 17 compressed: 0 ratio: 0.0 time: 8.29696655273e-05
origin: 18 compressed: 0 ratio: 0.0 time: 7.79628753662e-05
origin: 21 compressed: 0 ratio: 0.0 time: 7.39097595215e-05
origin: 17 compressed: 0 ratio: 0.0 time: 7.5101852417e-05
