origin: 64 compressed: 16 ratio: 0.25 time: 0.742019176483
origin: 64 compressed: 19 ratio: 0.296875 time: 0.774234056473
origin: 64 compressed: 22 ratio: 0.34375 time: 0.693839073181
origin: 68 compressed: 19 ratio: 0.279411764706 time: 0.854526996613
origin: 67 compressed: 18 ratio: 0.268656716418 time: 0.779271841049
origin: 67 compressed: 20 ratio: 0.298507462687 time: 0.829113006592
origin: 64 compressed: 18 ratio: 0.28125 time: 0.879623174667
origin: 66 compressed: 20 ratio: 0.30303030303 time: 0.811226129532
origin: 68 compressed: 20 ratio: 0.294117647059 time: 0.750036001205
origin: 62 compressed: 22 ratio: 0.354838709677 time: 0.890362977982
origin: 69 compressed: 20 ratio: 0.289855072464 time: 0.830469846725
origin: 63 compressed: 18 ratio: 0.285714285714 time: 0.785098075867
origin: 67 compressed: 17 ratio: 0.253731343284 time: 0.8268430233
origin: 66 compressed: 20 ratio: 0.30303030303 time: 0.81564116478
origin: 67 compressed: 21 ratio: 0.313432835821 time: 0.902270078659
origin: 63 compressed: 20 ratio: 0.31746031746 time: 0.793381929398
origin: 64 compressed: 20 ratio: 0.3125 time: 0.907902002335
origin: 68 compressed: 19 ratio: 0.279411764706 time: 0.945812940598
origin: 65 compressed: 21 ratio: 0.323076923077 time: 0.794151067734
origin: 63 compressed: 18 ratio: 0.285714285714 time: 0.786239862442
origin: 61 compressed: 15 ratio: 0.245901639344 time: 0.756444215775
origin: 65 compressed: 19 ratio: 0.292307692308 time: 0.824714899063
origin: 67 compressed: 19 ratio: 0.283582089552 time: 0.76637506485
origin: 62 compressed: 18 ratio: 0.290322580645 time: 0.719506978989
origin: 68 compressed: 20 ratio: 0.294117647059 time: 0.861293077469
origin: 61 compressed: 19 ratio: 0.311475409836 time: 0.762104034424
origin: 66 compressed: 22 ratio: 0.333333333333 time: 0.955950021744
origin: 66 compressed: 21 ratio: 0.318181818182 time: 0.839347839355
origin: 62 compressed: 18 ratio: 0.290322580645 time: 0.759197950363
origin: 63 compressed: 18 ratio: 0.285714285714 time: 0.783638954163
origin: 63 compressed: 0 ratio: 0.0 time: 0.000227928161621
origin: 64 compressed: 0 ratio: 0.0 time: 0.000246047973633
origin: 62 compressed: 0 ratio: 0.0 time: 0.000247955322266
origin: 64 compressed: 0 ratio: 0.0 time: 0.000226020812988
origin: 65 compressed: 0 ratio: 0.0 time: 0.000235080718994
origin: 66 compressed: 0 ratio: 0.0 time: 0.000231981277466
origin: 64 compressed: 0 ratio: 0.0 time: 0.000226020812988
origin: 63 compressed: 0 ratio: 0.0 time: 0.000227212905884
origin: 63 compressed: 0 ratio: 0.0 time: 0.000230073928833
origin: 63 compressed: 0 ratio: 0.0 time: 0.000395059585571
