origin: 67 compressed: 21 ratio: 0.313432835821 time: 0.928373098373
origin: 67 compressed: 21 ratio: 0.313432835821 time: 0.98047208786
origin: 62 compressed: 17 ratio: 0.274193548387 time: 0.841563940048
origin: 65 compressed: 18 ratio: 0.276923076923 time: 0.719049930573
origin: 69 compressed: 22 ratio: 0.31884057971 time: 0.977782011032
origin: 68 compressed: 22 ratio: 0.323529411765 time: 0.844121932983
origin: 65 compressed: 22 ratio: 0.338461538462 time: 0.924658060074
origin: 66 compressed: 17 ratio: 0.257575757576 time: 0.967571973801
origin: 67 compressed: 20 ratio: 0.298507462687 time: 0.836091995239
origin: 66 compressed: 20 ratio: 0.30303030303 time: 0.895435094833
origin: 64 compressed: 18 ratio: 0.28125 time: 1.01572012901
origin: 70 compressed: 18 ratio: 0.257142857143 time: 0.999258041382
origin: 67 compressed: 21 ratio: 0.313432835821 time: 0.992235898972
origin: 64 compressed: 18 ratio: 0.28125 time: 0.842023849487
origin: 68 compressed: 20 ratio: 0.294117647059 time: 0.897758960724
origin: 64 compressed: 20 ratio: 0.3125 time: 0.832890987396
origin: 67 compressed: 21 ratio: 0.313432835821 time: 0.831604003906
origin: 65 compressed: 20 ratio: 0.307692307692 time: 0.819447994232
origin: 67 compressed: 21 ratio: 0.313432835821 time: 0.866816997528
origin: 69 compressed: 21 ratio: 0.304347826087 time: 1.01006197929
origin: 68 compressed: 20 ratio: 0.294117647059 time: 0.927170991898
origin: 68 compressed: 18 ratio: 0.264705882353 time: 0.922437906265
origin: 65 compressed: 20 ratio: 0.307692307692 time: 0.878988981247
origin: 64 compressed: 20 ratio: 0.3125 time: 0.840553998947
origin: 68 compressed: 20 ratio: 0.294117647059 time: 0.847723007202
origin: 68 compressed: 20 ratio: 0.294117647059 time: 0.85751914978
origin: 68 compressed: 18 ratio: 0.264705882353 time: 0.927991867065
origin: 68 compressed: 23 ratio: 0.338235294118 time: 1.04418706894
origin: 69 compressed: 20 ratio: 0.289855072464 time: 1.02796816826
origin: 67 compressed: 21 ratio: 0.313432835821 time: 0.852671861649
origin: 65 compressed: 0 ratio: 0.0 time: 0.00023889541626
origin: 67 compressed: 0 ratio: 0.0 time: 0.000225782394409
origin: 64 compressed: 0 ratio: 0.0 time: 0.000232934951782
origin: 71 compressed: 0 ratio: 0.0 time: 0.000249862670898
origin: 69 compressed: 0 ratio: 0.0 time: 0.000240802764893
origin: 66 compressed: 0 ratio: 0.0 time: 0.000257015228271
origin: 62 compressed: 0 ratio: 0.0 time: 0.000239133834839
origin: 67 compressed: 0 ratio: 0.0 time: 0.000273942947388
origin: 66 compressed: 0 ratio: 0.0 time: 0.000234842300415
origin: 68 compressed: 0 ratio: 0.0 time: 0.000244140625
