origin: 68 compressed: 21 ratio: 0.308823529412 time: 1.09968209267
origin: 66 compressed: 22 ratio: 0.333333333333 time: 0.94173002243
origin: 68 compressed: 20 ratio: 0.294117647059 time: 1.0324420929
origin: 63 compressed: 17 ratio: 0.269841269841 time: 0.731011152267
origin: 72 compressed: 23 ratio: 0.319444444444 time: 1.08784008026
origin: 72 compressed: 23 ratio: 0.319444444444 time: 1.08613204956
origin: 71 compressed: 18 ratio: 0.253521126761 time: 0.956894874573
origin: 64 compressed: 19 ratio: 0.296875 time: 0.957620859146
origin: 70 compressed: 20 ratio: 0.285714285714 time: 1.03826498985
origin: 70 compressed: 22 ratio: 0.314285714286 time: 0.933836936951
origin: 69 compressed: 21 ratio: 0.304347826087 time: 1.03452920914
origin: 67 compressed: 20 ratio: 0.298507462687 time: 0.868463993073
origin: 70 compressed: 23 ratio: 0.328571428571 time: 0.96025800705
origin: 69 compressed: 22 ratio: 0.31884057971 time: 1.11082100868
origin: 65 compressed: 22 ratio: 0.338461538462 time: 0.887209892273
origin: 70 compressed: 23 ratio: 0.328571428571 time: 1.05562520027
origin: 67 compressed: 20 ratio: 0.298507462687 time: 0.808071136475
origin: 68 compressed: 22 ratio: 0.323529411765 time: 1.03835391998
origin: 66 compressed: 20 ratio: 0.30303030303 time: 0.996411085129
origin: 71 compressed: 23 ratio: 0.323943661972 time: 1.1154050827
origin: 69 compressed: 20 ratio: 0.289855072464 time: 1.08315610886
origin: 65 compressed: 20 ratio: 0.307692307692 time: 1.10339713097
origin: 68 compressed: 18 ratio: 0.264705882353 time: 0.936192035675
origin: 64 compressed: 19 ratio: 0.296875 time: 1.0179541111
origin: 70 compressed: 20 ratio: 0.285714285714 time: 0.924733161926
origin: 67 compressed: 22 ratio: 0.328358208955 time: 0.952750921249
origin: 68 compressed: 21 ratio: 0.308823529412 time: 0.914406061172
origin: 68 compressed: 0 ratio: 0.0 time: 0.000293016433716
origin: 66 compressed: 0 ratio: 0.0 time: 0.000253915786743
origin: 71 compressed: 0 ratio: 0.0 time: 0.000253915786743
origin: 65 compressed: 0 ratio: 0.0 time: 0.000244140625
origin: 65 compressed: 0 ratio: 0.0 time: 0.000240087509155
origin: 68 compressed: 0 ratio: 0.0 time: 0.000257015228271
origin: 66 compressed: 0 ratio: 0.0 time: 0.000242948532104
origin: 70 compressed: 0 ratio: 0.0 time: 0.000252962112427
origin: 63 compressed: 0 ratio: 0.0 time: 0.000290870666504
origin: 68 compressed: 0 ratio: 0.0 time: 0.000258922576904
