origin: 73 compressed: 22 ratio: 0.301369863014 time: 1.28040099144
origin: 66 compressed: 17 ratio: 0.257575757576 time: 0.976097106934
origin: 70 compressed: 20 ratio: 0.285714285714 time: 1.08321404457
origin: 66 compressed: 21 ratio: 0.318181818182 time: 0.975696086884
origin: 69 compressed: 22 ratio: 0.31884057971 time: 1.09394717216
origin: 64 compressed: 19 ratio: 0.296875 time: 0.921514987946
origin: 64 compressed: 26 ratio: 0.40625 time: 1.10848808289
origin: 69 compressed: 19 ratio: 0.275362318841 time: 1.1723780632
origin: 68 compressed: 19 ratio: 0.279411764706 time: 1.00515413284
origin: 63 compressed: 20 ratio: 0.31746031746 time: 0.945972919464
origin: 71 compressed: 21 ratio: 0.295774647887 time: 1.00628185272
origin: 69 compressed: 22 ratio: 0.31884057971 time: 1.09078812599
origin: 66 compressed: 21 ratio: 0.318181818182 time: 1.03218102455
origin: 71 compressed: 19 ratio: 0.267605633803 time: 1.12183618546
origin: 66 compressed: 19 ratio: 0.287878787879 time: 0.877724885941
origin: 67 compressed: 22 ratio: 0.328358208955 time: 1.01724815369
origin: 72 compressed: 24 ratio: 0.333333333333 time: 1.04352402687
origin: 71 compressed: 21 ratio: 0.295774647887 time: 1.00320696831
origin: 69 compressed: 20 ratio: 0.289855072464 time: 1.04423499107
origin: 71 compressed: 21 ratio: 0.295774647887 time: 1.02661585808
origin: 70 compressed: 0 ratio: 0.0 time: 0.000261068344116
origin: 66 compressed: 0 ratio: 0.0 time: 0.00025200843811
origin: 71 compressed: 0 ratio: 0.0 time: 0.000278949737549
origin: 70 compressed: 0 ratio: 0.0 time: 0.000253915786743
origin: 73 compressed: 0 ratio: 0.0 time: 0.000264883041382
origin: 69 compressed: 0 ratio: 0.0 time: 0.000257015228271
origin: 67 compressed: 0 ratio: 0.0 time: 0.000270128250122
origin: 70 compressed: 0 ratio: 0.0 time: 0.000287055969238
origin: 67 compressed: 0 ratio: 0.0 time: 0.000270128250122
origin: 72 compressed: 0 ratio: 0.0 time: 0.000264167785645
