origin: 72 compressed: 21 ratio: 0.291666666667 time: 1.13793992996
origin: 70 compressed: 25 ratio: 0.357142857143 time: 1.16952204704
origin: 68 compressed: 20 ratio: 0.294117647059 time: 1.16105079651
origin: 66 compressed: 19 ratio: 0.287878787879 time: 1.0936319828
origin: 67 compressed: 22 ratio: 0.328358208955 time: 0.957863092422
origin: 72 compressed: 23 ratio: 0.319444444444 time: 1.24446678162
origin: 72 compressed: 29 ratio: 0.402777777778 time: 1.2083439827
origin: 68 compressed: 18 ratio: 0.264705882353 time: 1.14628195763
origin: 69 compressed: 18 ratio: 0.260869565217 time: 1.22208309174
origin: 67 compressed: 21 ratio: 0.313432835821 time: 1.08376216888
origin: 70 compressed: 19 ratio: 0.271428571429 time: 1.20676589012
origin: 69 compressed: 22 ratio: 0.31884057971 time: 1.06703901291
origin: 65 compressed: 19 ratio: 0.292307692308 time: 1.02560210228
origin: 70 compressed: 18 ratio: 0.257142857143 time: 0.982242107391
origin: 69 compressed: 23 ratio: 0.333333333333 time: 1.00101900101
origin: 70 compressed: 24 ratio: 0.342857142857 time: 1.06717705727
origin: 69 compressed: 21 ratio: 0.304347826087 time: 1.10161805153
origin: 73 compressed: 21 ratio: 0.287671232877 time: 1.0898039341
origin: 71 compressed: 21 ratio: 0.295774647887 time: 0.996023893356
origin: 68 compressed: 23 ratio: 0.338235294118 time: 1.06448101997
origin: 71 compressed: 0 ratio: 0.0 time: 0.000272989273071
origin: 69 compressed: 0 ratio: 0.0 time: 0.000295877456665
origin: 74 compressed: 0 ratio: 0.0 time: 0.000288009643555
origin: 67 compressed: 0 ratio: 0.0 time: 0.00029993057251
origin: 71 compressed: 0 ratio: 0.0 time: 0.000293016433716
origin: 65 compressed: 0 ratio: 0.0 time: 0.000270843505859
origin: 67 compressed: 0 ratio: 0.0 time: 0.000447034835815
origin: 71 compressed: 0 ratio: 0.0 time: 0.000442981719971
origin: 70 compressed: 0 ratio: 0.0 time: 0.000293970108032
origin: 69 compressed: 0 ratio: 0.0 time: 0.000283002853394
