origin: 70 compressed: 21 ratio: 0.3 time: 1.21692895889
origin: 67 compressed: 20 ratio: 0.298507462687 time: 1.19562602043
origin: 71 compressed: 21 ratio: 0.295774647887 time: 1.17169499397
origin: 69 compressed: 22 ratio: 0.31884057971 time: 1.07081198692
origin: 71 compressed: 21 ratio: 0.295774647887 time: 1.23817300797
origin: 68 compressed: 23 ratio: 0.338235294118 time: 1.12611794472
origin: 74 compressed: 24 ratio: 0.324324324324 time: 1.32152795792
origin: 70 compressed: 23 ratio: 0.328571428571 time: 1.24629211426
origin: 74 compressed: 22 ratio: 0.297297297297 time: 1.25960493088
origin: 66 compressed: 22 ratio: 0.333333333333 time: 1.12818789482
origin: 72 compressed: 22 ratio: 0.305555555556 time: 1.29870390892
origin: 69 compressed: 18 ratio: 0.260869565217 time: 1.06706190109
origin: 72 compressed: 22 ratio: 0.305555555556 time: 1.22408699989
origin: 72 compressed: 23 ratio: 0.319444444444 time: 1.08921408653
origin: 68 compressed: 20 ratio: 0.294117647059 time: 1.13083600998
origin: 70 compressed: 22 ratio: 0.314285714286 time: 1.20136904716
origin: 66 compressed: 22 ratio: 0.333333333333 time: 1.17023491859
origin: 69 compressed: 24 ratio: 0.347826086957 time: 1.20941305161
origin: 72 compressed: 21 ratio: 0.291666666667 time: 1.21762490273
origin: 72 compressed: 25 ratio: 0.347222222222 time: 1.35378694534
origin: 71 compressed: 0 ratio: 0.0 time: 0.000295877456665
origin: 66 compressed: 0 ratio: 0.0 time: 0.000301837921143
origin: 65 compressed: 0 ratio: 0.0 time: 0.000289916992188
origin: 68 compressed: 0 ratio: 0.0 time: 0.000290870666504
origin: 68 compressed: 0 ratio: 0.0 time: 0.000287055969238
origin: 71 compressed: 0 ratio: 0.0 time: 0.000300168991089
origin: 72 compressed: 0 ratio: 0.0 time: 0.000351905822754
