origin: 67 compressed: 20 ratio: 0.298507462687 time: 1.13074803352
origin: 70 compressed: 21 ratio: 0.3 time: 1.20599603653
origin: 68 compressed: 21 ratio: 0.308823529412 time: 1.18966197968
origin: 73 compressed: 22 ratio: 0.301369863014 time: 1.35120797157
origin: 69 compressed: 20 ratio: 0.289855072464 time: 1.18917489052
origin: 68 compressed: 22 ratio: 0.323529411765 time: 1.12323498726
origin: 70 compressed: 22 ratio: 0.314285714286 time: 1.18043494225
origin: 71 compressed: 25 ratio: 0.352112676056 time: 1.2828400135
origin: 72 compressed: 21 ratio: 0.291666666667 time: 1.25123596191
origin: 71 compressed: 24 ratio: 0.338028169014 time: 1.23012900352
origin: 72 compressed: 24 ratio: 0.333333333333 time: 1.25219011307
origin: 68 compressed: 20 ratio: 0.294117647059 time: 1.1995909214
origin: 72 compressed: 26 ratio: 0.361111111111 time: 1.25270795822
origin: 73 compressed: 22 ratio: 0.301369863014 time: 1.23808097839
origin: 72 compressed: 26 ratio: 0.361111111111 time: 1.35871100426
origin: 67 compressed: 22 ratio: 0.328358208955 time: 1.26934313774
origin: 68 compressed: 21 ratio: 0.308823529412 time: 1.2013630867
origin: 72 compressed: 23 ratio: 0.319444444444 time: 1.29370093346
origin: 68 compressed: 20 ratio: 0.294117647059 time: 1.19056582451
origin: 73 compressed: 24 ratio: 0.328767123288 time: 1.29874300957
