origin: 73 compressed: 24 ratio: 0.328767123288 time: 1.15729093552
origin: 69 compressed: 18 ratio: 0.260869565217 time: 1.16354322433
origin: 70 compressed: 23 ratio: 0.328571428571 time: 1.30538487434
origin: 72 compressed: 23 ratio: 0.319444444444 time: 1.37334394455
origin: 74 compressed: 24 ratio: 0.324324324324 time: 1.17446303368
origin: 68 compressed: 19 ratio: 0.279411764706 time: 1.24526596069
origin: 72 compressed: 25 ratio: 0.347222222222 time: 1.45597290993
origin: 68 compressed: 20 ratio: 0.294117647059 time: 1.25682806969
origin: 70 compressed: 21 ratio: 0.3 time: 1.2601120472
origin: 74 compressed: 26 ratio: 0.351351351351 time: 1.23116517067
origin: 72 compressed: 20 ratio: 0.277777777778 time: 1.23905897141
origin: 72 compressed: 26 ratio: 0.361111111111 time: 1.29719591141
origin: 71 compressed: 22 ratio: 0.30985915493 time: 1.20646500587
origin: 73 compressed: 27 ratio: 0.369863013699 time: 1.28582501411
origin: 71 compressed: 20 ratio: 0.281690140845 time: 1.28169298172
origin: 68 compressed: 23 ratio: 0.338235294118 time: 1.27109408379
origin: 72 compressed: 24 ratio: 0.333333333333 time: 1.50874900818
origin: 72 compressed: 20 ratio: 0.277777777778 time: 1.34288907051
origin: 70 compressed: 26 ratio: 0.371428571429 time: 1.21636486053
origin: 70 compressed: 27 ratio: 0.385714285714 time: 1.25440001488
