origin: 72 compressed: 23 ratio: 0.319444444444 time: 1.4305729866
origin: 72 compressed: 27 ratio: 0.375 time: 1.35446691513
origin: 72 compressed: 23 ratio: 0.319444444444 time: 1.46901297569
origin: 72 compressed: 23 ratio: 0.319444444444 time: 1.3898768425
origin: 71 compressed: 23 ratio: 0.323943661972 time: 1.44420194626
origin: 73 compressed: 21 ratio: 0.287671232877 time: 1.32094812393
origin: 72 compressed: 25 ratio: 0.347222222222 time: 1.40092301369
origin: 72 compressed: 24 ratio: 0.333333333333 time: 1.4308860302
origin: 71 compressed: 25 ratio: 0.352112676056 time: 1.35130810738
origin: 73 compressed: 26 ratio: 0.356164383562 time: 1.3743288517
origin: 72 compressed: 24 ratio: 0.333333333333 time: 1.34938311577
origin: 73 compressed: 21 ratio: 0.287671232877 time: 1.37206506729
origin: 69 compressed: 23 ratio: 0.333333333333 time: 1.49730014801
origin: 71 compressed: 26 ratio: 0.366197183099 time: 1.3859269619
origin: 71 compressed: 22 ratio: 0.30985915493 time: 1.27886295319
origin: 74 compressed: 25 ratio: 0.337837837838 time: 1.53828406334
origin: 72 compressed: 23 ratio: 0.319444444444 time: 1.36524415016
origin: 73 compressed: 24 ratio: 0.328767123288 time: 1.44345998764
origin: 74 compressed: 27 ratio: 0.364864864865 time: 1.43833589554
origin: 72 compressed: 21 ratio: 0.291666666667 time: 1.43266201019
