origin: 72 compressed: 22 ratio: 0.305555555556 time: 1.53985881805
origin: 72 compressed: 25 ratio: 0.347222222222 time: 1.48234415054
origin: 73 compressed: 23 ratio: 0.315068493151 time: 1.47843909264
origin: 72 compressed: 23 ratio: 0.319444444444 time: 1.326390028
origin: 71 compressed: 24 ratio: 0.338028169014 time: 1.36134600639
origin: 70 compressed: 24 ratio: 0.342857142857 time: 1.41255402565
origin: 73 compressed: 23 ratio: 0.315068493151 time: 1.50952291489
origin: 70 compressed: 25 ratio: 0.357142857143 time: 1.35369706154
origin: 71 compressed: 24 ratio: 0.338028169014 time: 1.34351015091
origin: 73 compressed: 25 ratio: 0.342465753425 time: 1.53609204292
origin: 71 compressed: 25 ratio: 0.352112676056 time: 1.36905407906
origin: 69 compressed: 24 ratio: 0.347826086957 time: 1.48091197014
origin: 74 compressed: 27 ratio: 0.364864864865 time: 1.8595290184
origin: 69 compressed: 23 ratio: 0.333333333333 time: 1.35746502876
origin: 71 compressed: 21 ratio: 0.295774647887 time: 1.3888399601
origin: 74 compressed: 23 ratio: 0.310810810811 time: 1.50562906265
origin: 71 compressed: 27 ratio: 0.380281690141 time: 1.38298988342
origin: 72 compressed: 21 ratio: 0.291666666667 time: 1.43220901489
origin: 70 compressed: 31 ratio: 0.442857142857 time: 1.42050814629
origin: 71 compressed: 25 ratio: 0.352112676056 time: 1.55112600327
