origin: 17.600000 compressed: 4.300000 ratio: 0.249724 mecstime: 0.086065
origin: 30.800000 compressed: 8.200000 ratio: 0.266445 mecstime: 0.161551
origin: 39.300000 compressed: 11.800000 ratio: 0.300483 mecstime: 0.238216
origin: 47.200000 compressed: 13.900000 ratio: 0.293831 mecstime: 0.323768
origin: 50.900000 compressed: 16.100000 ratio: 0.316843 mecstime: 0.400203
origin: 55.500000 compressed: 19.000000 ratio: 0.344225 mecstime: 0.468492
origin: 59.600000 compressed: 21.100000 ratio: 0.353846 mecstime: 0.538004
origin: 60.100000 compressed: 22.500000 ratio: 0.374119 mecstime: 0.608279
origin: 62.300000 compressed: 24.900000 ratio: 0.399920 mecstime: 0.648157
origin: 65.400000 compressed: 26.300000 ratio: 0.401444 mecstime: 0.691681
origin: 66.400000 compressed: 28.300000 ratio: 0.426404 mecstime: 0.747803
origin: 68.900000 compressed: 31.100000 ratio: 0.451732 mecstime: 0.802546
origin: 68.700000 compressed: 32.200000 ratio: 0.469545 mecstime: 0.851334
origin: 69.500000 compressed: 30.600000 ratio: 0.440024 mecstime: 0.879828
origin: 70.100000 compressed: 35.800000 ratio: 0.510827 mecstime: 0.913754
origin: 69.400000 compressed: 33.600000 ratio: 0.484025 mecstime: 0.931740
origin: 71.200000 compressed: 34.600000 ratio: 0.485831 mecstime: 1.005470
origin: 70.200000 compressed: 35.900000 ratio: 0.511855 mecstime: 1.033985
origin: 72.600000 compressed: 37.000000 ratio: 0.509720 mecstime: 1.118085
origin: 72.500000 compressed: 36.400000 ratio: 0.501824 mecstime: 1.180605
