origin: 71.900000 compressed: 30.300000 ratio: 0.421089 mecstime: 0.490464
origin: 31.900000 compressed: 8.500000 ratio: 0.267514 mecstime: 0.086465
origin: 38.800000 compressed: 11.000000 ratio: 0.285563 mecstime: 0.110581
origin: 46.800000 compressed: 13.400000 ratio: 0.287525 mecstime: 0.147975
origin: 51.600000 compressed: 15.600000 ratio: 0.304173 mecstime: 0.166269
origin: 56.300000 compressed: 18.400000 ratio: 0.326294 mecstime: 0.202176
origin: 57.700000 compressed: 18.600000 ratio: 0.323018 mecstime: 0.216537
origin: 60.500000 compressed: 19.400000 ratio: 0.321349 mecstime: 0.236648
origin: 62.200000 compressed: 22.200000 ratio: 0.357389 mecstime: 0.258941
origin: 65.200000 compressed: 21.700000 ratio: 0.333383 mecstime: 0.286159
origin: 66.500000 compressed: 23.700000 ratio: 0.357459 mecstime: 0.317685
origin: 17.800000 compressed: 4.800000 ratio: 0.270471 mecstime: 0.043385
origin: 67.800000 compressed: 24.700000 ratio: 0.364598 mecstime: 0.344054
origin: 68.800000 compressed: 27.600000 ratio: 0.401488 mecstime: 0.359674
origin: 69.500000 compressed: 25.800000 ratio: 0.371311 mecstime: 0.386776
origin: 70.700000 compressed: 25.000000 ratio: 0.354068 mecstime: 0.392216
origin: 71.000000 compressed: 28.700000 ratio: 0.404294 mecstime: 0.415932
origin: 70.900000 compressed: 28.200000 ratio: 0.397996 mecstime: 0.444351
origin: 72.500000 compressed: 28.800000 ratio: 0.397420 mecstime: 0.463002
origin: 71.500000 compressed: 30.200000 ratio: 0.421877 mecstime: 0.477494
