origin: 71.300000 compressed: 29.000000 ratio: 0.406843 mecstime: 0.343731
origin: 30.100000 compressed: 7.700000 ratio: 0.256102 mecstime: 0.054525
origin: 39.700000 compressed: 11.600000 ratio: 0.292985 mecstime: 0.074809
origin: 46.100000 compressed: 14.000000 ratio: 0.304963 mecstime: 0.099579
origin: 50.100000 compressed: 14.500000 ratio: 0.289340 mecstime: 0.112221
origin: 54.900000 compressed: 17.300000 ratio: 0.314930 mecstime: 0.130078
origin: 59.200000 compressed: 18.600000 ratio: 0.314186 mecstime: 0.155506
origin: 61.900000 compressed: 19.900000 ratio: 0.322201 mecstime: 0.167042
origin: 63.800000 compressed: 21.900000 ratio: 0.343351 mecstime: 0.178384
origin: 64.300000 compressed: 21.800000 ratio: 0.338698 mecstime: 0.201815
origin: 67.200000 compressed: 22.800000 ratio: 0.339049 mecstime: 0.219029
origin: 17.700000 compressed: 4.600000 ratio: 0.262075 mecstime: 0.035291
origin: 68.100000 compressed: 24.000000 ratio: 0.352588 mecstime: 0.233606
origin: 67.700000 compressed: 24.500000 ratio: 0.361449 mecstime: 0.239214
origin: 68.800000 compressed: 25.500000 ratio: 0.370825 mecstime: 0.257082
origin: 70.000000 compressed: 24.900000 ratio: 0.356342 mecstime: 0.262273
origin: 70.700000 compressed: 26.000000 ratio: 0.367366 mecstime: 0.295168
origin: 72.000000 compressed: 29.300000 ratio: 0.407414 mecstime: 0.294393
origin: 71.000000 compressed: 29.500000 ratio: 0.415241 mecstime: 0.307030
origin: 71.100000 compressed: 30.200000 ratio: 0.424921 mecstime: 0.326061
