origin: 17.400000 compressed: 4.700000 ratio: 0.269668 mecstime: 0.057009
origin: 31.300000 compressed: 8.500000 ratio: 0.273238 mecstime: 0.127266
origin: 39.100000 compressed: 10.700000 ratio: 0.276166 mecstime: 0.178420
origin: 44.200000 compressed: 13.300000 ratio: 0.302806 mecstime: 0.225210
origin: 50.100000 compressed: 15.500000 ratio: 0.309109 mecstime: 0.280869
origin: 56.800000 compressed: 17.500000 ratio: 0.309340 mecstime: 0.342355
origin: 57.600000 compressed: 17.800000 ratio: 0.309430 mecstime: 0.360356
origin: 61.000000 compressed: 19.900000 ratio: 0.326837 mecstime: 0.403041
origin: 61.900000 compressed: 20.100000 ratio: 0.324568 mecstime: 0.437545
origin: 64.100000 compressed: 23.700000 ratio: 0.370228 mecstime: 0.500903
origin: 65.600000 compressed: 22.500000 ratio: 0.343049 mecstime: 0.545660
origin: 68.700000 compressed: 25.000000 ratio: 0.363929 mecstime: 0.573081
origin: 68.300000 compressed: 24.300000 ratio: 0.355812 mecstime: 0.653642
origin: 68.700000 compressed: 26.600000 ratio: 0.386978 mecstime: 0.642322
origin: 69.700000 compressed: 27.700000 ratio: 0.397583 mecstime: 0.704835
origin: 70.600000 compressed: 27.800000 ratio: 0.393803 mecstime: 0.726843
origin: 70.400000 compressed: 28.200000 ratio: 0.400376 mecstime: 0.780571
origin: 71.700000 compressed: 28.100000 ratio: 0.391522 mecstime: 0.814685
origin: 71.600000 compressed: 30.300000 ratio: 0.423016 mecstime: 0.863245
origin: 71.700000 compressed: 29.600000 ratio: 0.412754 mecstime: 0.899916
