origin: 7 compressed: 5 ratio: 0.7142857142857143 time: 0.04292154312133789
origin: 8 compressed: 6 ratio: 0.75 time: 0.044344186782836914
origin: 7 compressed: 5 ratio: 0.7142857142857143 time: 0.02947378158569336
origin: 7 compressed: 4 ratio: 0.5714285714285714 time: 0.029880523681640625
origin: 7 compressed: 6 ratio: 0.8571428571428571 time: 0.024895429611206055
origin: 7 compressed: 6 ratio: 0.8571428571428571 time: 0.0242919921875
origin: 7 compressed: 6 ratio: 0.8571428571428571 time: 0.02363276481628418
origin: 7 compressed: 5 ratio: 0.7142857142857143 time: 0.023268699645996094
origin: 8 compressed: 5 ratio: 0.625 time: 0.027271509170532227
origin: 8 compressed: 5 ratio: 0.625 time: 0.02667975425720215
origin: 8 compressed: 6 ratio: 0.75 time: 0.027197837829589844
origin: 8 compressed: 6 ratio: 0.75 time: 0.02707982063293457
origin: 7 compressed: 4 ratio: 0.5714285714285714 time: 0.0227353572845459
origin: 8 compressed: 6 ratio: 0.75 time: 0.0267333984375
origin: 8 compressed: 6 ratio: 0.75 time: 0.02828669548034668
origin: 8 compressed: 4 ratio: 0.5 time: 0.02633357048034668
origin: 8 compressed: 4 ratio: 0.5 time: 0.027414560317993164
origin: 7 compressed: 6 ratio: 0.8571428571428571 time: 0.024408817291259766
origin: 8 compressed: 5 ratio: 0.625 time: 0.028567790985107422
origin: 7 compressed: 6 ratio: 0.8571428571428571 time: 0.02447223663330078
origin: 7 compressed: 5 ratio: 0.7142857142857143 time: 0.0246884822845459
origin: 7 compressed: 5 ratio: 0.7142857142857143 time: 0.02394700050354004
origin: 7 compressed: 4 ratio: 0.5714285714285714 time: 0.024222135543823242
origin: 7 compressed: 5 ratio: 0.7142857142857143 time: 0.02380061149597168
origin: 7 compressed: 4 ratio: 0.5714285714285714 time: 0.023554563522338867
origin: 8 compressed: 6 ratio: 0.75 time: 0.02782297134399414
origin: 8 compressed: 6 ratio: 0.75 time: 0.02788996696472168
origin: 8 compressed: 6 ratio: 0.75 time: 0.028507709503173828
origin: 8 compressed: 5 ratio: 0.625 time: 0.02973175048828125
origin: 7 compressed: 5 ratio: 0.7142857142857143 time: 0.024109363555908203
origin: 8 compressed: 5 ratio: 0.625 time: 0.028362512588500977
origin: 8 compressed: 6 ratio: 0.75 time: 0.03823971748352051
origin: 8 compressed: 5 ratio: 0.625 time: 0.03497433662414551
origin: 8 compressed: 5 ratio: 0.625 time: 0.0409698486328125
origin: 8 compressed: 4 ratio: 0.5 time: 0.03652453422546387
origin: 8 compressed: 4 ratio: 0.5 time: 0.03293132781982422
origin: 8 compressed: 4 ratio: 0.5 time: 0.03085803985595703
origin: 7 compressed: 6 ratio: 0.8571428571428571 time: 0.026914119720458984
origin: 7 compressed: 6 ratio: 0.8571428571428571 time: 0.026760578155517578
origin: 8 compressed: 5 ratio: 0.625 time: 0.027237892150878906
origin: 7 compressed: 5 ratio: 0.7142857142857143 time: 0.022112369537353516
origin: 7 compressed: 6 ratio: 0.8571428571428571 time: 0.023047208786010742
origin: 7 compressed: 5 ratio: 0.7142857142857143 time: 0.022898197174072266
origin: 7 compressed: 5 ratio: 0.7142857142857143 time: 0.024760007858276367
origin: 6 compressed: 5 ratio: 0.8333333333333334 time: 0.018738985061645508
origin: 8 compressed: 5 ratio: 0.625 time: 0.026858806610107422
origin: 7 compressed: 5 ratio: 0.7142857142857143 time: 0.029761791229248047
origin: 8 compressed: 6 ratio: 0.75 time: 0.033159494400024414
origin: 7 compressed: 5 ratio: 0.7142857142857143 time: 0.03252243995666504
origin: 7 compressed: 5 ratio: 0.7142857142857143 time: 0.029912710189819336
origin: 7 compressed: 4 ratio: 0.5714285714285714 time: 0.028515338897705078
origin: 8 compressed: 4 ratio: 0.5 time: 0.032004356384277344
origin: 8 compressed: 5 ratio: 0.625 time: 0.027255535125732422
origin: 7 compressed: 5 ratio: 0.7142857142857143 time: 0.022768497467041016
origin: 5 compressed: 5 ratio: 1.0 time: 0.015492677688598633
origin: 8 compressed: 5 ratio: 0.625 time: 0.025837182998657227
origin: 8 compressed: 4 ratio: 0.5 time: 0.025995492935180664
origin: 7 compressed: 4 ratio: 0.5714285714285714 time: 0.0224759578704834
origin: 7 compressed: 5 ratio: 0.7142857142857143 time: 0.022797584533691406
origin: 8 compressed: 3 ratio: 0.375 time: 0.02941727638244629
origin: 7 compressed: 5 ratio: 0.7142857142857143 time: 0.027231454849243164
origin: 6 compressed: 4 ratio: 0.6666666666666666 time: 0.027037620544433594
origin: 8 compressed: 6 ratio: 0.75 time: 0.03631711006164551
origin: 7 compressed: 6 ratio: 0.8571428571428571 time: 0.02610945701599121
origin: 7 compressed: 5 ratio: 0.7142857142857143 time: 0.02508401870727539
origin: 7 compressed: 6 ratio: 0.8571428571428571 time: 0.0337982177734375
origin: 7 compressed: 6 ratio: 0.8571428571428571 time: 0.031580209732055664
origin: 7 compressed: 5 ratio: 0.7142857142857143 time: 0.02633357048034668
origin: 8 compressed: 5 ratio: 0.625 time: 0.028311491012573242
origin: 7 compressed: 6 ratio: 0.8571428571428571 time: 0.023175954818725586
origin: 7 compressed: 4 ratio: 0.5714285714285714 time: 0.022816896438598633
origin: 7 compressed: 4 ratio: 0.5714285714285714 time: 0.023477792739868164
origin: 7 compressed: 5 ratio: 0.7142857142857143 time: 0.023862838745117188
origin: 8 compressed: 4 ratio: 0.5 time: 0.02676868438720703
origin: 8 compressed: 5 ratio: 0.625 time: 0.029140233993530273
origin: 7 compressed: 5 ratio: 0.7142857142857143 time: 0.02264690399169922
origin: 8 compressed: 6 ratio: 0.75 time: 0.027395009994506836
origin: 7 compressed: 5 ratio: 0.7142857142857143 time: 0.022195100784301758
origin: 8 compressed: 6 ratio: 0.75 time: 0.0332334041595459
origin: 7 compressed: 6 ratio: 0.8571428571428571 time: 0.02602553367614746
origin: 7 compressed: 6 ratio: 0.8571428571428571 time: 0.030713796615600586
origin: 7 compressed: 3 ratio: 0.42857142857142855 time: 0.025040149688720703
origin: 7 compressed: 5 ratio: 0.7142857142857143 time: 0.0279386043548584
origin: 7 compressed: 4 ratio: 0.5714285714285714 time: 0.025083541870117188
origin: 8 compressed: 4 ratio: 0.5 time: 0.026630640029907227
origin: 7 compressed: 4 ratio: 0.5714285714285714 time: 0.022023439407348633
origin: 7 compressed: 6 ratio: 0.8571428571428571 time: 0.02295851707458496
origin: 7 compressed: 6 ratio: 0.8571428571428571 time: 0.022199392318725586
origin: 7 compressed: 5 ratio: 0.7142857142857143 time: 0.02284836769104004
origin: 7 compressed: 5 ratio: 0.7142857142857143 time: 0.025207996368408203
origin: 8 compressed: 4 ratio: 0.5 time: 0.028791189193725586
origin: 7 compressed: 4 ratio: 0.5714285714285714 time: 0.024039030075073242
origin: 8 compressed: 6 ratio: 0.75 time: 0.02971053123474121
origin: 8 compressed: 4 ratio: 0.5 time: 0.026923418045043945
origin: 8 compressed: 5 ratio: 0.625 time: 0.02687215805053711
origin: 8 compressed: 4 ratio: 0.5 time: 0.02608203887939453
origin: 7 compressed: 2 ratio: 0.2857142857142857 time: 0.02215576171875
origin: 7 compressed: 5 ratio: 0.7142857142857143 time: 0.0262911319732666
origin: 7 compressed: 6 ratio: 0.8571428571428571 time: 0.023540735244750977
origin: 7 compressed: 5 ratio: 0.7142857142857143 time: 0.02317357063293457
