origin: 16 compressed: 7 ratio: 0.4375 time: 0.08540701866149902
origin: 19 compressed: 6 ratio: 0.3157894736842105 time: 0.06831741333007812
origin: 16 compressed: 5 ratio: 0.3125 time: 0.07167983055114746
origin: 18 compressed: 9 ratio: 0.5 time: 0.05920147895812988
origin: 13 compressed: 6 ratio: 0.46153846153846156 time: 0.05086374282836914
origin: 15 compressed: 5 ratio: 0.3333333333333333 time: 0.04553079605102539
origin: 16 compressed: 8 ratio: 0.5 time: 0.045484304428100586
origin: 16 compressed: 4 ratio: 0.25 time: 0.042426109313964844
origin: 15 compressed: 9 ratio: 0.6 time: 0.04808306694030762
origin: 19 compressed: 6 ratio: 0.3157894736842105 time: 0.05514121055603027
origin: 17 compressed: 3 ratio: 0.17647058823529413 time: 0.04960489273071289
origin: 17 compressed: 7 ratio: 0.4117647058823529 time: 0.049782752990722656
origin: 13 compressed: 8 ratio: 0.6153846153846154 time: 0.03939414024353027
origin: 17 compressed: 7 ratio: 0.4117647058823529 time: 0.05377793312072754
origin: 18 compressed: 7 ratio: 0.3888888888888889 time: 0.057477712631225586
origin: 14 compressed: 4 ratio: 0.2857142857142857 time: 0.03835439682006836
origin: 20 compressed: 9 ratio: 0.45 time: 0.064453125
origin: 17 compressed: 6 ratio: 0.35294117647058826 time: 0.0484766960144043
origin: 16 compressed: 4 ratio: 0.25 time: 0.045517683029174805
origin: 15 compressed: 8 ratio: 0.5333333333333333 time: 0.06234240531921387
origin: 20 compressed: 5 ratio: 0.25 time: 0.08244490623474121
origin: 16 compressed: 7 ratio: 0.4375 time: 0.05631661415100098
origin: 18 compressed: 9 ratio: 0.5 time: 0.057921648025512695
origin: 17 compressed: 6 ratio: 0.35294117647058826 time: 0.05212259292602539
origin: 17 compressed: 6 ratio: 0.35294117647058826 time: 0.05837130546569824
origin: 15 compressed: 6 ratio: 0.4 time: 0.043869733810424805
origin: 17 compressed: 4 ratio: 0.23529411764705882 time: 0.05109763145446777
origin: 13 compressed: 9 ratio: 0.6923076923076923 time: 0.0420994758605957
origin: 19 compressed: 8 ratio: 0.42105263157894735 time: 0.0595855712890625
origin: 13 compressed: 7 ratio: 0.5384615384615384 time: 0.042775630950927734
origin: 19 compressed: 9 ratio: 0.47368421052631576 time: 0.05624675750732422
origin: 16 compressed: 7 ratio: 0.4375 time: 0.0428769588470459
origin: 17 compressed: 4 ratio: 0.23529411764705882 time: 0.04878640174865723
origin: 16 compressed: 9 ratio: 0.5625 time: 0.05836629867553711
origin: 18 compressed: 7 ratio: 0.3888888888888889 time: 0.05967545509338379
origin: 19 compressed: 8 ratio: 0.42105263157894735 time: 0.05950284004211426
origin: 14 compressed: 6 ratio: 0.42857142857142855 time: 0.044075727462768555
origin: 14 compressed: 7 ratio: 0.5 time: 0.04001331329345703
origin: 15 compressed: 4 ratio: 0.26666666666666666 time: 0.035119056701660156
origin: 14 compressed: 5 ratio: 0.35714285714285715 time: 0.04309964179992676
origin: 20 compressed: 7 ratio: 0.35 time: 0.060096025466918945
origin: 16 compressed: 6 ratio: 0.375 time: 0.04659700393676758
origin: 17 compressed: 6 ratio: 0.35294117647058826 time: 0.054877281188964844
origin: 19 compressed: 8 ratio: 0.42105263157894735 time: 0.060010433197021484
origin: 18 compressed: 9 ratio: 0.5 time: 0.05611681938171387
origin: 17 compressed: 6 ratio: 0.35294117647058826 time: 0.04585099220275879
origin: 19 compressed: 8 ratio: 0.42105263157894735 time: 0.05948352813720703
origin: 16 compressed: 6 ratio: 0.375 time: 0.044620513916015625
origin: 18 compressed: 4 ratio: 0.2222222222222222 time: 0.05332541465759277
origin: 17 compressed: 5 ratio: 0.29411764705882354 time: 0.045917510986328125
origin: 16 compressed: 7 ratio: 0.4375 time: 0.03958892822265625
origin: 18 compressed: 8 ratio: 0.4444444444444444 time: 0.0557866096496582
origin: 18 compressed: 4 ratio: 0.2222222222222222 time: 0.04647517204284668
origin: 11 compressed: 7 ratio: 0.6363636363636364 time: 0.031861305236816406
origin: 18 compressed: 7 ratio: 0.3888888888888889 time: 0.05540895462036133
origin: 16 compressed: 5 ratio: 0.3125 time: 0.04684925079345703
origin: 12 compressed: 7 ratio: 0.5833333333333334 time: 0.03115534782409668
origin: 16 compressed: 8 ratio: 0.5 time: 0.04752540588378906
origin: 16 compressed: 7 ratio: 0.4375 time: 0.04090094566345215
origin: 18 compressed: 8 ratio: 0.4444444444444444 time: 0.05205678939819336
origin: 17 compressed: 7 ratio: 0.4117647058823529 time: 0.058851003646850586
origin: 15 compressed: 5 ratio: 0.3333333333333333 time: 0.03799772262573242
origin: 17 compressed: 6 ratio: 0.35294117647058826 time: 0.04618406295776367
origin: 17 compressed: 4 ratio: 0.23529411764705882 time: 0.049570322036743164
origin: 18 compressed: 4 ratio: 0.2222222222222222 time: 0.05427193641662598
origin: 16 compressed: 2 ratio: 0.125 time: 0.042244911193847656
origin: 18 compressed: 8 ratio: 0.4444444444444444 time: 0.056589365005493164
origin: 13 compressed: 4 ratio: 0.3076923076923077 time: 0.04555916786193848
origin: 17 compressed: 4 ratio: 0.23529411764705882 time: 0.06998872756958008
origin: 13 compressed: 6 ratio: 0.46153846153846156 time: 0.04650092124938965
origin: 18 compressed: 7 ratio: 0.3888888888888889 time: 0.057071685791015625
origin: 17 compressed: 4 ratio: 0.23529411764705882 time: 0.04763913154602051
origin: 18 compressed: 7 ratio: 0.3888888888888889 time: 0.0542292594909668
origin: 19 compressed: 7 ratio: 0.3684210526315789 time: 0.05968618392944336
origin: 15 compressed: 6 ratio: 0.4 time: 0.04641985893249512
origin: 17 compressed: 5 ratio: 0.29411764705882354 time: 0.04683709144592285
origin: 17 compressed: 6 ratio: 0.35294117647058826 time: 0.0458681583404541
origin: 19 compressed: 5 ratio: 0.2631578947368421 time: 0.05816030502319336
origin: 15 compressed: 4 ratio: 0.26666666666666666 time: 0.04568815231323242
origin: 17 compressed: 5 ratio: 0.29411764705882354 time: 0.05088996887207031
origin: 18 compressed: 8 ratio: 0.4444444444444444 time: 0.051560401916503906
origin: 17 compressed: 6 ratio: 0.35294117647058826 time: 0.05085039138793945
origin: 15 compressed: 7 ratio: 0.4666666666666667 time: 0.04949355125427246
origin: 14 compressed: 4 ratio: 0.2857142857142857 time: 0.04583382606506348
origin: 15 compressed: 8 ratio: 0.5333333333333333 time: 0.047411441802978516
origin: 17 compressed: 7 ratio: 0.4117647058823529 time: 0.05264568328857422
origin: 17 compressed: 8 ratio: 0.47058823529411764 time: 0.05233502388000488
origin: 16 compressed: 5 ratio: 0.3125 time: 0.04279375076293945
origin: 16 compressed: 8 ratio: 0.5 time: 0.061235904693603516
origin: 17 compressed: 6 ratio: 0.35294117647058826 time: 0.05875825881958008
origin: 17 compressed: 7 ratio: 0.4117647058823529 time: 0.05736875534057617
origin: 19 compressed: 8 ratio: 0.42105263157894735 time: 0.05618572235107422
origin: 19 compressed: 4 ratio: 0.21052631578947367 time: 0.057723045349121094
origin: 16 compressed: 5 ratio: 0.3125 time: 0.04291129112243652
origin: 17 compressed: 5 ratio: 0.29411764705882354 time: 0.050765037536621094
origin: 19 compressed: 7 ratio: 0.3684210526315789 time: 0.07379770278930664
origin: 13 compressed: 7 ratio: 0.5384615384615384 time: 0.0632023811340332
origin: 17 compressed: 6 ratio: 0.35294117647058826 time: 0.08164405822753906
origin: 17 compressed: 5 ratio: 0.29411764705882354 time: 0.061533212661743164
origin: 18 compressed: 9 ratio: 0.5 time: 0.08068609237670898
