origin: 20 compressed: 7 ratio: 0.35 time: 0.0846714973449707
origin: 18 compressed: 6 ratio: 0.3333333333333333 time: 0.05565023422241211
origin: 17 compressed: 6 ratio: 0.35294117647058826 time: 0.0428309440612793
origin: 18 compressed: 8 ratio: 0.4444444444444444 time: 0.04704785346984863
origin: 17 compressed: 8 ratio: 0.47058823529411764 time: 0.048742055892944336
origin: 19 compressed: 9 ratio: 0.47368421052631576 time: 0.05960869789123535
origin: 20 compressed: 7 ratio: 0.35 time: 0.06087613105773926
origin: 22 compressed: 5 ratio: 0.22727272727272727 time: 0.05488777160644531
origin: 17 compressed: 7 ratio: 0.4117647058823529 time: 0.047250986099243164
origin: 17 compressed: 5 ratio: 0.29411764705882354 time: 0.05680060386657715
origin: 13 compressed: 7 ratio: 0.5384615384615384 time: 0.032172441482543945
origin: 20 compressed: 7 ratio: 0.35 time: 0.055594682693481445
origin: 15 compressed: 7 ratio: 0.4666666666666667 time: 0.05126190185546875
origin: 21 compressed: 8 ratio: 0.38095238095238093 time: 0.06182074546813965
origin: 22 compressed: 7 ratio: 0.3181818181818182 time: 0.06386685371398926
origin: 19 compressed: 5 ratio: 0.2631578947368421 time: 0.059064388275146484
origin: 18 compressed: 5 ratio: 0.2777777777777778 time: 0.06225180625915527
origin: 17 compressed: 8 ratio: 0.47058823529411764 time: 0.04790067672729492
origin: 17 compressed: 5 ratio: 0.29411764705882354 time: 0.04303741455078125
origin: 18 compressed: 6 ratio: 0.3333333333333333 time: 0.06264281272888184
origin: 16 compressed: 6 ratio: 0.375 time: 0.046502113342285156
origin: 19 compressed: 9 ratio: 0.47368421052631576 time: 0.05076408386230469
origin: 18 compressed: 7 ratio: 0.3888888888888889 time: 0.05743002891540527
origin: 16 compressed: 6 ratio: 0.375 time: 0.05324053764343262
origin: 13 compressed: 4 ratio: 0.3076923076923077 time: 0.037273406982421875
origin: 20 compressed: 5 ratio: 0.25 time: 0.05339765548706055
origin: 14 compressed: 8 ratio: 0.5714285714285714 time: 0.0474245548248291
origin: 17 compressed: 7 ratio: 0.4117647058823529 time: 0.04716372489929199
origin: 17 compressed: 5 ratio: 0.29411764705882354 time: 0.051312923431396484
origin: 17 compressed: 10 ratio: 0.5882352941176471 time: 0.046952247619628906
origin: 15 compressed: 8 ratio: 0.5333333333333333 time: 0.046843767166137695
origin: 20 compressed: 6 ratio: 0.3 time: 0.05742979049682617
origin: 15 compressed: 4 ratio: 0.26666666666666666 time: 0.04570937156677246
origin: 22 compressed: 8 ratio: 0.36363636363636365 time: 0.06299853324890137
origin: 12 compressed: 4 ratio: 0.3333333333333333 time: 0.035959482192993164
origin: 16 compressed: 8 ratio: 0.5 time: 0.04737424850463867
origin: 13 compressed: 7 ratio: 0.5384615384615384 time: 0.043877363204956055
origin: 20 compressed: 6 ratio: 0.3 time: 0.06293034553527832
origin: 22 compressed: 7 ratio: 0.3181818181818182 time: 0.06369662284851074
origin: 17 compressed: 5 ratio: 0.29411764705882354 time: 0.06595706939697266
origin: 21 compressed: 6 ratio: 0.2857142857142857 time: 0.08603978157043457
origin: 20 compressed: 6 ratio: 0.3 time: 0.06029343605041504
origin: 21 compressed: 5 ratio: 0.23809523809523808 time: 0.05954241752624512
origin: 17 compressed: 6 ratio: 0.35294117647058826 time: 0.0430760383605957
origin: 20 compressed: 10 ratio: 0.5 time: 0.05301332473754883
origin: 19 compressed: 8 ratio: 0.42105263157894735 time: 0.0549015998840332
origin: 22 compressed: 7 ratio: 0.3181818181818182 time: 0.06014275550842285
origin: 17 compressed: 4 ratio: 0.23529411764705882 time: 0.05725264549255371
origin: 17 compressed: 7 ratio: 0.4117647058823529 time: 0.06303739547729492
origin: 18 compressed: 7 ratio: 0.3888888888888889 time: 0.05638623237609863
origin: 20 compressed: 7 ratio: 0.35 time: 0.056166648864746094
origin: 20 compressed: 7 ratio: 0.35 time: 0.06109118461608887
origin: 17 compressed: 6 ratio: 0.35294117647058826 time: 0.04303884506225586
origin: 17 compressed: 5 ratio: 0.29411764705882354 time: 0.041716575622558594
origin: 21 compressed: 5 ratio: 0.23809523809523808 time: 0.05771994590759277
origin: 16 compressed: 6 ratio: 0.375 time: 0.05201458930969238
origin: 20 compressed: 4 ratio: 0.2 time: 0.06035590171813965
origin: 19 compressed: 5 ratio: 0.2631578947368421 time: 0.0552678108215332
origin: 18 compressed: 7 ratio: 0.3888888888888889 time: 0.06162714958190918
origin: 19 compressed: 7 ratio: 0.3684210526315789 time: 0.04767036437988281
origin: 18 compressed: 6 ratio: 0.3333333333333333 time: 0.056366920471191406
origin: 14 compressed: 7 ratio: 0.5 time: 0.03493928909301758
origin: 18 compressed: 8 ratio: 0.4444444444444444 time: 0.06288647651672363
origin: 17 compressed: 7 ratio: 0.4117647058823529 time: 0.0514836311340332
origin: 18 compressed: 8 ratio: 0.4444444444444444 time: 0.04783987998962402
origin: 20 compressed: 5 ratio: 0.25 time: 0.06469440460205078
origin: 12 compressed: 7 ratio: 0.5833333333333334 time: 0.03559088706970215
origin: 18 compressed: 6 ratio: 0.3333333333333333 time: 0.058411598205566406
origin: 14 compressed: 7 ratio: 0.5 time: 0.03903603553771973
origin: 21 compressed: 6 ratio: 0.2857142857142857 time: 0.06740927696228027
origin: 15 compressed: 5 ratio: 0.3333333333333333 time: 0.03154778480529785
origin: 21 compressed: 5 ratio: 0.23809523809523808 time: 0.07585716247558594
origin: 17 compressed: 6 ratio: 0.35294117647058826 time: 0.054004669189453125
origin: 16 compressed: 8 ratio: 0.5 time: 0.04930281639099121
origin: 19 compressed: 8 ratio: 0.42105263157894735 time: 0.05515241622924805
origin: 20 compressed: 7 ratio: 0.35 time: 0.06024646759033203
origin: 20 compressed: 8 ratio: 0.4 time: 0.055780649185180664
origin: 19 compressed: 5 ratio: 0.2631578947368421 time: 0.054262638092041016
origin: 18 compressed: 5 ratio: 0.2777777777777778 time: 0.04884958267211914
origin: 21 compressed: 10 ratio: 0.47619047619047616 time: 0.075836181640625
origin: 21 compressed: 10 ratio: 0.47619047619047616 time: 0.06756043434143066
origin: 16 compressed: 4 ratio: 0.25 time: 0.0493009090423584
origin: 19 compressed: 8 ratio: 0.42105263157894735 time: 0.06032085418701172
origin: 18 compressed: 8 ratio: 0.4444444444444444 time: 0.04782891273498535
origin: 16 compressed: 6 ratio: 0.375 time: 0.05129289627075195
origin: 19 compressed: 6 ratio: 0.3157894736842105 time: 0.06021475791931152
origin: 15 compressed: 6 ratio: 0.4 time: 0.047231197357177734
origin: 19 compressed: 7 ratio: 0.3684210526315789 time: 0.06470227241516113
origin: 20 compressed: 7 ratio: 0.35 time: 0.058151960372924805
origin: 16 compressed: 5 ratio: 0.3125 time: 0.04310321807861328
origin: 15 compressed: 5 ratio: 0.3333333333333333 time: 0.04465055465698242
origin: 18 compressed: 8 ratio: 0.4444444444444444 time: 0.05439162254333496
origin: 17 compressed: 4 ratio: 0.23529411764705882 time: 0.04417872428894043
origin: 16 compressed: 7 ratio: 0.4375 time: 0.056490421295166016
origin: 17 compressed: 7 ratio: 0.4117647058823529 time: 0.0712745189666748
origin: 18 compressed: 10 ratio: 0.5555555555555556 time: 0.0630345344543457
origin: 17 compressed: 4 ratio: 0.23529411764705882 time: 0.04318857192993164
origin: 19 compressed: 5 ratio: 0.2631578947368421 time: 0.04635500907897949
origin: 18 compressed: 9 ratio: 0.5 time: 0.057727813720703125
origin: 17 compressed: 7 ratio: 0.4117647058823529 time: 0.04768872261047363
