origin: 28 compressed: 8 ratio: 0.2857142857142857 time: 0.12175798416137695
origin: 32 compressed: 7 ratio: 0.21875 time: 0.12743687629699707
origin: 30 compressed: 8 ratio: 0.26666666666666666 time: 0.10396122932434082
origin: 27 compressed: 7 ratio: 0.25925925925925924 time: 0.09255409240722656
origin: 29 compressed: 7 ratio: 0.2413793103448276 time: 0.12106728553771973
origin: 28 compressed: 8 ratio: 0.2857142857142857 time: 0.125291109085083
origin: 35 compressed: 9 ratio: 0.2571428571428571 time: 0.15569806098937988
origin: 30 compressed: 11 ratio: 0.36666666666666664 time: 0.13704681396484375
origin: 31 compressed: 7 ratio: 0.22580645161290322 time: 0.12763333320617676
origin: 32 compressed: 8 ratio: 0.25 time: 0.09202361106872559
origin: 32 compressed: 6 ratio: 0.1875 time: 0.10931181907653809
origin: 32 compressed: 9 ratio: 0.28125 time: 0.10632467269897461
origin: 28 compressed: 7 ratio: 0.25 time: 0.0987081527709961
origin: 31 compressed: 10 ratio: 0.3225806451612903 time: 0.10949349403381348
origin: 27 compressed: 9 ratio: 0.3333333333333333 time: 0.11182403564453125
origin: 32 compressed: 7 ratio: 0.21875 time: 0.12164855003356934
origin: 28 compressed: 8 ratio: 0.2857142857142857 time: 0.1051931381225586
origin: 30 compressed: 10 ratio: 0.3333333333333333 time: 0.13430309295654297
origin: 28 compressed: 8 ratio: 0.2857142857142857 time: 0.13097858428955078
origin: 34 compressed: 8 ratio: 0.23529411764705882 time: 0.11750030517578125
origin: 30 compressed: 8 ratio: 0.26666666666666666 time: 0.10806918144226074
origin: 31 compressed: 10 ratio: 0.3225806451612903 time: 0.1352834701538086
origin: 30 compressed: 8 ratio: 0.26666666666666666 time: 0.13749003410339355
origin: 30 compressed: 7 ratio: 0.23333333333333334 time: 0.1398944854736328
origin: 31 compressed: 9 ratio: 0.2903225806451613 time: 0.15361857414245605
origin: 33 compressed: 9 ratio: 0.2727272727272727 time: 0.14920878410339355
origin: 30 compressed: 9 ratio: 0.3 time: 0.13509178161621094
origin: 31 compressed: 6 ratio: 0.1935483870967742 time: 0.134185791015625
origin: 33 compressed: 11 ratio: 0.3333333333333333 time: 0.1648561954498291
origin: 29 compressed: 7 ratio: 0.2413793103448276 time: 0.14918994903564453
origin: 29 compressed: 8 ratio: 0.27586206896551724 time: 0.1220545768737793
origin: 28 compressed: 7 ratio: 0.25 time: 0.11167430877685547
origin: 31 compressed: 9 ratio: 0.2903225806451613 time: 0.14908671379089355
origin: 30 compressed: 11 ratio: 0.36666666666666664 time: 0.1326448917388916
origin: 30 compressed: 9 ratio: 0.3 time: 0.13677763938903809
origin: 33 compressed: 8 ratio: 0.24242424242424243 time: 0.12325668334960938
origin: 29 compressed: 6 ratio: 0.20689655172413793 time: 0.11449170112609863
origin: 34 compressed: 8 ratio: 0.23529411764705882 time: 0.1390237808227539
origin: 28 compressed: 9 ratio: 0.32142857142857145 time: 0.11678385734558105
origin: 29 compressed: 7 ratio: 0.2413793103448276 time: 0.12431955337524414
origin: 29 compressed: 9 ratio: 0.3103448275862069 time: 0.08986115455627441
origin: 26 compressed: 9 ratio: 0.34615384615384615 time: 0.08192157745361328
origin: 30 compressed: 6 ratio: 0.2 time: 0.1059567928314209
origin: 30 compressed: 7 ratio: 0.23333333333333334 time: 0.11443448066711426
origin: 26 compressed: 8 ratio: 0.3076923076923077 time: 0.1266157627105713
origin: 29 compressed: 6 ratio: 0.20689655172413793 time: 0.1307964324951172
origin: 34 compressed: 7 ratio: 0.20588235294117646 time: 0.14511656761169434
origin: 33 compressed: 8 ratio: 0.24242424242424243 time: 0.12993645668029785
origin: 33 compressed: 9 ratio: 0.2727272727272727 time: 0.14603281021118164
origin: 31 compressed: 9 ratio: 0.2903225806451613 time: 0.14551496505737305
origin: 31 compressed: 9 ratio: 0.2903225806451613 time: 0.1514272689819336
origin: 35 compressed: 8 ratio: 0.22857142857142856 time: 0.17232537269592285
origin: 28 compressed: 8 ratio: 0.2857142857142857 time: 0.14446187019348145
origin: 28 compressed: 10 ratio: 0.35714285714285715 time: 0.13890933990478516
origin: 25 compressed: 7 ratio: 0.28 time: 0.10314249992370605
origin: 33 compressed: 7 ratio: 0.21212121212121213 time: 0.10627532005310059
origin: 29 compressed: 9 ratio: 0.3103448275862069 time: 0.0943148136138916
origin: 32 compressed: 8 ratio: 0.25 time: 0.10008835792541504
origin: 30 compressed: 11 ratio: 0.36666666666666664 time: 0.11101841926574707
origin: 28 compressed: 7 ratio: 0.25 time: 0.1267075538635254
origin: 28 compressed: 5 ratio: 0.17857142857142858 time: 0.09998488426208496
origin: 30 compressed: 9 ratio: 0.3 time: 0.1066889762878418
origin: 31 compressed: 7 ratio: 0.22580645161290322 time: 0.12221574783325195
origin: 36 compressed: 10 ratio: 0.2777777777777778 time: 0.1580371856689453
origin: 31 compressed: 7 ratio: 0.22580645161290322 time: 0.14652442932128906
origin: 33 compressed: 7 ratio: 0.21212121212121213 time: 0.15372061729431152
origin: 35 compressed: 10 ratio: 0.2857142857142857 time: 0.16146612167358398
origin: 30 compressed: 7 ratio: 0.23333333333333334 time: 0.10989189147949219
origin: 29 compressed: 7 ratio: 0.2413793103448276 time: 0.12306547164916992
origin: 26 compressed: 9 ratio: 0.34615384615384615 time: 0.11270308494567871
origin: 30 compressed: 10 ratio: 0.3333333333333333 time: 0.14131569862365723
origin: 27 compressed: 8 ratio: 0.2962962962962963 time: 0.13826632499694824
origin: 26 compressed: 9 ratio: 0.34615384615384615 time: 0.12047195434570312
origin: 31 compressed: 8 ratio: 0.25806451612903225 time: 0.132887601852417
origin: 30 compressed: 9 ratio: 0.3 time: 0.12138938903808594
origin: 31 compressed: 9 ratio: 0.2903225806451613 time: 0.1384570598602295
origin: 30 compressed: 9 ratio: 0.3 time: 0.12612128257751465
origin: 33 compressed: 9 ratio: 0.2727272727272727 time: 0.16159725189208984
origin: 32 compressed: 9 ratio: 0.28125 time: 0.1479043960571289
origin: 28 compressed: 8 ratio: 0.2857142857142857 time: 0.12784290313720703
origin: 29 compressed: 7 ratio: 0.2413793103448276 time: 0.09033370018005371
origin: 30 compressed: 7 ratio: 0.23333333333333334 time: 0.12868738174438477
origin: 28 compressed: 9 ratio: 0.32142857142857145 time: 0.11922502517700195
origin: 26 compressed: 9 ratio: 0.34615384615384615 time: 0.11853647232055664
origin: 29 compressed: 8 ratio: 0.27586206896551724 time: 0.12796497344970703
origin: 34 compressed: 8 ratio: 0.23529411764705882 time: 0.1535184383392334
origin: 32 compressed: 9 ratio: 0.28125 time: 0.16249823570251465
origin: 28 compressed: 8 ratio: 0.2857142857142857 time: 0.11524200439453125
origin: 30 compressed: 9 ratio: 0.3 time: 0.1290264129638672
origin: 27 compressed: 7 ratio: 0.25925925925925924 time: 0.09188055992126465
origin: 26 compressed: 6 ratio: 0.23076923076923078 time: 0.11940479278564453
origin: 31 compressed: 9 ratio: 0.2903225806451613 time: 0.12272167205810547
origin: 30 compressed: 9 ratio: 0.3 time: 0.12270402908325195
origin: 30 compressed: 8 ratio: 0.26666666666666666 time: 0.12408828735351562
origin: 23 compressed: 9 ratio: 0.391304347826087 time: 0.09168362617492676
origin: 34 compressed: 7 ratio: 0.20588235294117646 time: 0.13185596466064453
origin: 34 compressed: 9 ratio: 0.2647058823529412 time: 0.11400437355041504
origin: 30 compressed: 7 ratio: 0.23333333333333334 time: 0.0949699878692627
origin: 33 compressed: 6 ratio: 0.18181818181818182 time: 0.12859225273132324
origin: 31 compressed: 8 ratio: 0.25806451612903225 time: 0.1312718391418457
