origin: 71.600000 compressed: 29.300000 ratio: 0.409361 mecstime: 0.273981
origin: 28.600000 compressed: 8.200000 ratio: 0.291425 mecstime: 0.043816
origin: 39.000000 compressed: 11.300000 ratio: 0.289097 mecstime: 0.062102
origin: 46.800000 compressed: 14.300000 ratio: 0.308115 mecstime: 0.078028
origin: 50.400000 compressed: 15.200000 ratio: 0.302334 mecstime: 0.094617
origin: 53.800000 compressed: 17.100000 ratio: 0.319282 mecstime: 0.106202
origin: 59.900000 compressed: 19.100000 ratio: 0.319228 mecstime: 0.128958
origin: 60.500000 compressed: 19.400000 ratio: 0.320663 mecstime: 0.135026
origin: 64.200000 compressed: 22.300000 ratio: 0.346714 mecstime: 0.159583
origin: 64.900000 compressed: 21.700000 ratio: 0.334333 mecstime: 0.163405
origin: 66.800000 compressed: 23.500000 ratio: 0.352305 mecstime: 0.181904
origin: 18.100000 compressed: 4.800000 ratio: 0.265614 mecstime: 0.031169
origin: 67.800000 compressed: 24.800000 ratio: 0.366074 mecstime: 0.184370
origin: 69.300000 compressed: 25.200000 ratio: 0.363587 mecstime: 0.203576
origin: 68.900000 compressed: 26.500000 ratio: 0.384550 mecstime: 0.214097
origin: 70.600000 compressed: 26.900000 ratio: 0.381148 mecstime: 0.224181
origin: 69.900000 compressed: 27.300000 ratio: 0.390267 mecstime: 0.238600
origin: 70.100000 compressed: 26.900000 ratio: 0.383707 mecstime: 0.245007
origin: 71.800000 compressed: 29.000000 ratio: 0.403636 mecstime: 0.255259
origin: 70.900000 compressed: 29.100000 ratio: 0.410111 mecstime: 0.270058
