origin: 17.500000 compressed: 4.200000 ratio: 0.239838 mecstime: 0.036890
origin: 28.500000 compressed: 8.000000 ratio: 0.284160 mecstime: 0.045002
origin: 39.000000 compressed: 11.300000 ratio: 0.289438 mecstime: 0.066918
origin: 44.000000 compressed: 14.100000 ratio: 0.319956 mecstime: 0.084883
origin: 51.600000 compressed: 17.100000 ratio: 0.331686 mecstime: 0.110313
origin: 54.600000 compressed: 18.500000 ratio: 0.339763 mecstime: 0.129158
origin: 58.400000 compressed: 21.300000 ratio: 0.365512 mecstime: 0.144764
origin: 61.600000 compressed: 22.700000 ratio: 0.370337 mecstime: 0.162785
origin: 63.000000 compressed: 24.200000 ratio: 0.384727 mecstime: 0.175006
origin: 62.600000 compressed: 24.500000 ratio: 0.391827 mecstime: 0.179970
origin: 66.800000 compressed: 25.500000 ratio: 0.382258 mecstime: 0.205221
origin: 68.800000 compressed: 28.800000 ratio: 0.418983 mecstime: 0.222640
origin: 67.500000 compressed: 29.200000 ratio: 0.432761 mecstime: 0.224657
origin: 68.300000 compressed: 28.500000 ratio: 0.416970 mecstime: 0.237722
origin: 69.400000 compressed: 34.000000 ratio: 0.489456 mecstime: 0.249839
origin: 70.300000 compressed: 33.700000 ratio: 0.478647 mecstime: 0.267995
origin: 70.700000 compressed: 36.000000 ratio: 0.509083 mecstime: 0.274107
origin: 70.800000 compressed: 34.400000 ratio: 0.486163 mecstime: 0.289549
origin: 71.600000 compressed: 37.700000 ratio: 0.525727 mecstime: 0.294104
origin: 72.300000 compressed: 37.700000 ratio: 0.521556 mecstime: 0.311647
