origin: 18.200000 compressed: 4.700000 ratio: 0.262319 mecstime: 0.048142
origin: 30.300000 compressed: 8.800000 ratio: 0.294288 mecstime: 0.095045
origin: 38.300000 compressed: 12.500000 ratio: 0.327522 mecstime: 0.135355
origin: 44.700000 compressed: 14.700000 ratio: 0.329842 mecstime: 0.178237
origin: 51.100000 compressed: 16.000000 ratio: 0.313323 mecstime: 0.223656
origin: 55.600000 compressed: 18.600000 ratio: 0.333865 mecstime: 0.267893
origin: 58.600000 compressed: 21.000000 ratio: 0.360111 mecstime: 0.304515
origin: 61.700000 compressed: 22.900000 ratio: 0.370161 mecstime: 0.339097
origin: 63.300000 compressed: 24.000000 ratio: 0.379425 mecstime: 0.369710
origin: 65.400000 compressed: 26.200000 ratio: 0.400493 mecstime: 0.407924
origin: 67.400000 compressed: 28.800000 ratio: 0.426427 mecstime: 0.437635
origin: 67.700000 compressed: 28.900000 ratio: 0.427604 mecstime: 0.457038
origin: 67.600000 compressed: 29.000000 ratio: 0.428810 mecstime: 0.473726
origin: 69.800000 compressed: 32.200000 ratio: 0.461222 mecstime: 0.502125
origin: 69.200000 compressed: 32.600000 ratio: 0.471616 mecstime: 0.505600
origin: 71.100000 compressed: 34.700000 ratio: 0.488160 mecstime: 0.554889
origin: 70.300000 compressed: 34.300000 ratio: 0.488641 mecstime: 0.556841
origin: 71.500000 compressed: 38.300000 ratio: 0.536382 mecstime: 0.600409
origin: 72.100000 compressed: 37.200000 ratio: 0.516020 mecstime: 0.628964
origin: 72.400000 compressed: 38.000000 ratio: 0.524446 mecstime: 0.642678
