5 0.264815 0.269668 0.257737 
10 0.277289 0.273238 0.270684 
15 0.280008 0.276166 0.285709 
20 0.306221 0.302806 0.300636 
25 0.303442 0.309109 0.286379 
30 0.315221 0.309340 0.316232 
35 0.310350 0.309430 0.301148 
40 0.347083 0.326837 0.318165 
45 0.357560 0.324568 0.305741 
50 0.354512 0.370228 0.317619 
55 0.370148 0.343049 0.360743 
60 0.358154 0.363929 0.345855 
65 0.382284 0.355812 0.344310 
70 0.400202 0.386978 0.377714 
75 0.389107 0.397583 0.363015 
80 0.397778 0.393803 0.385539 
85 0.419123 0.400376 0.384275 
90 0.413229 0.391522 0.399684 
95 0.418438 0.423016 0.422611 
100 0.420667 0.412754 0.407494 
