5 59.656000 57.009000 28.057000 
10 128.444000 127.266000 41.093000 
15 195.210000 178.420000 56.441000 
20 265.841000 225.210000 69.281000 
25 317.081000 280.869000 79.951000 
30 381.162000 342.355000 90.966000 
35 440.507000 360.356000 102.430000 
40 507.054000 403.041000 119.149000 
45 557.664000 437.545000 129.335000 
50 610.578000 500.903000 135.023000 
55 678.815000 545.660000 152.453000 
60 720.967000 573.081000 159.814000 
65 801.305000 653.642000 166.785000 
70 855.330000 642.322000 180.425000 
75 966.645000 704.835000 191.368000 
80 1134.483000 726.843000 196.797000 
85 1276.355000 780.571000 208.056000 
90 1403.403000 814.685000 219.946000 
95 1454.601000 863.245000 232.266000 
100 1519.529000 899.916000 235.431000 
