origin: 72.200000 compressed: 29.200000 ratio: 0.404309 mecstime: 0.243683
origin: 29.000000 compressed: 8.100000 ratio: 0.279935 mecstime: 0.041831
origin: 39.400000 compressed: 10.300000 ratio: 0.263388 mecstime: 0.057915
origin: 46.700000 compressed: 13.000000 ratio: 0.278287 mecstime: 0.070352
origin: 50.700000 compressed: 15.500000 ratio: 0.307061 mecstime: 0.079564
origin: 56.100000 compressed: 17.400000 ratio: 0.310011 mecstime: 0.095035
origin: 58.100000 compressed: 18.700000 ratio: 0.321975 mecstime: 0.106960
origin: 60.800000 compressed: 19.300000 ratio: 0.317856 mecstime: 0.122857
origin: 63.200000 compressed: 21.200000 ratio: 0.334820 mecstime: 0.133323
origin: 65.100000 compressed: 22.400000 ratio: 0.345255 mecstime: 0.145880
origin: 66.000000 compressed: 23.200000 ratio: 0.352193 mecstime: 0.155571
origin: 17.100000 compressed: 4.600000 ratio: 0.274423 mecstime: 0.027213
origin: 68.000000 compressed: 24.900000 ratio: 0.366417 mecstime: 0.161187
origin: 68.900000 compressed: 26.000000 ratio: 0.377412 mecstime: 0.179217
origin: 69.500000 compressed: 25.900000 ratio: 0.372903 mecstime: 0.188504
origin: 70.200000 compressed: 27.100000 ratio: 0.385844 mecstime: 0.196067
origin: 70.300000 compressed: 26.900000 ratio: 0.382903 mecstime: 0.206553
origin: 71.000000 compressed: 28.600000 ratio: 0.402835 mecstime: 0.216727
origin: 71.100000 compressed: 29.900000 ratio: 0.421307 mecstime: 0.230257
origin: 71.400000 compressed: 28.800000 ratio: 0.403455 mecstime: 0.237583
