origin: 71.500000 compressed: 37.900000 ratio: 0.530279 mecstime: 0.307143
origin: 28.900000 compressed: 7.500000 ratio: 0.259312 mecstime: 0.045691
origin: 38.900000 compressed: 10.700000 ratio: 0.276154 mecstime: 0.067108
origin: 44.900000 compressed: 13.800000 ratio: 0.308594 mecstime: 0.086736
origin: 49.100000 compressed: 16.200000 ratio: 0.330713 mecstime: 0.107249
origin: 57.500000 compressed: 19.100000 ratio: 0.331784 mecstime: 0.134453
origin: 58.800000 compressed: 21.500000 ratio: 0.365653 mecstime: 0.147553
origin: 62.200000 compressed: 23.600000 ratio: 0.379033 mecstime: 0.169701
origin: 62.700000 compressed: 23.600000 ratio: 0.376876 mecstime: 0.179097
origin: 66.000000 compressed: 26.600000 ratio: 0.402310 mecstime: 0.195248
origin: 66.000000 compressed: 28.700000 ratio: 0.436317 mecstime: 0.203246
origin: 18.800000 compressed: 4.600000 ratio: 0.244489 mecstime: 0.029859
origin: 68.200000 compressed: 30.800000 ratio: 0.451910 mecstime: 0.220467
origin: 67.500000 compressed: 30.200000 ratio: 0.447079 mecstime: 0.226243
origin: 69.400000 compressed: 30.100000 ratio: 0.434084 mecstime: 0.247503
origin: 70.400000 compressed: 32.800000 ratio: 0.465817 mecstime: 0.261503
origin: 70.500000 compressed: 34.800000 ratio: 0.493577 mecstime: 0.270997
origin: 71.200000 compressed: 35.700000 ratio: 0.501418 mecstime: 0.283834
origin: 71.300000 compressed: 37.600000 ratio: 0.527084 mecstime: 0.295872
origin: 71.400000 compressed: 38.100000 ratio: 0.534051 mecstime: 0.302850
