origin: 17.200000 compressed: 4.400000 ratio: 0.257737 mecstime: 0.028057
origin: 30.100000 compressed: 8.100000 ratio: 0.270684 mecstime: 0.041093
origin: 39.900000 compressed: 11.400000 ratio: 0.285709 mecstime: 0.056441
origin: 46.700000 compressed: 14.000000 ratio: 0.300636 mecstime: 0.069281
origin: 51.500000 compressed: 14.700000 ratio: 0.286379 mecstime: 0.079951
origin: 55.500000 compressed: 17.500000 ratio: 0.316232 mecstime: 0.090966
origin: 59.800000 compressed: 18.000000 ratio: 0.301148 mecstime: 0.102430
origin: 61.800000 compressed: 19.600000 ratio: 0.318165 mecstime: 0.119149
origin: 65.100000 compressed: 19.900000 ratio: 0.305741 mecstime: 0.129335
origin: 65.000000 compressed: 20.600000 ratio: 0.317619 mecstime: 0.135023
origin: 66.400000 compressed: 23.900000 ratio: 0.360743 mecstime: 0.152453
origin: 68.300000 compressed: 23.600000 ratio: 0.345855 mecstime: 0.159814
origin: 68.600000 compressed: 23.600000 ratio: 0.344310 mecstime: 0.166785
origin: 69.400000 compressed: 26.200000 ratio: 0.377714 mecstime: 0.180425
origin: 70.000000 compressed: 25.400000 ratio: 0.363015 mecstime: 0.191368
origin: 70.600000 compressed: 27.200000 ratio: 0.385539 mecstime: 0.196797
origin: 70.300000 compressed: 27.000000 ratio: 0.384275 mecstime: 0.208056
origin: 70.600000 compressed: 28.200000 ratio: 0.399684 mecstime: 0.219946
origin: 72.200000 compressed: 30.500000 ratio: 0.422611 mecstime: 0.232266
origin: 71.900000 compressed: 29.300000 ratio: 0.407494 mecstime: 0.235431
